2018/07/02 15:26:34 [INFO] Created default configuration file at /Users/vladislavivanov/HLF/pcxchg/__crypto-config/peerOrganizations/Amazon.com/ca/root/fabric-ca-server-config.yaml
2018/07/02 15:26:34 [INFO] Starting server in home directory: /Users/vladislavivanov/HLF/pcxchg/__crypto-config/peerOrganizations/Amazon.com/ca/root
2018/07/02 15:26:34 [INFO] Server Version: 1.1.1-snapshot-e656889
2018/07/02 15:26:34 [INFO] Server Levels: &{Identity:1 Affiliation:1 Certificate:1}
2018/07/02 15:26:34 [DEBUG] Making server filenames absolute
2018/07/02 15:26:34 [DEBUG] Initializing default CA in directory /Users/vladislavivanov/HLF/pcxchg/__crypto-config/peerOrganizations/Amazon.com/ca/root
2018/07/02 15:26:34 [DEBUG] Init CA with home /Users/vladislavivanov/HLF/pcxchg/__crypto-config/peerOrganizations/Amazon.com/ca/root and config {Version:1.1.1-snapshot-e656889 Cfg:{Identities:{AllowRemove:false} Affiliations:{AllowRemove:false}} CA:{Name: Keyfile: Certfile:ca-cert.pem Chainfile:ca-chain.pem} Signing:0xc42032fa70 CSR:{CN:fabric-ca-server Names:[{C:US ST:North Carolina L: O:Hyperledger OU:Fabric SerialNumber:}] Hosts:[Vladislavs-MacBook-Pro.local localhost] KeyRequest:<nil> CA:0xc4202c3c20 SerialNumber:} Registry:{MaxEnrollments:-1 Identities:[{ Name:**** Pass:**** Type:client Affiliation: MaxEnrollments:0 Attrs:map[hf.Registrar.DelegateRoles:peer,orderer,client,user hf.Revoker:1 hf.IntermediateCA:1 hf.GenCRL:1 hf.Registrar.Attributes:* hf.AffiliationMgr:1 hf.Registrar.Roles:peer,orderer,client,user]  }]} Affiliations:map[org1:[department1 department2] org2:[department1]] LDAP:{ Enabled:false URL:ldap://****:****@<host>:<port>/<base> UserFilter:(uid=%s) GroupFilter:(memberUid=%s) Attribute:{[uid member] [{ }] map[groups:[{ }]]} TLS:{false [] { }}  } DB:{ Type:sqlite3 Datasource:fabric-ca-server.db TLS:{false [] { }}  } CSP:0xc420328ab0 Client:<nil> Intermediate:{ParentServer:{ URL: CAName:  } TLS:{Enabled:false CertFiles:[] Client:{KeyFile: CertFile:}} Enrollment:{ Name: Secret:**** Profile: Label: CSR:<nil> CAName: AttrReqs:[]  }} CRL:{Expiry:24h0m0s}}
2018/07/02 15:26:34 [DEBUG] CA Home Directory: /Users/vladislavivanov/HLF/pcxchg/__crypto-config/peerOrganizations/Amazon.com/ca/root
2018/07/02 15:26:34 [DEBUG] Checking configuration file version '1.1.1-snapshot-e656889' against server version: '1.1.1-snapshot-e656889'
2018/07/02 15:26:34 [DEBUG] Initializing BCCSP: &{ProviderName:SW SwOpts:0xc420328b10 PluginOpts:<nil> Pkcs11Opts:<nil>}
2018/07/02 15:26:34 [DEBUG] Initializing BCCSP with software options &{SecLevel:256 HashFamily:SHA2 Ephemeral:false FileKeystore:0xc420348960 DummyKeystore:<nil>}
2018/07/02 15:26:34 [DEBUG] Initialize key material
2018/07/02 15:26:34 [DEBUG] Making CA filenames absolute
2018/07/02 15:26:34 [DEBUG] Root CA certificate request: {CN:fabric-ca-server Names:[{C:US ST:North Carolina L: O:Hyperledger OU:Fabric SerialNumber:}] Hosts:[Vladislavs-MacBook-Pro.local localhost] KeyRequest:0xc420342d00 CA:0xc4202c3c20 SerialNumber:}
2018/07/02 15:26:34 [INFO] generating key: &{A:ecdsa S:256}
2018/07/02 15:26:34 [DEBUG] generate key from request: algo=ecdsa, size=256
2018/07/02 15:26:34 [INFO] encoded CSR
2018/07/02 15:26:34 [DEBUG] validating configuration
2018/07/02 15:26:34 [DEBUG] validate local profile
2018/07/02 15:26:34 [DEBUG] profile is valid
2018/07/02 15:26:34 [INFO] signed certificate with serial number 221823847425482327035080038832945628341050612362
2018/07/02 15:26:34 [INFO] The CA key and certificate were generated for CA 
2018/07/02 15:26:34 [INFO] The key was stored by BCCSP provider 'SW'
2018/07/02 15:26:34 [INFO] The certificate is at: /Users/vladislavivanov/HLF/pcxchg/__crypto-config/peerOrganizations/Amazon.com/ca/root/ca-cert.pem
2018/07/02 15:26:34 [DEBUG] Initializing DB
2018/07/02 15:26:34 [DEBUG] Initializing 'sqlite3' database at '/Users/vladislavivanov/HLF/pcxchg/__crypto-config/peerOrganizations/Amazon.com/ca/root/fabric-ca-server.db'
2018/07/02 15:26:34 [DEBUG] Using sqlite database, connect to database in home (/Users/vladislavivanov/HLF/pcxchg/__crypto-config/peerOrganizations/Amazon.com/ca/root/fabric-ca-server.db) directory
2018/07/02 15:26:34 [DEBUG] Creating SQLite database (/Users/vladislavivanov/HLF/pcxchg/__crypto-config/peerOrganizations/Amazon.com/ca/root/fabric-ca-server.db) if it does not exist...
2018/07/02 15:26:34 [DEBUG] Creating users table if it does not exist
2018/07/02 15:26:34 [DEBUG] Creating affiliations table if it does not exist
2018/07/02 15:26:34 [DEBUG] Creating certificates table if it does not exist
2018/07/02 15:26:34 [DEBUG] Creating properties table if it does not exist
2018/07/02 15:26:34 [DEBUG] Successfully opened sqlite3 DB
2018/07/02 15:26:34 [DEBUG] Checking database schema...
2018/07/02 15:26:34 [DEBUG] Update SQLite schema, if using outdated schema
2018/07/02 15:26:34 [DEBUG] Upgrade identities table
2018/07/02 15:26:34 [DEBUG] Creating users table if it does not exist
2018/07/02 15:26:34 [DEBUG] Upgrade affiliation table
2018/07/02 15:26:34 [DEBUG] Creating affiliations table if it does not exist
2018/07/02 15:26:34 [DEBUG] Upgrade certificates table
2018/07/02 15:26:34 [DEBUG] Creating certificates table if it does not exist
2018/07/02 15:26:34 [DEBUG] Initializing identity registry
2018/07/02 15:26:34 [DEBUG] Initialized DB identity registry
2018/07/02 15:26:34 [DEBUG] DB: Get properties [identity.level affiliation.level certificate.level]
2018/07/02 15:26:34 [DEBUG] Checking database levels 'map[affiliation.level:0 certificate.level:0 identity.level:0]' against server levels '&{Identity:1 Affiliation:1 Certificate:1}'
2018/07/02 15:26:34 [DEBUG] Loading identity table
2018/07/02 15:26:34 [DEBUG] Loading identity 'admin'
2018/07/02 15:26:34 [DEBUG] DB: Getting identity admin
2018/07/02 15:26:34 [DEBUG] Max enrollment value verification - User specified max enrollment: 0, CA max enrollment: -1
2018/07/02 15:26:34 [DEBUG] DB: Add identity admin
2018/07/02 15:26:34 [DEBUG] Successfully added identity admin to the database
2018/07/02 15:26:34 [DEBUG] Registered identity: { Name:**** Pass:**** Type:client Affiliation: MaxEnrollments:-1 Attrs:map[hf.IntermediateCA:1 hf.GenCRL:1 hf.Registrar.Attributes:* hf.AffiliationMgr:1 hf.Registrar.Roles:peer,orderer,client,user hf.Registrar.DelegateRoles:peer,orderer,client,user hf.Revoker:1]  }
2018/07/02 15:26:34 [DEBUG] Successfully loaded identity table
2018/07/02 15:26:34 [DEBUG] Loading affiliations table
2018/07/02 15:26:34 [DEBUG] DB: Add affiliation org1
2018/07/02 15:26:34 [DEBUG] Affiliation 'org1' added
2018/07/02 15:26:34 [DEBUG] DB: Add affiliation org1.department1
2018/07/02 15:26:34 [DEBUG] Affiliation 'org1.department1' added
2018/07/02 15:26:34 [DEBUG] DB: Add affiliation org1.department2
2018/07/02 15:26:34 [DEBUG] Affiliation 'org1.department2' added
2018/07/02 15:26:34 [DEBUG] DB: Add affiliation org2
2018/07/02 15:26:34 [DEBUG] Affiliation 'org2' added
2018/07/02 15:26:34 [DEBUG] DB: Add affiliation org2.department1
2018/07/02 15:26:34 [DEBUG] Affiliation 'org2.department1' added
2018/07/02 15:26:34 [DEBUG] Successfully loaded affiliations table
2018/07/02 15:26:34 [DEBUG] Checking and performing migration, if needed
2018/07/02 15:26:34 [DEBUG] Updating database level to &{Identity:1 Affiliation:1 Certificate:1}
2018/07/02 15:26:34 [INFO] Initialized sqlite3 database at /Users/vladislavivanov/HLF/pcxchg/__crypto-config/peerOrganizations/Amazon.com/ca/root/fabric-ca-server.db
2018/07/02 15:26:34 [DEBUG] Initializing enrollment signer
2018/07/02 15:26:34 [DEBUG] validating configuration
2018/07/02 15:26:34 [DEBUG] validate local profile
2018/07/02 15:26:34 [DEBUG] profile is valid
2018/07/02 15:26:34 [DEBUG] validate local profile
2018/07/02 15:26:34 [DEBUG] profile is valid
2018/07/02 15:26:34 [DEBUG] validate local profile
2018/07/02 15:26:34 [DEBUG] profile is valid
2018/07/02 15:26:34 [DEBUG] CA initialization successful
2018/07/02 15:26:34 [INFO] Home directory for default CA: /Users/vladislavivanov/HLF/pcxchg/__crypto-config/peerOrganizations/Amazon.com/ca/root
2018/07/02 15:26:34 [DEBUG] 1 CA instance(s) running on server
2018/07/02 15:26:34 [INFO] Listening on http://0.0.0.0:7104
2018/07/02 15:26:35 [DEBUG] Received request for /enroll
2018/07/02 15:26:35 [DEBUG] ca.Config: &{Version:1.1.1-snapshot-e656889 Cfg:{Identities:{AllowRemove:false} Affiliations:{AllowRemove:false}} CA:{Name: Keyfile:/Users/vladislavivanov/HLF/pcxchg/__crypto-config/peerOrganizations/Amazon.com/ca/root/ca-key.pem Certfile:/Users/vladislavivanov/HLF/pcxchg/__crypto-config/peerOrganizations/Amazon.com/ca/root/ca-cert.pem Chainfile:/Users/vladislavivanov/HLF/pcxchg/__crypto-config/peerOrganizations/Amazon.com/ca/root/ca-chain.pem} Signing:0xc42032fa70 CSR:{CN:fabric-ca-server Names:[{C:US ST:North Carolina L: O:Hyperledger OU:Fabric SerialNumber:}] Hosts:[Vladislavs-MacBook-Pro.local localhost] KeyRequest:0xc420342ce0 CA:0xc4202c3c20 SerialNumber:} Registry:{MaxEnrollments:-1 Identities:[{ Name:**** Pass:**** Type:client Affiliation: MaxEnrollments:0 Attrs:map[hf.Registrar.DelegateRoles:peer,orderer,client,user hf.Revoker:1 hf.IntermediateCA:1 hf.GenCRL:1 hf.Registrar.Attributes:* hf.AffiliationMgr:1 hf.Registrar.Roles:peer,orderer,client,user]  }]} Affiliations:map[org1:[department1 department2] org2:[department1]] LDAP:{ Enabled:false URL:ldap://****:****@<host>:<port>/<base> UserFilter:(uid=%s) GroupFilter:(memberUid=%s) Attribute:{[uid member] [{ }] map[groups:[{ }]]} TLS:{false [] { }}  } DB:{ Type:sqlite3 Datasource:/Users/vladislavivanov/HLF/pcxchg/__crypto-config/peerOrganizations/Amazon.com/ca/root/fabric-ca-server.db TLS:{false [] { }}  } CSP:0xc420328ab0 Client:<nil> Intermediate:{ParentServer:{ URL: CAName:  } TLS:{Enabled:false CertFiles:[] Client:{KeyFile: CertFile:}} Enrollment:{ Name: Secret:**** Profile: Label: CSR:<nil> CAName: AttrReqs:[]  }} CRL:{Expiry:24h0m0s}}
2018/07/02 15:26:35 [DEBUG] DB: Getting identity admin
2018/07/02 15:26:35 [DEBUG] DB: Login user admin with max enrollments of -1 and state of 0
2018/07/02 15:26:35 [DEBUG] DB: identity admin successfully logged in
2018/07/02 15:26:35 [DEBUG] Processing sign request: id=admin, CommonName=admin, Subject=<nil>
2018/07/02 15:26:35 [DEBUG] Request is not for a CA signing certificate
2018/07/02 15:26:35 [DEBUG] Checking CSR fields to make sure that they do not exceed maximum character limits
2018/07/02 15:26:35 [DEBUG] DB: Getting identity admin
2018/07/02 15:26:35 [DEBUG] Finished processing sign request
2018/07/02 15:26:35 [DEBUG] DB: Getting identity admin
2018/07/02 15:26:35 [INFO] signed certificate with serial number 62500168791915523627152380378691923637148859475
2018/07/02 15:26:35 [DEBUG] DB: Insert Certificate
2018/07/02 15:26:35 [DEBUG] Saved serial number as hex af29ac059d0abfcb98ffcfa6a516edffb1c3c53
2018/07/02 15:26:35 [DEBUG] saved certificate with serial number 62500168791915523627152380378691923637148859475
2018/07/02 15:26:35 [DEBUG] Successfully incremented state for identity admin to 1
2018/07/02 15:26:35 [INFO] 127.0.0.1:65308 POST /enroll 201 0 "OK"
2018/07/02 15:26:35 [DEBUG] Received request for /enroll
2018/07/02 15:26:35 [DEBUG] ca.Config: &{Version:1.1.1-snapshot-e656889 Cfg:{Identities:{AllowRemove:false} Affiliations:{AllowRemove:false}} CA:{Name: Keyfile:/Users/vladislavivanov/HLF/pcxchg/__crypto-config/peerOrganizations/Amazon.com/ca/root/ca-key.pem Certfile:/Users/vladislavivanov/HLF/pcxchg/__crypto-config/peerOrganizations/Amazon.com/ca/root/ca-cert.pem Chainfile:/Users/vladislavivanov/HLF/pcxchg/__crypto-config/peerOrganizations/Amazon.com/ca/root/ca-chain.pem} Signing:0xc42032fa70 CSR:{CN:fabric-ca-server Names:[{C:US ST:North Carolina L: O:Hyperledger OU:Fabric SerialNumber:}] Hosts:[Vladislavs-MacBook-Pro.local localhost] KeyRequest:0xc420342ce0 CA:0xc4202c3c20 SerialNumber:} Registry:{MaxEnrollments:-1 Identities:[{ Name:**** Pass:**** Type:client Affiliation: MaxEnrollments:0 Attrs:map[hf.Registrar.DelegateRoles:peer,orderer,client,user hf.Revoker:1 hf.IntermediateCA:1 hf.GenCRL:1 hf.Registrar.Attributes:* hf.AffiliationMgr:1 hf.Registrar.Roles:peer,orderer,client,user]  }]} Affiliations:map[org2:[department1] org1:[department1 department2]] LDAP:{ Enabled:false URL:ldap://****:****@<host>:<port>/<base> UserFilter:(uid=%s) GroupFilter:(memberUid=%s) Attribute:{[uid member] [{ }] map[groups:[{ }]]} TLS:{false [] { }}  } DB:{ Type:sqlite3 Datasource:/Users/vladislavivanov/HLF/pcxchg/__crypto-config/peerOrganizations/Amazon.com/ca/root/fabric-ca-server.db TLS:{false [] { }}  } CSP:0xc420328ab0 Client:<nil> Intermediate:{ParentServer:{ URL: CAName:  } TLS:{Enabled:false CertFiles:[] Client:{KeyFile: CertFile:}} Enrollment:{ Name: Secret:**** Profile: Label: CSR:<nil> CAName: AttrReqs:[]  }} CRL:{Expiry:24h0m0s}}
2018/07/02 15:26:35 [DEBUG] DB: Getting identity admin
2018/07/02 15:26:35 [DEBUG] DB: Login user admin with max enrollments of -1 and state of 1
2018/07/02 15:26:35 [DEBUG] DB: identity admin successfully logged in
2018/07/02 15:26:35 [DEBUG] Processing sign request: id=admin, CommonName=admin, Subject=<nil>
2018/07/02 15:26:35 [DEBUG] Request is not for a CA signing certificate
2018/07/02 15:26:35 [DEBUG] Checking CSR fields to make sure that they do not exceed maximum character limits
2018/07/02 15:26:35 [DEBUG] DB: Getting identity admin
2018/07/02 15:26:35 [DEBUG] Finished processing sign request
2018/07/02 15:26:35 [DEBUG] DB: Getting identity admin
2018/07/02 15:26:35 [INFO] signed certificate with serial number 442086919391879117130049693160728977941973427609
2018/07/02 15:26:35 [DEBUG] DB: Insert Certificate
2018/07/02 15:26:35 [DEBUG] Saved serial number as hex 4d6fdcf2cb409de318a8f9c271966d3e970be599
2018/07/02 15:26:35 [DEBUG] saved certificate with serial number 442086919391879117130049693160728977941973427609
2018/07/02 15:26:35 [DEBUG] Successfully incremented state for identity admin to 2
2018/07/02 15:26:35 [INFO] 127.0.0.1:65311 POST /enroll 201 0 "OK"
2018/07/02 15:26:35 [DEBUG] Received request for /register
2018/07/02 15:26:35 [DEBUG] Checking for revocation/expiration of certificate owned by 'admin'
2018/07/02 15:26:35 [DEBUG] DB: Get certificate by serial (4d6fdcf2cb409de318a8f9c271966d3e970be599) and aki (282329a5dc84b59f358768b13d61cb9bd97283ec)
2018/07/02 15:26:35 [DEBUG] Successful token authentication of 'admin'
2018/07/02 15:26:35 [DEBUG] Received registration request from admin: { Name:nodeAdmin Type:user Secret:**** MaxEnrollments:0 Affiliation:org1 Attributes:[] CAName:  }
2018/07/02 15:26:35 [DEBUG] DB: Getting identity admin
2018/07/02 15:26:35 [DEBUG] canRegister - Check to see if user 'admin' can register
2018/07/02 15:26:35 [DEBUG] Checking to see if caller 'admin' is a registrar
2018/07/02 15:26:35 [DEBUG] Validate Affiliation
2018/07/02 15:26:35 [DEBUG] Checking to see if affiliation 'org1' contains caller's affiliation ''
2018/07/02 15:26:35 [DEBUG] Caller has root affiliation
2018/07/02 15:26:35 [DEBUG] Validate ID
2018/07/02 15:26:35 [DEBUG] Validating affiliation: org1
2018/07/02 15:26:35 [DEBUG] DB: Get affiliation org1
2018/07/02 15:26:35 [DEBUG] Registering user id: nodeAdmin
2018/07/02 15:26:35 [DEBUG] Max enrollment value verification - User specified max enrollment: 0, CA max enrollment: -1
2018/07/02 15:26:35 [DEBUG] DB: Getting identity nodeAdmin
2018/07/02 15:26:35 [DEBUG] DB: Add identity nodeAdmin
2018/07/02 15:26:35 [DEBUG] Successfully added identity nodeAdmin to the database
2018/07/02 15:26:35 [INFO] 127.0.0.1:65314 POST /register 201 0 "OK"
2018/07/02 15:26:35 [DEBUG] Received request for /enroll
2018/07/02 15:26:35 [DEBUG] ca.Config: &{Version:1.1.1-snapshot-e656889 Cfg:{Identities:{AllowRemove:false} Affiliations:{AllowRemove:false}} CA:{Name: Keyfile:/Users/vladislavivanov/HLF/pcxchg/__crypto-config/peerOrganizations/Amazon.com/ca/root/ca-key.pem Certfile:/Users/vladislavivanov/HLF/pcxchg/__crypto-config/peerOrganizations/Amazon.com/ca/root/ca-cert.pem Chainfile:/Users/vladislavivanov/HLF/pcxchg/__crypto-config/peerOrganizations/Amazon.com/ca/root/ca-chain.pem} Signing:0xc42032fa70 CSR:{CN:fabric-ca-server Names:[{C:US ST:North Carolina L: O:Hyperledger OU:Fabric SerialNumber:}] Hosts:[Vladislavs-MacBook-Pro.local localhost] KeyRequest:0xc420342ce0 CA:0xc4202c3c20 SerialNumber:} Registry:{MaxEnrollments:-1 Identities:[{ Name:**** Pass:**** Type:client Affiliation: MaxEnrollments:0 Attrs:map[hf.IntermediateCA:1 hf.GenCRL:1 hf.Registrar.Attributes:* hf.AffiliationMgr:1 hf.Registrar.Roles:peer,orderer,client,user hf.Registrar.DelegateRoles:peer,orderer,client,user hf.Revoker:1]  }]} Affiliations:map[org1:[department1 department2] org2:[department1]] LDAP:{ Enabled:false URL:ldap://****:****@<host>:<port>/<base> UserFilter:(uid=%s) GroupFilter:(memberUid=%s) Attribute:{[uid member] [{ }] map[groups:[{ }]]} TLS:{false [] { }}  } DB:{ Type:sqlite3 Datasource:/Users/vladislavivanov/HLF/pcxchg/__crypto-config/peerOrganizations/Amazon.com/ca/root/fabric-ca-server.db TLS:{false [] { }}  } CSP:0xc420328ab0 Client:<nil> Intermediate:{ParentServer:{ URL: CAName:  } TLS:{Enabled:false CertFiles:[] Client:{KeyFile: CertFile:}} Enrollment:{ Name: Secret:**** Profile: Label: CSR:<nil> CAName: AttrReqs:[]  }} CRL:{Expiry:24h0m0s}}
2018/07/02 15:26:35 [DEBUG] DB: Getting identity nodeAdmin
2018/07/02 15:26:35 [DEBUG] DB: Login user nodeAdmin with max enrollments of -1 and state of 0
2018/07/02 15:26:35 [DEBUG] DB: identity nodeAdmin successfully logged in
2018/07/02 15:26:35 [DEBUG] Processing sign request: id=nodeAdmin, CommonName=nodeAdmin, Subject=<nil>
2018/07/02 15:26:35 [DEBUG] Request is not for a CA signing certificate
2018/07/02 15:26:35 [DEBUG] Checking CSR fields to make sure that they do not exceed maximum character limits
2018/07/02 15:26:35 [DEBUG] DB: Getting identity nodeAdmin
2018/07/02 15:26:35 [DEBUG] Finished processing sign request
2018/07/02 15:26:35 [DEBUG] DB: Getting identity nodeAdmin
2018/07/02 15:26:35 [DEBUG] Attribute extension being added to certificate is: &{ID:[1 2 3 4 5 6 7 8 1] Critical:false Value:7b226174747273223a7b2268662e416666696c696174696f6e223a226f726731222c2268662e456e726f6c6c6d656e744944223a226e6f646541646d696e222c2268662e54797065223a2275736572227d7d}
2018/07/02 15:26:35 [DEBUG] Adding attribute extension to CSR: &{ID:[1 2 3 4 5 6 7 8 1] Critical:false Value:7b226174747273223a7b2268662e416666696c696174696f6e223a226f726731222c2268662e456e726f6c6c6d656e744944223a226e6f646541646d696e222c2268662e54797065223a2275736572227d7d}
2018/07/02 15:26:35 [INFO] signed certificate with serial number 675235812691857554541717949023872814001799677534
2018/07/02 15:26:35 [DEBUG] DB: Insert Certificate
2018/07/02 15:26:35 [DEBUG] Saved serial number as hex 76469efc3afdec2a6075a6af15f2ee36da5dc65e
2018/07/02 15:26:35 [DEBUG] saved certificate with serial number 675235812691857554541717949023872814001799677534
2018/07/02 15:26:35 [DEBUG] Successfully incremented state for identity nodeAdmin to 1
2018/07/02 15:26:35 [INFO] 127.0.0.1:65317 POST /enroll 201 0 "OK"
2018/07/02 15:26:35 [DEBUG] Received request for /register
2018/07/02 15:26:35 [DEBUG] Checking for revocation/expiration of certificate owned by 'admin'
2018/07/02 15:26:35 [DEBUG] DB: Get certificate by serial (4d6fdcf2cb409de318a8f9c271966d3e970be599) and aki (282329a5dc84b59f358768b13d61cb9bd97283ec)
2018/07/02 15:26:35 [DEBUG] Successful token authentication of 'admin'
2018/07/02 15:26:35 [DEBUG] Received registration request from admin: { Name:User1@Amazon.com Type:user Secret:**** MaxEnrollments:0 Affiliation:org1 Attributes:[] CAName:  }
2018/07/02 15:26:35 [DEBUG] DB: Getting identity admin
2018/07/02 15:26:35 [DEBUG] canRegister - Check to see if user 'admin' can register
2018/07/02 15:26:35 [DEBUG] Checking to see if caller 'admin' is a registrar
2018/07/02 15:26:35 [DEBUG] Validate Affiliation
2018/07/02 15:26:35 [DEBUG] Checking to see if affiliation 'org1' contains caller's affiliation ''
2018/07/02 15:26:35 [DEBUG] Caller has root affiliation
2018/07/02 15:26:35 [DEBUG] Validate ID
2018/07/02 15:26:35 [DEBUG] Validating affiliation: org1
2018/07/02 15:26:35 [DEBUG] DB: Get affiliation org1
2018/07/02 15:26:35 [DEBUG] Registering user id: User1@Amazon.com
2018/07/02 15:26:35 [DEBUG] Max enrollment value verification - User specified max enrollment: 0, CA max enrollment: -1
2018/07/02 15:26:35 [DEBUG] DB: Getting identity User1@Amazon.com
2018/07/02 15:26:35 [DEBUG] DB: Add identity User1@Amazon.com
2018/07/02 15:26:35 [DEBUG] Successfully added identity User1@Amazon.com to the database
2018/07/02 15:26:35 [INFO] 127.0.0.1:65321 POST /register 201 0 "OK"
2018/07/02 15:26:36 [DEBUG] Received request for /enroll
2018/07/02 15:26:36 [DEBUG] ca.Config: &{Version:1.1.1-snapshot-e656889 Cfg:{Identities:{AllowRemove:false} Affiliations:{AllowRemove:false}} CA:{Name: Keyfile:/Users/vladislavivanov/HLF/pcxchg/__crypto-config/peerOrganizations/Amazon.com/ca/root/ca-key.pem Certfile:/Users/vladislavivanov/HLF/pcxchg/__crypto-config/peerOrganizations/Amazon.com/ca/root/ca-cert.pem Chainfile:/Users/vladislavivanov/HLF/pcxchg/__crypto-config/peerOrganizations/Amazon.com/ca/root/ca-chain.pem} Signing:0xc42032fa70 CSR:{CN:fabric-ca-server Names:[{C:US ST:North Carolina L: O:Hyperledger OU:Fabric SerialNumber:}] Hosts:[Vladislavs-MacBook-Pro.local localhost] KeyRequest:0xc420342ce0 CA:0xc4202c3c20 SerialNumber:} Registry:{MaxEnrollments:-1 Identities:[{ Name:**** Pass:**** Type:client Affiliation: MaxEnrollments:0 Attrs:map[hf.Revoker:1 hf.IntermediateCA:1 hf.GenCRL:1 hf.Registrar.Attributes:* hf.AffiliationMgr:1 hf.Registrar.Roles:peer,orderer,client,user hf.Registrar.DelegateRoles:peer,orderer,client,user]  }]} Affiliations:map[org1:[department1 department2] org2:[department1]] LDAP:{ Enabled:false URL:ldap://****:****@<host>:<port>/<base> UserFilter:(uid=%s) GroupFilter:(memberUid=%s) Attribute:{[uid member] [{ }] map[groups:[{ }]]} TLS:{false [] { }}  } DB:{ Type:sqlite3 Datasource:/Users/vladislavivanov/HLF/pcxchg/__crypto-config/peerOrganizations/Amazon.com/ca/root/fabric-ca-server.db TLS:{false [] { }}  } CSP:0xc420328ab0 Client:<nil> Intermediate:{ParentServer:{ URL: CAName:  } TLS:{Enabled:false CertFiles:[] Client:{KeyFile: CertFile:}} Enrollment:{ Name: Secret:**** Profile: Label: CSR:<nil> CAName: AttrReqs:[]  }} CRL:{Expiry:24h0m0s}}
2018/07/02 15:26:36 [DEBUG] DB: Getting identity User1@Amazon.com
2018/07/02 15:26:36 [DEBUG] DB: Login user User1@Amazon.com with max enrollments of -1 and state of 0
2018/07/02 15:26:36 [DEBUG] DB: identity User1@Amazon.com successfully logged in
2018/07/02 15:26:36 [DEBUG] Processing sign request: id=User1@Amazon.com, CommonName=User1@Amazon.com, Subject=<nil>
2018/07/02 15:26:36 [DEBUG] Request is not for a CA signing certificate
2018/07/02 15:26:36 [DEBUG] Checking CSR fields to make sure that they do not exceed maximum character limits
2018/07/02 15:26:36 [DEBUG] DB: Getting identity User1@Amazon.com
2018/07/02 15:26:36 [DEBUG] Finished processing sign request
2018/07/02 15:26:36 [DEBUG] DB: Getting identity User1@Amazon.com
2018/07/02 15:26:36 [DEBUG] Attribute extension being added to certificate is: &{ID:[1 2 3 4 5 6 7 8 1] Critical:false Value:7b226174747273223a7b2268662e416666696c696174696f6e223a226f726731222c2268662e456e726f6c6c6d656e744944223a22557365723140416d617a6f6e2e636f6d222c2268662e54797065223a2275736572227d7d}
2018/07/02 15:26:36 [DEBUG] Adding attribute extension to CSR: &{ID:[1 2 3 4 5 6 7 8 1] Critical:false Value:7b226174747273223a7b2268662e416666696c696174696f6e223a226f726731222c2268662e456e726f6c6c6d656e744944223a22557365723140416d617a6f6e2e636f6d222c2268662e54797065223a2275736572227d7d}
2018/07/02 15:26:36 [INFO] signed certificate with serial number 513592885083242966398596808956258241399481186346
2018/07/02 15:26:36 [DEBUG] DB: Insert Certificate
2018/07/02 15:26:36 [DEBUG] Saved serial number as hex 59f64d2d983d0399642333e47604f89808d0382a
2018/07/02 15:26:36 [DEBUG] saved certificate with serial number 513592885083242966398596808956258241399481186346
2018/07/02 15:26:36 [DEBUG] Successfully incremented state for identity User1@Amazon.com to 1
2018/07/02 15:26:36 [INFO] 127.0.0.1:65328 POST /enroll 201 0 "OK"
2018/07/02 15:26:36 [DEBUG] Received request for /enroll
2018/07/02 15:26:36 [DEBUG] ca.Config: &{Version:1.1.1-snapshot-e656889 Cfg:{Identities:{AllowRemove:false} Affiliations:{AllowRemove:false}} CA:{Name: Keyfile:/Users/vladislavivanov/HLF/pcxchg/__crypto-config/peerOrganizations/Amazon.com/ca/root/ca-key.pem Certfile:/Users/vladislavivanov/HLF/pcxchg/__crypto-config/peerOrganizations/Amazon.com/ca/root/ca-cert.pem Chainfile:/Users/vladislavivanov/HLF/pcxchg/__crypto-config/peerOrganizations/Amazon.com/ca/root/ca-chain.pem} Signing:0xc42032fa70 CSR:{CN:fabric-ca-server Names:[{C:US ST:North Carolina L: O:Hyperledger OU:Fabric SerialNumber:}] Hosts:[Vladislavs-MacBook-Pro.local localhost] KeyRequest:0xc420342ce0 CA:0xc4202c3c20 SerialNumber:} Registry:{MaxEnrollments:-1 Identities:[{ Name:**** Pass:**** Type:client Affiliation: MaxEnrollments:0 Attrs:map[hf.Registrar.DelegateRoles:peer,orderer,client,user hf.Revoker:1 hf.IntermediateCA:1 hf.GenCRL:1 hf.Registrar.Attributes:* hf.AffiliationMgr:1 hf.Registrar.Roles:peer,orderer,client,user]  }]} Affiliations:map[org1:[department1 department2] org2:[department1]] LDAP:{ Enabled:false URL:ldap://****:****@<host>:<port>/<base> UserFilter:(uid=%s) GroupFilter:(memberUid=%s) Attribute:{[uid member] [{ }] map[groups:[{ }]]} TLS:{false [] { }}  } DB:{ Type:sqlite3 Datasource:/Users/vladislavivanov/HLF/pcxchg/__crypto-config/peerOrganizations/Amazon.com/ca/root/fabric-ca-server.db TLS:{false [] { }}  } CSP:0xc420328ab0 Client:<nil> Intermediate:{ParentServer:{ URL: CAName:  } TLS:{Enabled:false CertFiles:[] Client:{KeyFile: CertFile:}} Enrollment:{ Name: Secret:**** Profile: Label: CSR:<nil> CAName: AttrReqs:[]  }} CRL:{Expiry:24h0m0s}}
2018/07/02 15:26:36 [DEBUG] DB: Getting identity admin
2018/07/02 15:26:36 [DEBUG] DB: Login user admin with max enrollments of -1 and state of 2
2018/07/02 15:26:36 [DEBUG] DB: identity admin successfully logged in
2018/07/02 15:26:36 [DEBUG] Processing sign request: id=admin, CommonName=admin, Subject=<nil>
2018/07/02 15:26:36 [DEBUG] Request is not for a CA signing certificate
2018/07/02 15:26:36 [DEBUG] Checking CSR fields to make sure that they do not exceed maximum character limits
2018/07/02 15:26:36 [DEBUG] DB: Getting identity admin
2018/07/02 15:26:36 [DEBUG] Finished processing sign request
2018/07/02 15:26:36 [DEBUG] DB: Getting identity admin
2018/07/02 15:26:36 [INFO] signed certificate with serial number 308445749862096063868753826940162164312452607438
2018/07/02 15:26:36 [DEBUG] DB: Insert Certificate
2018/07/02 15:26:36 [DEBUG] Saved serial number as hex 36072f8f3ebe97e3064dfe1fd92771ef236badce
2018/07/02 15:26:36 [DEBUG] saved certificate with serial number 308445749862096063868753826940162164312452607438
2018/07/02 15:26:36 [DEBUG] Successfully incremented state for identity admin to 3
2018/07/02 15:26:36 [INFO] 127.0.0.1:65331 POST /enroll 201 0 "OK"
2018/07/02 15:26:36 [DEBUG] Received request for /register
2018/07/02 15:26:36 [DEBUG] Checking for revocation/expiration of certificate owned by 'admin'
2018/07/02 15:26:36 [DEBUG] DB: Get certificate by serial (4d6fdcf2cb409de318a8f9c271966d3e970be599) and aki (282329a5dc84b59f358768b13d61cb9bd97283ec)
2018/07/02 15:26:36 [DEBUG] Successful token authentication of 'admin'
2018/07/02 15:26:36 [DEBUG] Received registration request from admin: { Name:peer0.Amazon.com Type:user Secret:**** MaxEnrollments:0 Affiliation:org1 Attributes:[] CAName:  }
2018/07/02 15:26:36 [DEBUG] DB: Getting identity admin
2018/07/02 15:26:36 [DEBUG] canRegister - Check to see if user 'admin' can register
2018/07/02 15:26:36 [DEBUG] Checking to see if caller 'admin' is a registrar
2018/07/02 15:26:36 [DEBUG] Validate Affiliation
2018/07/02 15:26:36 [DEBUG] Checking to see if affiliation 'org1' contains caller's affiliation ''
2018/07/02 15:26:36 [DEBUG] Caller has root affiliation
2018/07/02 15:26:36 [DEBUG] Validate ID
2018/07/02 15:26:36 [DEBUG] Validating affiliation: org1
2018/07/02 15:26:36 [DEBUG] DB: Get affiliation org1
2018/07/02 15:26:36 [DEBUG] Registering user id: peer0.Amazon.com
2018/07/02 15:26:36 [DEBUG] Max enrollment value verification - User specified max enrollment: 0, CA max enrollment: -1
2018/07/02 15:26:36 [DEBUG] DB: Getting identity peer0.Amazon.com
2018/07/02 15:26:36 [DEBUG] DB: Add identity peer0.Amazon.com
2018/07/02 15:26:36 [DEBUG] Successfully added identity peer0.Amazon.com to the database
2018/07/02 15:26:36 [INFO] 127.0.0.1:65334 POST /register 201 0 "OK"
2018/07/02 15:26:36 [DEBUG] Received request for /enroll
2018/07/02 15:26:36 [DEBUG] ca.Config: &{Version:1.1.1-snapshot-e656889 Cfg:{Identities:{AllowRemove:false} Affiliations:{AllowRemove:false}} CA:{Name: Keyfile:/Users/vladislavivanov/HLF/pcxchg/__crypto-config/peerOrganizations/Amazon.com/ca/root/ca-key.pem Certfile:/Users/vladislavivanov/HLF/pcxchg/__crypto-config/peerOrganizations/Amazon.com/ca/root/ca-cert.pem Chainfile:/Users/vladislavivanov/HLF/pcxchg/__crypto-config/peerOrganizations/Amazon.com/ca/root/ca-chain.pem} Signing:0xc42032fa70 CSR:{CN:fabric-ca-server Names:[{C:US ST:North Carolina L: O:Hyperledger OU:Fabric SerialNumber:}] Hosts:[Vladislavs-MacBook-Pro.local localhost] KeyRequest:0xc420342ce0 CA:0xc4202c3c20 SerialNumber:} Registry:{MaxEnrollments:-1 Identities:[{ Name:**** Pass:**** Type:client Affiliation: MaxEnrollments:0 Attrs:map[hf.IntermediateCA:1 hf.GenCRL:1 hf.Registrar.Attributes:* hf.AffiliationMgr:1 hf.Registrar.Roles:peer,orderer,client,user hf.Registrar.DelegateRoles:peer,orderer,client,user hf.Revoker:1]  }]} Affiliations:map[org1:[department1 department2] org2:[department1]] LDAP:{ Enabled:false URL:ldap://****:****@<host>:<port>/<base> UserFilter:(uid=%s) GroupFilter:(memberUid=%s) Attribute:{[uid member] [{ }] map[groups:[{ }]]} TLS:{false [] { }}  } DB:{ Type:sqlite3 Datasource:/Users/vladislavivanov/HLF/pcxchg/__crypto-config/peerOrganizations/Amazon.com/ca/root/fabric-ca-server.db TLS:{false [] { }}  } CSP:0xc420328ab0 Client:<nil> Intermediate:{ParentServer:{ URL: CAName:  } TLS:{Enabled:false CertFiles:[] Client:{KeyFile: CertFile:}} Enrollment:{ Name: Secret:**** Profile: Label: CSR:<nil> CAName: AttrReqs:[]  }} CRL:{Expiry:24h0m0s}}
2018/07/02 15:26:36 [DEBUG] DB: Getting identity peer0.Amazon.com
2018/07/02 15:26:36 [DEBUG] DB: Login user peer0.Amazon.com with max enrollments of -1 and state of 0
2018/07/02 15:26:36 [DEBUG] DB: identity peer0.Amazon.com successfully logged in
2018/07/02 15:26:36 [DEBUG] Processing sign request: id=peer0.Amazon.com, CommonName=peer0.Amazon.com, Subject=<nil>
2018/07/02 15:26:36 [DEBUG] Request is not for a CA signing certificate
2018/07/02 15:26:36 [DEBUG] Checking CSR fields to make sure that they do not exceed maximum character limits
2018/07/02 15:26:36 [DEBUG] DB: Getting identity peer0.Amazon.com
2018/07/02 15:26:36 [DEBUG] Finished processing sign request
2018/07/02 15:26:36 [DEBUG] DB: Getting identity peer0.Amazon.com
2018/07/02 15:26:36 [DEBUG] Attribute extension being added to certificate is: &{ID:[1 2 3 4 5 6 7 8 1] Critical:false Value:7b226174747273223a7b2268662e416666696c696174696f6e223a226f726731222c2268662e456e726f6c6c6d656e744944223a2270656572302e416d617a6f6e2e636f6d222c2268662e54797065223a2275736572227d7d}
2018/07/02 15:26:36 [DEBUG] Adding attribute extension to CSR: &{ID:[1 2 3 4 5 6 7 8 1] Critical:false Value:7b226174747273223a7b2268662e416666696c696174696f6e223a226f726731222c2268662e456e726f6c6c6d656e744944223a2270656572302e416d617a6f6e2e636f6d222c2268662e54797065223a2275736572227d7d}
2018/07/02 15:26:36 [INFO] signed certificate with serial number 530882805674012906571581888235593888804902103056
2018/07/02 15:26:36 [DEBUG] DB: Insert Certificate
2018/07/02 15:26:36 [DEBUG] Saved serial number as hex 5cfd9bbb8bd5243cdc592dee87845b45f5116810
2018/07/02 15:26:36 [DEBUG] saved certificate with serial number 530882805674012906571581888235593888804902103056
2018/07/02 15:26:36 [DEBUG] Successfully incremented state for identity peer0.Amazon.com to 1
2018/07/02 15:26:36 [INFO] 127.0.0.1:65337 POST /enroll 201 0 "OK"
2018/07/02 15:26:36 [DEBUG] Received request for /enroll
2018/07/02 15:26:36 [DEBUG] ca.Config: &{Version:1.1.1-snapshot-e656889 Cfg:{Identities:{AllowRemove:false} Affiliations:{AllowRemove:false}} CA:{Name: Keyfile:/Users/vladislavivanov/HLF/pcxchg/__crypto-config/peerOrganizations/Amazon.com/ca/root/ca-key.pem Certfile:/Users/vladislavivanov/HLF/pcxchg/__crypto-config/peerOrganizations/Amazon.com/ca/root/ca-cert.pem Chainfile:/Users/vladislavivanov/HLF/pcxchg/__crypto-config/peerOrganizations/Amazon.com/ca/root/ca-chain.pem} Signing:0xc42032fa70 CSR:{CN:fabric-ca-server Names:[{C:US ST:North Carolina L: O:Hyperledger OU:Fabric SerialNumber:}] Hosts:[Vladislavs-MacBook-Pro.local localhost] KeyRequest:0xc420342ce0 CA:0xc4202c3c20 SerialNumber:} Registry:{MaxEnrollments:-1 Identities:[{ Name:**** Pass:**** Type:client Affiliation: MaxEnrollments:0 Attrs:map[hf.Revoker:1 hf.IntermediateCA:1 hf.GenCRL:1 hf.Registrar.Attributes:* hf.AffiliationMgr:1 hf.Registrar.Roles:peer,orderer,client,user hf.Registrar.DelegateRoles:peer,orderer,client,user]  }]} Affiliations:map[org2:[department1] org1:[department1 department2]] LDAP:{ Enabled:false URL:ldap://****:****@<host>:<port>/<base> UserFilter:(uid=%s) GroupFilter:(memberUid=%s) Attribute:{[uid member] [{ }] map[groups:[{ }]]} TLS:{false [] { }}  } DB:{ Type:sqlite3 Datasource:/Users/vladislavivanov/HLF/pcxchg/__crypto-config/peerOrganizations/Amazon.com/ca/root/fabric-ca-server.db TLS:{false [] { }}  } CSP:0xc420328ab0 Client:<nil> Intermediate:{ParentServer:{ URL: CAName:  } TLS:{Enabled:false CertFiles:[] Client:{KeyFile: CertFile:}} Enrollment:{ Name: Secret:**** Profile: Label: CSR:<nil> CAName: AttrReqs:[]  }} CRL:{Expiry:24h0m0s}}
2018/07/02 15:26:36 [DEBUG] DB: Getting identity admin
2018/07/02 15:26:36 [DEBUG] DB: Login user admin with max enrollments of -1 and state of 3
2018/07/02 15:26:36 [DEBUG] DB: identity admin successfully logged in
2018/07/02 15:26:36 [DEBUG] Processing sign request: id=admin, CommonName=admin, Subject=<nil>
2018/07/02 15:26:36 [DEBUG] Request is not for a CA signing certificate
2018/07/02 15:26:36 [DEBUG] Checking CSR fields to make sure that they do not exceed maximum character limits
2018/07/02 15:26:36 [DEBUG] DB: Getting identity admin
2018/07/02 15:26:36 [DEBUG] Finished processing sign request
2018/07/02 15:26:36 [DEBUG] DB: Getting identity admin
2018/07/02 15:26:36 [INFO] signed certificate with serial number 488353526009969491209146141797864738367741669724
2018/07/02 15:26:36 [DEBUG] DB: Insert Certificate
2018/07/02 15:26:36 [DEBUG] Saved serial number as hex 558a878b92791ba51fe18fbca551df347b58b15c
2018/07/02 15:26:36 [DEBUG] saved certificate with serial number 488353526009969491209146141797864738367741669724
2018/07/02 15:26:36 [DEBUG] Successfully incremented state for identity admin to 4
2018/07/02 15:26:36 [INFO] 127.0.0.1:65340 POST /enroll 201 0 "OK"
2018/07/02 15:26:36 [DEBUG] Received request for /register
2018/07/02 15:26:36 [DEBUG] Checking for revocation/expiration of certificate owned by 'admin'
2018/07/02 15:26:36 [DEBUG] DB: Get certificate by serial (4d6fdcf2cb409de318a8f9c271966d3e970be599) and aki (282329a5dc84b59f358768b13d61cb9bd97283ec)
2018/07/02 15:26:36 [DEBUG] Successful token authentication of 'admin'
2018/07/02 15:26:36 [DEBUG] Received registration request from admin: { Name:peer1.Amazon.com Type:user Secret:**** MaxEnrollments:0 Affiliation:org1 Attributes:[] CAName:  }
2018/07/02 15:26:36 [DEBUG] DB: Getting identity admin
2018/07/02 15:26:36 [DEBUG] canRegister - Check to see if user 'admin' can register
2018/07/02 15:26:36 [DEBUG] Checking to see if caller 'admin' is a registrar
2018/07/02 15:26:36 [DEBUG] Validate Affiliation
2018/07/02 15:26:36 [DEBUG] Checking to see if affiliation 'org1' contains caller's affiliation ''
2018/07/02 15:26:36 [DEBUG] Caller has root affiliation
2018/07/02 15:26:36 [DEBUG] Validate ID
2018/07/02 15:26:36 [DEBUG] Validating affiliation: org1
2018/07/02 15:26:36 [DEBUG] DB: Get affiliation org1
2018/07/02 15:26:36 [DEBUG] Registering user id: peer1.Amazon.com
2018/07/02 15:26:36 [DEBUG] Max enrollment value verification - User specified max enrollment: 0, CA max enrollment: -1
2018/07/02 15:26:36 [DEBUG] DB: Getting identity peer1.Amazon.com
2018/07/02 15:26:36 [DEBUG] DB: Add identity peer1.Amazon.com
2018/07/02 15:26:36 [DEBUG] Successfully added identity peer1.Amazon.com to the database
2018/07/02 15:26:36 [INFO] 127.0.0.1:65343 POST /register 201 0 "OK"
2018/07/02 15:26:36 [DEBUG] Received request for /enroll
2018/07/02 15:26:36 [DEBUG] ca.Config: &{Version:1.1.1-snapshot-e656889 Cfg:{Identities:{AllowRemove:false} Affiliations:{AllowRemove:false}} CA:{Name: Keyfile:/Users/vladislavivanov/HLF/pcxchg/__crypto-config/peerOrganizations/Amazon.com/ca/root/ca-key.pem Certfile:/Users/vladislavivanov/HLF/pcxchg/__crypto-config/peerOrganizations/Amazon.com/ca/root/ca-cert.pem Chainfile:/Users/vladislavivanov/HLF/pcxchg/__crypto-config/peerOrganizations/Amazon.com/ca/root/ca-chain.pem} Signing:0xc42032fa70 CSR:{CN:fabric-ca-server Names:[{C:US ST:North Carolina L: O:Hyperledger OU:Fabric SerialNumber:}] Hosts:[Vladislavs-MacBook-Pro.local localhost] KeyRequest:0xc420342ce0 CA:0xc4202c3c20 SerialNumber:} Registry:{MaxEnrollments:-1 Identities:[{ Name:**** Pass:**** Type:client Affiliation: MaxEnrollments:0 Attrs:map[hf.Revoker:1 hf.IntermediateCA:1 hf.GenCRL:1 hf.Registrar.Attributes:* hf.AffiliationMgr:1 hf.Registrar.Roles:peer,orderer,client,user hf.Registrar.DelegateRoles:peer,orderer,client,user]  }]} Affiliations:map[org1:[department1 department2] org2:[department1]] LDAP:{ Enabled:false URL:ldap://****:****@<host>:<port>/<base> UserFilter:(uid=%s) GroupFilter:(memberUid=%s) Attribute:{[uid member] [{ }] map[groups:[{ }]]} TLS:{false [] { }}  } DB:{ Type:sqlite3 Datasource:/Users/vladislavivanov/HLF/pcxchg/__crypto-config/peerOrganizations/Amazon.com/ca/root/fabric-ca-server.db TLS:{false [] { }}  } CSP:0xc420328ab0 Client:<nil> Intermediate:{ParentServer:{ URL: CAName:  } TLS:{Enabled:false CertFiles:[] Client:{KeyFile: CertFile:}} Enrollment:{ Name: Secret:**** Profile: Label: CSR:<nil> CAName: AttrReqs:[]  }} CRL:{Expiry:24h0m0s}}
2018/07/02 15:26:36 [DEBUG] DB: Getting identity peer1.Amazon.com
2018/07/02 15:26:36 [DEBUG] DB: Login user peer1.Amazon.com with max enrollments of -1 and state of 0
2018/07/02 15:26:36 [DEBUG] DB: identity peer1.Amazon.com successfully logged in
2018/07/02 15:26:36 [DEBUG] Processing sign request: id=peer1.Amazon.com, CommonName=peer1.Amazon.com, Subject=<nil>
2018/07/02 15:26:36 [DEBUG] Request is not for a CA signing certificate
2018/07/02 15:26:36 [DEBUG] Checking CSR fields to make sure that they do not exceed maximum character limits
2018/07/02 15:26:36 [DEBUG] DB: Getting identity peer1.Amazon.com
2018/07/02 15:26:36 [DEBUG] Finished processing sign request
2018/07/02 15:26:36 [DEBUG] DB: Getting identity peer1.Amazon.com
2018/07/02 15:26:36 [DEBUG] Attribute extension being added to certificate is: &{ID:[1 2 3 4 5 6 7 8 1] Critical:false Value:7b226174747273223a7b2268662e416666696c696174696f6e223a226f726731222c2268662e456e726f6c6c6d656e744944223a2270656572312e416d617a6f6e2e636f6d222c2268662e54797065223a2275736572227d7d}
2018/07/02 15:26:36 [DEBUG] Adding attribute extension to CSR: &{ID:[1 2 3 4 5 6 7 8 1] Critical:false Value:7b226174747273223a7b2268662e416666696c696174696f6e223a226f726731222c2268662e456e726f6c6c6d656e744944223a2270656572312e416d617a6f6e2e636f6d222c2268662e54797065223a2275736572227d7d}
2018/07/02 15:26:36 [INFO] signed certificate with serial number 37266217245000089096830983212419687334458173313
2018/07/02 15:26:36 [DEBUG] DB: Insert Certificate
2018/07/02 15:26:36 [DEBUG] Saved serial number as hex 68713319eba912f6d525f7bf355637fec4c2781
2018/07/02 15:26:36 [DEBUG] saved certificate with serial number 37266217245000089096830983212419687334458173313
2018/07/02 15:26:36 [DEBUG] Successfully incremented state for identity peer1.Amazon.com to 1
2018/07/02 15:26:36 [INFO] 127.0.0.1:65346 POST /enroll 201 0 "OK"
2018/07/02 15:26:36 [DEBUG] Received request for /cainfo
2018/07/02 15:26:36 [INFO] 127.0.0.1:65353 POST /cainfo 200 0 "OK"
