2018/07/31 15:35:02 [INFO] Created default configuration file at /Users/vladislavivanov/HLF/pcxchg/crypto-config/peerOrganizations/Dell.com/ca/root/fabric-ca-server-config.yaml
2018/07/31 15:35:02 [INFO] Starting server in home directory: /Users/vladislavivanov/HLF/pcxchg/crypto-config/peerOrganizations/Dell.com/ca/root
2018/07/31 15:35:02 [INFO] Server Version: 1.1.1-snapshot-e656889
2018/07/31 15:35:02 [INFO] Server Levels: &{Identity:1 Affiliation:1 Certificate:1}
2018/07/31 15:35:02 [DEBUG] Making server filenames absolute
2018/07/31 15:35:02 [DEBUG] Initializing default CA in directory /Users/vladislavivanov/HLF/pcxchg/crypto-config/peerOrganizations/Dell.com/ca/root
2018/07/31 15:35:02 [DEBUG] Init CA with home /Users/vladislavivanov/HLF/pcxchg/crypto-config/peerOrganizations/Dell.com/ca/root and config {Version:1.1.1-snapshot-e656889 Cfg:{Identities:{AllowRemove:false} Affiliations:{AllowRemove:false}} CA:{Name: Keyfile: Certfile:ca-cert.pem Chainfile:ca-chain.pem} Signing:0xc4202fe600 CSR:{CN:fabric-ca-server Names:[{C:US ST:North Carolina L: O:Hyperledger OU:Fabric SerialNumber:}] Hosts:[Vladislavs-MacBook-Pro.local localhost] KeyRequest:<nil> CA:0xc4202bfd80 SerialNumber:} Registry:{MaxEnrollments:-1 Identities:[{ Name:**** Pass:**** Type:client Affiliation: MaxEnrollments:0 Attrs:map[hf.Revoker:1 hf.IntermediateCA:1 hf.GenCRL:1 hf.Registrar.Attributes:* hf.AffiliationMgr:1 hf.Registrar.Roles:peer,orderer,client,user hf.Registrar.DelegateRoles:peer,orderer,client,user]  }]} Affiliations:map[org1:[department1 department2] org2:[department1]] LDAP:{ Enabled:false URL:ldap://****:****@<host>:<port>/<base> UserFilter:(uid=%s) GroupFilter:(memberUid=%s) Attribute:{[uid member] [{ }] map[groups:[{ }]]} TLS:{false [] { }}  } DB:{ Type:sqlite3 Datasource:fabric-ca-server.db TLS:{false [] { }}  } CSP:0xc4202cb530 Client:<nil> Intermediate:{ParentServer:{ URL: CAName:  } TLS:{Enabled:false CertFiles:[] Client:{KeyFile: CertFile:}} Enrollment:{ Name: Secret:**** Profile: Label: CSR:<nil> CAName: AttrReqs:[]  }} CRL:{Expiry:24h0m0s}}
2018/07/31 15:35:02 [DEBUG] CA Home Directory: /Users/vladislavivanov/HLF/pcxchg/crypto-config/peerOrganizations/Dell.com/ca/root
2018/07/31 15:35:02 [DEBUG] Checking configuration file version '1.1.1-snapshot-e656889' against server version: '1.1.1-snapshot-e656889'
2018/07/31 15:35:02 [DEBUG] Initializing BCCSP: &{ProviderName:SW SwOpts:0xc4202cb590 PluginOpts:<nil> Pkcs11Opts:<nil>}
2018/07/31 15:35:02 [DEBUG] Initializing BCCSP with software options &{SecLevel:256 HashFamily:SHA2 Ephemeral:false FileKeystore:0xc4202ffcb0 DummyKeystore:<nil>}
2018/07/31 15:35:02 [DEBUG] Initialize key material
2018/07/31 15:35:02 [DEBUG] Making CA filenames absolute
2018/07/31 15:35:02 [DEBUG] Root CA certificate request: {CN:fabric-ca-server Names:[{C:US ST:North Carolina L: O:Hyperledger OU:Fabric SerialNumber:}] Hosts:[Vladislavs-MacBook-Pro.local localhost] KeyRequest:0xc420308660 CA:0xc4202bfd80 SerialNumber:}
2018/07/31 15:35:02 [INFO] generating key: &{A:ecdsa S:256}
2018/07/31 15:35:02 [DEBUG] generate key from request: algo=ecdsa, size=256
2018/07/31 15:35:02 [INFO] encoded CSR
2018/07/31 15:35:02 [DEBUG] validating configuration
2018/07/31 15:35:02 [DEBUG] validate local profile
2018/07/31 15:35:02 [DEBUG] profile is valid
2018/07/31 15:35:02 [INFO] signed certificate with serial number 171083793041580454669732781967812910003619268941
2018/07/31 15:35:02 [INFO] The CA key and certificate were generated for CA 
2018/07/31 15:35:02 [INFO] The key was stored by BCCSP provider 'SW'
2018/07/31 15:35:02 [INFO] The certificate is at: /Users/vladislavivanov/HLF/pcxchg/crypto-config/peerOrganizations/Dell.com/ca/root/ca-cert.pem
2018/07/31 15:35:02 [DEBUG] Initializing DB
2018/07/31 15:35:02 [DEBUG] Initializing 'sqlite3' database at '/Users/vladislavivanov/HLF/pcxchg/crypto-config/peerOrganizations/Dell.com/ca/root/fabric-ca-server.db'
2018/07/31 15:35:02 [DEBUG] Using sqlite database, connect to database in home (/Users/vladislavivanov/HLF/pcxchg/crypto-config/peerOrganizations/Dell.com/ca/root/fabric-ca-server.db) directory
2018/07/31 15:35:02 [DEBUG] Creating SQLite database (/Users/vladislavivanov/HLF/pcxchg/crypto-config/peerOrganizations/Dell.com/ca/root/fabric-ca-server.db) if it does not exist...
2018/07/31 15:35:02 [DEBUG] Creating users table if it does not exist
2018/07/31 15:35:02 [DEBUG] Creating affiliations table if it does not exist
2018/07/31 15:35:02 [DEBUG] Creating certificates table if it does not exist
2018/07/31 15:35:02 [DEBUG] Creating properties table if it does not exist
2018/07/31 15:35:02 [DEBUG] Successfully opened sqlite3 DB
2018/07/31 15:35:02 [DEBUG] Checking database schema...
2018/07/31 15:35:02 [DEBUG] Update SQLite schema, if using outdated schema
2018/07/31 15:35:02 [DEBUG] Upgrade identities table
2018/07/31 15:35:02 [DEBUG] Creating users table if it does not exist
2018/07/31 15:35:02 [DEBUG] Upgrade affiliation table
2018/07/31 15:35:02 [DEBUG] Creating affiliations table if it does not exist
2018/07/31 15:35:02 [DEBUG] Upgrade certificates table
2018/07/31 15:35:02 [DEBUG] Creating certificates table if it does not exist
2018/07/31 15:35:02 [DEBUG] Initializing identity registry
2018/07/31 15:35:02 [DEBUG] Initialized DB identity registry
2018/07/31 15:35:02 [DEBUG] DB: Get properties [identity.level affiliation.level certificate.level]
2018/07/31 15:35:02 [DEBUG] Checking database levels 'map[identity.level:0 affiliation.level:0 certificate.level:0]' against server levels '&{Identity:1 Affiliation:1 Certificate:1}'
2018/07/31 15:35:02 [DEBUG] Loading identity table
2018/07/31 15:35:02 [DEBUG] Loading identity 'admin'
2018/07/31 15:35:02 [DEBUG] DB: Getting identity admin
2018/07/31 15:35:02 [DEBUG] Max enrollment value verification - User specified max enrollment: 0, CA max enrollment: -1
2018/07/31 15:35:02 [DEBUG] DB: Add identity admin
2018/07/31 15:35:02 [DEBUG] Successfully added identity admin to the database
2018/07/31 15:35:02 [DEBUG] Registered identity: { Name:**** Pass:**** Type:client Affiliation: MaxEnrollments:-1 Attrs:map[hf.Registrar.Roles:peer,orderer,client,user hf.Registrar.DelegateRoles:peer,orderer,client,user hf.Revoker:1 hf.IntermediateCA:1 hf.GenCRL:1 hf.Registrar.Attributes:* hf.AffiliationMgr:1]  }
2018/07/31 15:35:02 [DEBUG] Successfully loaded identity table
2018/07/31 15:35:02 [DEBUG] Loading affiliations table
2018/07/31 15:35:02 [DEBUG] DB: Add affiliation org1
2018/07/31 15:35:02 [DEBUG] Affiliation 'org1' added
2018/07/31 15:35:02 [DEBUG] DB: Add affiliation org1.department1
2018/07/31 15:35:02 [DEBUG] Affiliation 'org1.department1' added
2018/07/31 15:35:02 [DEBUG] DB: Add affiliation org1.department2
2018/07/31 15:35:02 [DEBUG] Affiliation 'org1.department2' added
2018/07/31 15:35:02 [DEBUG] DB: Add affiliation org2
2018/07/31 15:35:02 [DEBUG] Affiliation 'org2' added
2018/07/31 15:35:02 [DEBUG] DB: Add affiliation org2.department1
2018/07/31 15:35:02 [DEBUG] Affiliation 'org2.department1' added
2018/07/31 15:35:02 [DEBUG] Successfully loaded affiliations table
2018/07/31 15:35:02 [DEBUG] Checking and performing migration, if needed
2018/07/31 15:35:02 [DEBUG] Updating database level to &{Identity:1 Affiliation:1 Certificate:1}
2018/07/31 15:35:02 [INFO] Initialized sqlite3 database at /Users/vladislavivanov/HLF/pcxchg/crypto-config/peerOrganizations/Dell.com/ca/root/fabric-ca-server.db
2018/07/31 15:35:02 [DEBUG] Initializing enrollment signer
2018/07/31 15:35:02 [DEBUG] validating configuration
2018/07/31 15:35:02 [DEBUG] validate local profile
2018/07/31 15:35:02 [DEBUG] profile is valid
2018/07/31 15:35:02 [DEBUG] validate local profile
2018/07/31 15:35:02 [DEBUG] profile is valid
2018/07/31 15:35:02 [DEBUG] validate local profile
2018/07/31 15:35:02 [DEBUG] profile is valid
2018/07/31 15:35:02 [DEBUG] CA initialization successful
2018/07/31 15:35:02 [INFO] Home directory for default CA: /Users/vladislavivanov/HLF/pcxchg/crypto-config/peerOrganizations/Dell.com/ca/root
2018/07/31 15:35:02 [DEBUG] 1 CA instance(s) running on server
2018/07/31 15:35:02 [INFO] Listening on http://0.0.0.0:7108
2018/07/31 15:35:03 [DEBUG] Received request for /enroll
2018/07/31 15:35:03 [DEBUG] ca.Config: &{Version:1.1.1-snapshot-e656889 Cfg:{Identities:{AllowRemove:false} Affiliations:{AllowRemove:false}} CA:{Name: Keyfile:/Users/vladislavivanov/HLF/pcxchg/crypto-config/peerOrganizations/Dell.com/ca/root/ca-key.pem Certfile:/Users/vladislavivanov/HLF/pcxchg/crypto-config/peerOrganizations/Dell.com/ca/root/ca-cert.pem Chainfile:/Users/vladislavivanov/HLF/pcxchg/crypto-config/peerOrganizations/Dell.com/ca/root/ca-chain.pem} Signing:0xc4202fe600 CSR:{CN:fabric-ca-server Names:[{C:US ST:North Carolina L: O:Hyperledger OU:Fabric SerialNumber:}] Hosts:[Vladislavs-MacBook-Pro.local localhost] KeyRequest:0xc420308640 CA:0xc4202bfd80 SerialNumber:} Registry:{MaxEnrollments:-1 Identities:[{ Name:**** Pass:**** Type:client Affiliation: MaxEnrollments:0 Attrs:map[hf.Revoker:1 hf.IntermediateCA:1 hf.GenCRL:1 hf.Registrar.Attributes:* hf.AffiliationMgr:1 hf.Registrar.Roles:peer,orderer,client,user hf.Registrar.DelegateRoles:peer,orderer,client,user]  }]} Affiliations:map[org2:[department1] org1:[department1 department2]] LDAP:{ Enabled:false URL:ldap://****:****@<host>:<port>/<base> UserFilter:(uid=%s) GroupFilter:(memberUid=%s) Attribute:{[uid member] [{ }] map[groups:[{ }]]} TLS:{false [] { }}  } DB:{ Type:sqlite3 Datasource:/Users/vladislavivanov/HLF/pcxchg/crypto-config/peerOrganizations/Dell.com/ca/root/fabric-ca-server.db TLS:{false [] { }}  } CSP:0xc4202cb530 Client:<nil> Intermediate:{ParentServer:{ URL: CAName:  } TLS:{Enabled:false CertFiles:[] Client:{KeyFile: CertFile:}} Enrollment:{ Name: Secret:**** Profile: Label: CSR:<nil> CAName: AttrReqs:[]  }} CRL:{Expiry:24h0m0s}}
2018/07/31 15:35:03 [DEBUG] DB: Getting identity admin
2018/07/31 15:35:03 [DEBUG] DB: Login user admin with max enrollments of -1 and state of 0
2018/07/31 15:35:03 [DEBUG] DB: identity admin successfully logged in
2018/07/31 15:35:03 [DEBUG] Processing sign request: id=admin, CommonName=admin, Subject=<nil>
2018/07/31 15:35:03 [DEBUG] Request is not for a CA signing certificate
2018/07/31 15:35:03 [DEBUG] Checking CSR fields to make sure that they do not exceed maximum character limits
2018/07/31 15:35:03 [DEBUG] DB: Getting identity admin
2018/07/31 15:35:03 [DEBUG] Finished processing sign request
2018/07/31 15:35:03 [DEBUG] DB: Getting identity admin
2018/07/31 15:35:03 [INFO] signed certificate with serial number 101090256111104513452896778738718584594903600354
2018/07/31 15:35:03 [DEBUG] DB: Insert Certificate
2018/07/31 15:35:03 [DEBUG] Saved serial number as hex 11b50b3a74571830b708bbad63e2e3c840d40ce2
2018/07/31 15:35:03 [DEBUG] saved certificate with serial number 101090256111104513452896778738718584594903600354
2018/07/31 15:35:03 [DEBUG] Successfully incremented state for identity admin to 1
2018/07/31 15:35:03 [INFO] [::1]:50153 POST /enroll 201 0 "OK"
2018/07/31 15:35:03 [DEBUG] Received request for /enroll
2018/07/31 15:35:03 [DEBUG] ca.Config: &{Version:1.1.1-snapshot-e656889 Cfg:{Identities:{AllowRemove:false} Affiliations:{AllowRemove:false}} CA:{Name: Keyfile:/Users/vladislavivanov/HLF/pcxchg/crypto-config/peerOrganizations/Dell.com/ca/root/ca-key.pem Certfile:/Users/vladislavivanov/HLF/pcxchg/crypto-config/peerOrganizations/Dell.com/ca/root/ca-cert.pem Chainfile:/Users/vladislavivanov/HLF/pcxchg/crypto-config/peerOrganizations/Dell.com/ca/root/ca-chain.pem} Signing:0xc4202fe600 CSR:{CN:fabric-ca-server Names:[{C:US ST:North Carolina L: O:Hyperledger OU:Fabric SerialNumber:}] Hosts:[Vladislavs-MacBook-Pro.local localhost] KeyRequest:0xc420308640 CA:0xc4202bfd80 SerialNumber:} Registry:{MaxEnrollments:-1 Identities:[{ Name:**** Pass:**** Type:client Affiliation: MaxEnrollments:0 Attrs:map[hf.Revoker:1 hf.IntermediateCA:1 hf.GenCRL:1 hf.Registrar.Attributes:* hf.AffiliationMgr:1 hf.Registrar.Roles:peer,orderer,client,user hf.Registrar.DelegateRoles:peer,orderer,client,user]  }]} Affiliations:map[org2:[department1] org1:[department1 department2]] LDAP:{ Enabled:false URL:ldap://****:****@<host>:<port>/<base> UserFilter:(uid=%s) GroupFilter:(memberUid=%s) Attribute:{[uid member] [{ }] map[groups:[{ }]]} TLS:{false [] { }}  } DB:{ Type:sqlite3 Datasource:/Users/vladislavivanov/HLF/pcxchg/crypto-config/peerOrganizations/Dell.com/ca/root/fabric-ca-server.db TLS:{false [] { }}  } CSP:0xc4202cb530 Client:<nil> Intermediate:{ParentServer:{ URL: CAName:  } TLS:{Enabled:false CertFiles:[] Client:{KeyFile: CertFile:}} Enrollment:{ Name: Secret:**** Profile: Label: CSR:<nil> CAName: AttrReqs:[]  }} CRL:{Expiry:24h0m0s}}
2018/07/31 15:35:03 [DEBUG] DB: Getting identity admin
2018/07/31 15:35:03 [DEBUG] DB: Login user admin with max enrollments of -1 and state of 1
2018/07/31 15:35:03 [DEBUG] DB: identity admin successfully logged in
2018/07/31 15:35:03 [DEBUG] Processing sign request: id=admin, CommonName=admin, Subject=<nil>
2018/07/31 15:35:03 [DEBUG] Request is not for a CA signing certificate
2018/07/31 15:35:03 [DEBUG] Checking CSR fields to make sure that they do not exceed maximum character limits
2018/07/31 15:35:03 [DEBUG] DB: Getting identity admin
2018/07/31 15:35:03 [DEBUG] Finished processing sign request
2018/07/31 15:35:03 [DEBUG] DB: Getting identity admin
2018/07/31 15:35:03 [INFO] signed certificate with serial number 226672807860996466843176135994515590417571587566
2018/07/31 15:35:03 [DEBUG] DB: Insert Certificate
2018/07/31 15:35:03 [DEBUG] Saved serial number as hex 27b45c38d066c0989efc9731b4f00228499b25ee
2018/07/31 15:35:03 [DEBUG] saved certificate with serial number 226672807860996466843176135994515590417571587566
2018/07/31 15:35:03 [DEBUG] Successfully incremented state for identity admin to 2
2018/07/31 15:35:03 [INFO] [::1]:50156 POST /enroll 201 0 "OK"
2018/07/31 15:35:03 [DEBUG] Received request for /register
2018/07/31 15:35:03 [DEBUG] Checking for revocation/expiration of certificate owned by 'admin'
2018/07/31 15:35:03 [DEBUG] DB: Get certificate by serial (27b45c38d066c0989efc9731b4f00228499b25ee) and aki (9dc98d733cac4b437499ba8181e4b5890d810769)
2018/07/31 15:35:03 [DEBUG] Successful token authentication of 'admin'
2018/07/31 15:35:03 [DEBUG] Received registration request from admin: { Name:nodeAdmin Type:user Secret:**** MaxEnrollments:0 Affiliation:org1 Attributes:[] CAName:  }
2018/07/31 15:35:03 [DEBUG] DB: Getting identity admin
2018/07/31 15:35:03 [DEBUG] canRegister - Check to see if user 'admin' can register
2018/07/31 15:35:03 [DEBUG] Checking to see if caller 'admin' is a registrar
2018/07/31 15:35:03 [DEBUG] Validate Affiliation
2018/07/31 15:35:03 [DEBUG] Checking to see if affiliation 'org1' contains caller's affiliation ''
2018/07/31 15:35:03 [DEBUG] Caller has root affiliation
2018/07/31 15:35:03 [DEBUG] Validate ID
2018/07/31 15:35:03 [DEBUG] Validating affiliation: org1
2018/07/31 15:35:03 [DEBUG] DB: Get affiliation org1
2018/07/31 15:35:03 [DEBUG] Registering user id: nodeAdmin
2018/07/31 15:35:03 [DEBUG] Max enrollment value verification - User specified max enrollment: 0, CA max enrollment: -1
2018/07/31 15:35:03 [DEBUG] DB: Getting identity nodeAdmin
2018/07/31 15:35:03 [DEBUG] DB: Add identity nodeAdmin
2018/07/31 15:35:03 [DEBUG] Successfully added identity nodeAdmin to the database
2018/07/31 15:35:03 [INFO] [::1]:50159 POST /register 201 0 "OK"
2018/07/31 15:35:03 [DEBUG] Received request for /enroll
2018/07/31 15:35:03 [DEBUG] ca.Config: &{Version:1.1.1-snapshot-e656889 Cfg:{Identities:{AllowRemove:false} Affiliations:{AllowRemove:false}} CA:{Name: Keyfile:/Users/vladislavivanov/HLF/pcxchg/crypto-config/peerOrganizations/Dell.com/ca/root/ca-key.pem Certfile:/Users/vladislavivanov/HLF/pcxchg/crypto-config/peerOrganizations/Dell.com/ca/root/ca-cert.pem Chainfile:/Users/vladislavivanov/HLF/pcxchg/crypto-config/peerOrganizations/Dell.com/ca/root/ca-chain.pem} Signing:0xc4202fe600 CSR:{CN:fabric-ca-server Names:[{C:US ST:North Carolina L: O:Hyperledger OU:Fabric SerialNumber:}] Hosts:[Vladislavs-MacBook-Pro.local localhost] KeyRequest:0xc420308640 CA:0xc4202bfd80 SerialNumber:} Registry:{MaxEnrollments:-1 Identities:[{ Name:**** Pass:**** Type:client Affiliation: MaxEnrollments:0 Attrs:map[hf.GenCRL:1 hf.Registrar.Attributes:* hf.AffiliationMgr:1 hf.Registrar.Roles:peer,orderer,client,user hf.Registrar.DelegateRoles:peer,orderer,client,user hf.Revoker:1 hf.IntermediateCA:1]  }]} Affiliations:map[org1:[department1 department2] org2:[department1]] LDAP:{ Enabled:false URL:ldap://****:****@<host>:<port>/<base> UserFilter:(uid=%s) GroupFilter:(memberUid=%s) Attribute:{[uid member] [{ }] map[groups:[{ }]]} TLS:{false [] { }}  } DB:{ Type:sqlite3 Datasource:/Users/vladislavivanov/HLF/pcxchg/crypto-config/peerOrganizations/Dell.com/ca/root/fabric-ca-server.db TLS:{false [] { }}  } CSP:0xc4202cb530 Client:<nil> Intermediate:{ParentServer:{ URL: CAName:  } TLS:{Enabled:false CertFiles:[] Client:{KeyFile: CertFile:}} Enrollment:{ Name: Secret:**** Profile: Label: CSR:<nil> CAName: AttrReqs:[]  }} CRL:{Expiry:24h0m0s}}
2018/07/31 15:35:03 [DEBUG] DB: Getting identity nodeAdmin
2018/07/31 15:35:03 [DEBUG] DB: Login user nodeAdmin with max enrollments of -1 and state of 0
2018/07/31 15:35:03 [DEBUG] DB: identity nodeAdmin successfully logged in
2018/07/31 15:35:03 [DEBUG] Processing sign request: id=nodeAdmin, CommonName=nodeAdmin, Subject=<nil>
2018/07/31 15:35:03 [DEBUG] Request is not for a CA signing certificate
2018/07/31 15:35:03 [DEBUG] Checking CSR fields to make sure that they do not exceed maximum character limits
2018/07/31 15:35:03 [DEBUG] DB: Getting identity nodeAdmin
2018/07/31 15:35:03 [DEBUG] Finished processing sign request
2018/07/31 15:35:03 [DEBUG] DB: Getting identity nodeAdmin
2018/07/31 15:35:03 [DEBUG] Attribute extension being added to certificate is: &{ID:[1 2 3 4 5 6 7 8 1] Critical:false Value:7b226174747273223a7b2268662e416666696c696174696f6e223a226f726731222c2268662e456e726f6c6c6d656e744944223a226e6f646541646d696e222c2268662e54797065223a2275736572227d7d}
2018/07/31 15:35:03 [DEBUG] Adding attribute extension to CSR: &{ID:[1 2 3 4 5 6 7 8 1] Critical:false Value:7b226174747273223a7b2268662e416666696c696174696f6e223a226f726731222c2268662e456e726f6c6c6d656e744944223a226e6f646541646d696e222c2268662e54797065223a2275736572227d7d}
2018/07/31 15:35:03 [INFO] signed certificate with serial number 423877173506682440082463371265280193540723070112
2018/07/31 15:35:03 [DEBUG] DB: Insert Certificate
2018/07/31 15:35:03 [DEBUG] Saved serial number as hex 4a3f4f513fc25d09edf2a608af46deeed68c54a0
2018/07/31 15:35:03 [DEBUG] saved certificate with serial number 423877173506682440082463371265280193540723070112
2018/07/31 15:35:03 [DEBUG] Successfully incremented state for identity nodeAdmin to 1
2018/07/31 15:35:03 [INFO] [::1]:50162 POST /enroll 201 0 "OK"
2018/07/31 15:35:03 [DEBUG] Received request for /register
2018/07/31 15:35:03 [DEBUG] Checking for revocation/expiration of certificate owned by 'admin'
2018/07/31 15:35:03 [DEBUG] DB: Get certificate by serial (27b45c38d066c0989efc9731b4f00228499b25ee) and aki (9dc98d733cac4b437499ba8181e4b5890d810769)
2018/07/31 15:35:03 [DEBUG] Successful token authentication of 'admin'
2018/07/31 15:35:03 [DEBUG] Received registration request from admin: { Name:User1@Dell.com Type:user Secret:**** MaxEnrollments:0 Affiliation:org1 Attributes:[] CAName:  }
2018/07/31 15:35:03 [DEBUG] DB: Getting identity admin
2018/07/31 15:35:03 [DEBUG] canRegister - Check to see if user 'admin' can register
2018/07/31 15:35:03 [DEBUG] Checking to see if caller 'admin' is a registrar
2018/07/31 15:35:03 [DEBUG] Validate Affiliation
2018/07/31 15:35:03 [DEBUG] Checking to see if affiliation 'org1' contains caller's affiliation ''
2018/07/31 15:35:03 [DEBUG] Caller has root affiliation
2018/07/31 15:35:03 [DEBUG] Validate ID
2018/07/31 15:35:03 [DEBUG] Validating affiliation: org1
2018/07/31 15:35:03 [DEBUG] DB: Get affiliation org1
2018/07/31 15:35:03 [DEBUG] Registering user id: User1@Dell.com
2018/07/31 15:35:03 [DEBUG] Max enrollment value verification - User specified max enrollment: 0, CA max enrollment: -1
2018/07/31 15:35:03 [DEBUG] DB: Getting identity User1@Dell.com
2018/07/31 15:35:03 [DEBUG] DB: Add identity User1@Dell.com
2018/07/31 15:35:04 [DEBUG] Successfully added identity User1@Dell.com to the database
2018/07/31 15:35:04 [INFO] [::1]:50165 POST /register 201 0 "OK"
2018/07/31 15:35:04 [DEBUG] Received request for /enroll
2018/07/31 15:35:04 [DEBUG] ca.Config: &{Version:1.1.1-snapshot-e656889 Cfg:{Identities:{AllowRemove:false} Affiliations:{AllowRemove:false}} CA:{Name: Keyfile:/Users/vladislavivanov/HLF/pcxchg/crypto-config/peerOrganizations/Dell.com/ca/root/ca-key.pem Certfile:/Users/vladislavivanov/HLF/pcxchg/crypto-config/peerOrganizations/Dell.com/ca/root/ca-cert.pem Chainfile:/Users/vladislavivanov/HLF/pcxchg/crypto-config/peerOrganizations/Dell.com/ca/root/ca-chain.pem} Signing:0xc4202fe600 CSR:{CN:fabric-ca-server Names:[{C:US ST:North Carolina L: O:Hyperledger OU:Fabric SerialNumber:}] Hosts:[Vladislavs-MacBook-Pro.local localhost] KeyRequest:0xc420308640 CA:0xc4202bfd80 SerialNumber:} Registry:{MaxEnrollments:-1 Identities:[{ Name:**** Pass:**** Type:client Affiliation: MaxEnrollments:0 Attrs:map[hf.AffiliationMgr:1 hf.Registrar.Roles:peer,orderer,client,user hf.Registrar.DelegateRoles:peer,orderer,client,user hf.Revoker:1 hf.IntermediateCA:1 hf.GenCRL:1 hf.Registrar.Attributes:*]  }]} Affiliations:map[org2:[department1] org1:[department1 department2]] LDAP:{ Enabled:false URL:ldap://****:****@<host>:<port>/<base> UserFilter:(uid=%s) GroupFilter:(memberUid=%s) Attribute:{[uid member] [{ }] map[groups:[{ }]]} TLS:{false [] { }}  } DB:{ Type:sqlite3 Datasource:/Users/vladislavivanov/HLF/pcxchg/crypto-config/peerOrganizations/Dell.com/ca/root/fabric-ca-server.db TLS:{false [] { }}  } CSP:0xc4202cb530 Client:<nil> Intermediate:{ParentServer:{ URL: CAName:  } TLS:{Enabled:false CertFiles:[] Client:{KeyFile: CertFile:}} Enrollment:{ Name: Secret:**** Profile: Label: CSR:<nil> CAName: AttrReqs:[]  }} CRL:{Expiry:24h0m0s}}
2018/07/31 15:35:04 [DEBUG] DB: Getting identity User1@Dell.com
2018/07/31 15:35:04 [DEBUG] DB: Login user User1@Dell.com with max enrollments of -1 and state of 0
2018/07/31 15:35:04 [DEBUG] DB: identity User1@Dell.com successfully logged in
2018/07/31 15:35:04 [DEBUG] Processing sign request: id=User1@Dell.com, CommonName=User1@Dell.com, Subject=<nil>
2018/07/31 15:35:04 [DEBUG] Request is not for a CA signing certificate
2018/07/31 15:35:04 [DEBUG] Checking CSR fields to make sure that they do not exceed maximum character limits
2018/07/31 15:35:04 [DEBUG] DB: Getting identity User1@Dell.com
2018/07/31 15:35:04 [DEBUG] Finished processing sign request
2018/07/31 15:35:04 [DEBUG] DB: Getting identity User1@Dell.com
2018/07/31 15:35:04 [DEBUG] Attribute extension being added to certificate is: &{ID:[1 2 3 4 5 6 7 8 1] Critical:false Value:7b226174747273223a7b2268662e416666696c696174696f6e223a226f726731222c2268662e456e726f6c6c6d656e744944223a2255736572314044656c6c2e636f6d222c2268662e54797065223a2275736572227d7d}
2018/07/31 15:35:04 [DEBUG] Adding attribute extension to CSR: &{ID:[1 2 3 4 5 6 7 8 1] Critical:false Value:7b226174747273223a7b2268662e416666696c696174696f6e223a226f726731222c2268662e456e726f6c6c6d656e744944223a2255736572314044656c6c2e636f6d222c2268662e54797065223a2275736572227d7d}
2018/07/31 15:35:04 [INFO] signed certificate with serial number 99065144067597486451398058000937064870121017859
2018/07/31 15:35:04 [DEBUG] DB: Insert Certificate
2018/07/31 15:35:04 [DEBUG] Saved serial number as hex 115a3c150982274ae789b7db9fee0951d14f9203
2018/07/31 15:35:04 [DEBUG] saved certificate with serial number 99065144067597486451398058000937064870121017859
2018/07/31 15:35:04 [DEBUG] Successfully incremented state for identity User1@Dell.com to 1
2018/07/31 15:35:04 [INFO] [::1]:50172 POST /enroll 201 0 "OK"
2018/07/31 15:35:04 [DEBUG] Received request for /enroll
2018/07/31 15:35:04 [DEBUG] ca.Config: &{Version:1.1.1-snapshot-e656889 Cfg:{Identities:{AllowRemove:false} Affiliations:{AllowRemove:false}} CA:{Name: Keyfile:/Users/vladislavivanov/HLF/pcxchg/crypto-config/peerOrganizations/Dell.com/ca/root/ca-key.pem Certfile:/Users/vladislavivanov/HLF/pcxchg/crypto-config/peerOrganizations/Dell.com/ca/root/ca-cert.pem Chainfile:/Users/vladislavivanov/HLF/pcxchg/crypto-config/peerOrganizations/Dell.com/ca/root/ca-chain.pem} Signing:0xc4202fe600 CSR:{CN:fabric-ca-server Names:[{C:US ST:North Carolina L: O:Hyperledger OU:Fabric SerialNumber:}] Hosts:[Vladislavs-MacBook-Pro.local localhost] KeyRequest:0xc420308640 CA:0xc4202bfd80 SerialNumber:} Registry:{MaxEnrollments:-1 Identities:[{ Name:**** Pass:**** Type:client Affiliation: MaxEnrollments:0 Attrs:map[hf.Registrar.Attributes:* hf.AffiliationMgr:1 hf.Registrar.Roles:peer,orderer,client,user hf.Registrar.DelegateRoles:peer,orderer,client,user hf.Revoker:1 hf.IntermediateCA:1 hf.GenCRL:1]  }]} Affiliations:map[org1:[department1 department2] org2:[department1]] LDAP:{ Enabled:false URL:ldap://****:****@<host>:<port>/<base> UserFilter:(uid=%s) GroupFilter:(memberUid=%s) Attribute:{[uid member] [{ }] map[groups:[{ }]]} TLS:{false [] { }}  } DB:{ Type:sqlite3 Datasource:/Users/vladislavivanov/HLF/pcxchg/crypto-config/peerOrganizations/Dell.com/ca/root/fabric-ca-server.db TLS:{false [] { }}  } CSP:0xc4202cb530 Client:<nil> Intermediate:{ParentServer:{ URL: CAName:  } TLS:{Enabled:false CertFiles:[] Client:{KeyFile: CertFile:}} Enrollment:{ Name: Secret:**** Profile: Label: CSR:<nil> CAName: AttrReqs:[]  }} CRL:{Expiry:24h0m0s}}
2018/07/31 15:35:04 [DEBUG] DB: Getting identity admin
2018/07/31 15:35:04 [DEBUG] DB: Login user admin with max enrollments of -1 and state of 2
2018/07/31 15:35:04 [DEBUG] DB: identity admin successfully logged in
2018/07/31 15:35:04 [DEBUG] Processing sign request: id=admin, CommonName=admin, Subject=<nil>
2018/07/31 15:35:04 [DEBUG] Request is not for a CA signing certificate
2018/07/31 15:35:04 [DEBUG] Checking CSR fields to make sure that they do not exceed maximum character limits
2018/07/31 15:35:04 [DEBUG] DB: Getting identity admin
2018/07/31 15:35:04 [DEBUG] Finished processing sign request
2018/07/31 15:35:04 [DEBUG] DB: Getting identity admin
2018/07/31 15:35:04 [INFO] signed certificate with serial number 156421391260825819398034329931636143344363796730
2018/07/31 15:35:04 [DEBUG] DB: Insert Certificate
2018/07/31 15:35:04 [DEBUG] Saved serial number as hex 1b662d826fe9a2106780e6192311074a015478fa
2018/07/31 15:35:04 [DEBUG] saved certificate with serial number 156421391260825819398034329931636143344363796730
2018/07/31 15:35:04 [DEBUG] Successfully incremented state for identity admin to 3
2018/07/31 15:35:04 [INFO] [::1]:50175 POST /enroll 201 0 "OK"
2018/07/31 15:35:04 [DEBUG] Received request for /register
2018/07/31 15:35:04 [DEBUG] Checking for revocation/expiration of certificate owned by 'admin'
2018/07/31 15:35:04 [DEBUG] DB: Get certificate by serial (27b45c38d066c0989efc9731b4f00228499b25ee) and aki (9dc98d733cac4b437499ba8181e4b5890d810769)
2018/07/31 15:35:04 [DEBUG] Successful token authentication of 'admin'
2018/07/31 15:35:04 [DEBUG] Received registration request from admin: { Name:peer0.Dell.com Type:user Secret:**** MaxEnrollments:0 Affiliation:org1 Attributes:[] CAName:  }
2018/07/31 15:35:04 [DEBUG] DB: Getting identity admin
2018/07/31 15:35:04 [DEBUG] canRegister - Check to see if user 'admin' can register
2018/07/31 15:35:04 [DEBUG] Checking to see if caller 'admin' is a registrar
2018/07/31 15:35:04 [DEBUG] Validate Affiliation
2018/07/31 15:35:04 [DEBUG] Checking to see if affiliation 'org1' contains caller's affiliation ''
2018/07/31 15:35:04 [DEBUG] Caller has root affiliation
2018/07/31 15:35:04 [DEBUG] Validate ID
2018/07/31 15:35:04 [DEBUG] Validating affiliation: org1
2018/07/31 15:35:04 [DEBUG] DB: Get affiliation org1
2018/07/31 15:35:04 [DEBUG] Registering user id: peer0.Dell.com
2018/07/31 15:35:04 [DEBUG] Max enrollment value verification - User specified max enrollment: 0, CA max enrollment: -1
2018/07/31 15:35:04 [DEBUG] DB: Getting identity peer0.Dell.com
2018/07/31 15:35:04 [DEBUG] DB: Add identity peer0.Dell.com
2018/07/31 15:35:04 [DEBUG] Successfully added identity peer0.Dell.com to the database
2018/07/31 15:35:04 [INFO] [::1]:50178 POST /register 201 0 "OK"
2018/07/31 15:35:04 [DEBUG] Received request for /enroll
2018/07/31 15:35:04 [DEBUG] ca.Config: &{Version:1.1.1-snapshot-e656889 Cfg:{Identities:{AllowRemove:false} Affiliations:{AllowRemove:false}} CA:{Name: Keyfile:/Users/vladislavivanov/HLF/pcxchg/crypto-config/peerOrganizations/Dell.com/ca/root/ca-key.pem Certfile:/Users/vladislavivanov/HLF/pcxchg/crypto-config/peerOrganizations/Dell.com/ca/root/ca-cert.pem Chainfile:/Users/vladislavivanov/HLF/pcxchg/crypto-config/peerOrganizations/Dell.com/ca/root/ca-chain.pem} Signing:0xc4202fe600 CSR:{CN:fabric-ca-server Names:[{C:US ST:North Carolina L: O:Hyperledger OU:Fabric SerialNumber:}] Hosts:[Vladislavs-MacBook-Pro.local localhost] KeyRequest:0xc420308640 CA:0xc4202bfd80 SerialNumber:} Registry:{MaxEnrollments:-1 Identities:[{ Name:**** Pass:**** Type:client Affiliation: MaxEnrollments:0 Attrs:map[hf.IntermediateCA:1 hf.GenCRL:1 hf.Registrar.Attributes:* hf.AffiliationMgr:1 hf.Registrar.Roles:peer,orderer,client,user hf.Registrar.DelegateRoles:peer,orderer,client,user hf.Revoker:1]  }]} Affiliations:map[org1:[department1 department2] org2:[department1]] LDAP:{ Enabled:false URL:ldap://****:****@<host>:<port>/<base> UserFilter:(uid=%s) GroupFilter:(memberUid=%s) Attribute:{[uid member] [{ }] map[groups:[{ }]]} TLS:{false [] { }}  } DB:{ Type:sqlite3 Datasource:/Users/vladislavivanov/HLF/pcxchg/crypto-config/peerOrganizations/Dell.com/ca/root/fabric-ca-server.db TLS:{false [] { }}  } CSP:0xc4202cb530 Client:<nil> Intermediate:{ParentServer:{ URL: CAName:  } TLS:{Enabled:false CertFiles:[] Client:{KeyFile: CertFile:}} Enrollment:{ Name: Secret:**** Profile: Label: CSR:<nil> CAName: AttrReqs:[]  }} CRL:{Expiry:24h0m0s}}
2018/07/31 15:35:04 [DEBUG] DB: Getting identity peer0.Dell.com
2018/07/31 15:35:04 [DEBUG] DB: Login user peer0.Dell.com with max enrollments of -1 and state of 0
2018/07/31 15:35:04 [DEBUG] DB: identity peer0.Dell.com successfully logged in
2018/07/31 15:35:04 [DEBUG] Processing sign request: id=peer0.Dell.com, CommonName=peer0.Dell.com, Subject=<nil>
2018/07/31 15:35:04 [DEBUG] Request is not for a CA signing certificate
2018/07/31 15:35:04 [DEBUG] Checking CSR fields to make sure that they do not exceed maximum character limits
2018/07/31 15:35:04 [DEBUG] DB: Getting identity peer0.Dell.com
2018/07/31 15:35:04 [DEBUG] Finished processing sign request
2018/07/31 15:35:04 [DEBUG] DB: Getting identity peer0.Dell.com
2018/07/31 15:35:04 [DEBUG] Attribute extension being added to certificate is: &{ID:[1 2 3 4 5 6 7 8 1] Critical:false Value:7b226174747273223a7b2268662e416666696c696174696f6e223a226f726731222c2268662e456e726f6c6c6d656e744944223a2270656572302e44656c6c2e636f6d222c2268662e54797065223a2275736572227d7d}
2018/07/31 15:35:04 [DEBUG] Adding attribute extension to CSR: &{ID:[1 2 3 4 5 6 7 8 1] Critical:false Value:7b226174747273223a7b2268662e416666696c696174696f6e223a226f726731222c2268662e456e726f6c6c6d656e744944223a2270656572302e44656c6c2e636f6d222c2268662e54797065223a2275736572227d7d}
2018/07/31 15:35:04 [INFO] signed certificate with serial number 115661648962400425764666350086988266175107473408
2018/07/31 15:35:04 [DEBUG] DB: Insert Certificate
2018/07/31 15:35:04 [DEBUG] Saved serial number as hex 1442729d67bd2f4b1f72aaa67e434f57bb28a000
2018/07/31 15:35:04 [DEBUG] saved certificate with serial number 115661648962400425764666350086988266175107473408
2018/07/31 15:35:04 [DEBUG] Successfully incremented state for identity peer0.Dell.com to 1
2018/07/31 15:35:04 [INFO] [::1]:50181 POST /enroll 201 0 "OK"
2018/07/31 15:35:04 [DEBUG] Received request for /enroll
2018/07/31 15:35:04 [DEBUG] ca.Config: &{Version:1.1.1-snapshot-e656889 Cfg:{Identities:{AllowRemove:false} Affiliations:{AllowRemove:false}} CA:{Name: Keyfile:/Users/vladislavivanov/HLF/pcxchg/crypto-config/peerOrganizations/Dell.com/ca/root/ca-key.pem Certfile:/Users/vladislavivanov/HLF/pcxchg/crypto-config/peerOrganizations/Dell.com/ca/root/ca-cert.pem Chainfile:/Users/vladislavivanov/HLF/pcxchg/crypto-config/peerOrganizations/Dell.com/ca/root/ca-chain.pem} Signing:0xc4202fe600 CSR:{CN:fabric-ca-server Names:[{C:US ST:North Carolina L: O:Hyperledger OU:Fabric SerialNumber:}] Hosts:[Vladislavs-MacBook-Pro.local localhost] KeyRequest:0xc420308640 CA:0xc4202bfd80 SerialNumber:} Registry:{MaxEnrollments:-1 Identities:[{ Name:**** Pass:**** Type:client Affiliation: MaxEnrollments:0 Attrs:map[hf.AffiliationMgr:1 hf.Registrar.Roles:peer,orderer,client,user hf.Registrar.DelegateRoles:peer,orderer,client,user hf.Revoker:1 hf.IntermediateCA:1 hf.GenCRL:1 hf.Registrar.Attributes:*]  }]} Affiliations:map[org1:[department1 department2] org2:[department1]] LDAP:{ Enabled:false URL:ldap://****:****@<host>:<port>/<base> UserFilter:(uid=%s) GroupFilter:(memberUid=%s) Attribute:{[uid member] [{ }] map[groups:[{ }]]} TLS:{false [] { }}  } DB:{ Type:sqlite3 Datasource:/Users/vladislavivanov/HLF/pcxchg/crypto-config/peerOrganizations/Dell.com/ca/root/fabric-ca-server.db TLS:{false [] { }}  } CSP:0xc4202cb530 Client:<nil> Intermediate:{ParentServer:{ URL: CAName:  } TLS:{Enabled:false CertFiles:[] Client:{KeyFile: CertFile:}} Enrollment:{ Name: Secret:**** Profile: Label: CSR:<nil> CAName: AttrReqs:[]  }} CRL:{Expiry:24h0m0s}}
2018/07/31 15:35:04 [DEBUG] DB: Getting identity admin
2018/07/31 15:35:04 [DEBUG] DB: Login user admin with max enrollments of -1 and state of 3
2018/07/31 15:35:04 [DEBUG] DB: identity admin successfully logged in
2018/07/31 15:35:04 [DEBUG] Processing sign request: id=admin, CommonName=admin, Subject=<nil>
2018/07/31 15:35:04 [DEBUG] Request is not for a CA signing certificate
2018/07/31 15:35:04 [DEBUG] Checking CSR fields to make sure that they do not exceed maximum character limits
2018/07/31 15:35:04 [DEBUG] DB: Getting identity admin
2018/07/31 15:35:04 [DEBUG] Finished processing sign request
2018/07/31 15:35:04 [DEBUG] DB: Getting identity admin
2018/07/31 15:35:04 [INFO] signed certificate with serial number 712241767119904717151679549545025378648881385020
2018/07/31 15:35:04 [DEBUG] DB: Insert Certificate
2018/07/31 15:35:04 [DEBUG] Saved serial number as hex 7cc206822c3e77d86dfd702c0c3788150f784e3c
2018/07/31 15:35:04 [DEBUG] saved certificate with serial number 712241767119904717151679549545025378648881385020
2018/07/31 15:35:04 [DEBUG] Successfully incremented state for identity admin to 4
2018/07/31 15:35:04 [INFO] [::1]:50184 POST /enroll 201 0 "OK"
2018/07/31 15:35:04 [DEBUG] Received request for /register
2018/07/31 15:35:04 [DEBUG] Checking for revocation/expiration of certificate owned by 'admin'
2018/07/31 15:35:04 [DEBUG] DB: Get certificate by serial (27b45c38d066c0989efc9731b4f00228499b25ee) and aki (9dc98d733cac4b437499ba8181e4b5890d810769)
2018/07/31 15:35:04 [DEBUG] Successful token authentication of 'admin'
2018/07/31 15:35:04 [DEBUG] Received registration request from admin: { Name:peer1.Dell.com Type:user Secret:**** MaxEnrollments:0 Affiliation:org1 Attributes:[] CAName:  }
2018/07/31 15:35:04 [DEBUG] DB: Getting identity admin
2018/07/31 15:35:04 [DEBUG] canRegister - Check to see if user 'admin' can register
2018/07/31 15:35:04 [DEBUG] Checking to see if caller 'admin' is a registrar
2018/07/31 15:35:04 [DEBUG] Validate Affiliation
2018/07/31 15:35:04 [DEBUG] Checking to see if affiliation 'org1' contains caller's affiliation ''
2018/07/31 15:35:04 [DEBUG] Caller has root affiliation
2018/07/31 15:35:04 [DEBUG] Validate ID
2018/07/31 15:35:04 [DEBUG] Validating affiliation: org1
2018/07/31 15:35:04 [DEBUG] DB: Get affiliation org1
2018/07/31 15:35:04 [DEBUG] Registering user id: peer1.Dell.com
2018/07/31 15:35:04 [DEBUG] Max enrollment value verification - User specified max enrollment: 0, CA max enrollment: -1
2018/07/31 15:35:04 [DEBUG] DB: Getting identity peer1.Dell.com
2018/07/31 15:35:04 [DEBUG] DB: Add identity peer1.Dell.com
2018/07/31 15:35:04 [DEBUG] Successfully added identity peer1.Dell.com to the database
2018/07/31 15:35:04 [INFO] [::1]:50187 POST /register 201 0 "OK"
2018/07/31 15:35:04 [DEBUG] Received request for /enroll
2018/07/31 15:35:04 [DEBUG] ca.Config: &{Version:1.1.1-snapshot-e656889 Cfg:{Identities:{AllowRemove:false} Affiliations:{AllowRemove:false}} CA:{Name: Keyfile:/Users/vladislavivanov/HLF/pcxchg/crypto-config/peerOrganizations/Dell.com/ca/root/ca-key.pem Certfile:/Users/vladislavivanov/HLF/pcxchg/crypto-config/peerOrganizations/Dell.com/ca/root/ca-cert.pem Chainfile:/Users/vladislavivanov/HLF/pcxchg/crypto-config/peerOrganizations/Dell.com/ca/root/ca-chain.pem} Signing:0xc4202fe600 CSR:{CN:fabric-ca-server Names:[{C:US ST:North Carolina L: O:Hyperledger OU:Fabric SerialNumber:}] Hosts:[Vladislavs-MacBook-Pro.local localhost] KeyRequest:0xc420308640 CA:0xc4202bfd80 SerialNumber:} Registry:{MaxEnrollments:-1 Identities:[{ Name:**** Pass:**** Type:client Affiliation: MaxEnrollments:0 Attrs:map[hf.IntermediateCA:1 hf.GenCRL:1 hf.Registrar.Attributes:* hf.AffiliationMgr:1 hf.Registrar.Roles:peer,orderer,client,user hf.Registrar.DelegateRoles:peer,orderer,client,user hf.Revoker:1]  }]} Affiliations:map[org1:[department1 department2] org2:[department1]] LDAP:{ Enabled:false URL:ldap://****:****@<host>:<port>/<base> UserFilter:(uid=%s) GroupFilter:(memberUid=%s) Attribute:{[uid member] [{ }] map[groups:[{ }]]} TLS:{false [] { }}  } DB:{ Type:sqlite3 Datasource:/Users/vladislavivanov/HLF/pcxchg/crypto-config/peerOrganizations/Dell.com/ca/root/fabric-ca-server.db TLS:{false [] { }}  } CSP:0xc4202cb530 Client:<nil> Intermediate:{ParentServer:{ URL: CAName:  } TLS:{Enabled:false CertFiles:[] Client:{KeyFile: CertFile:}} Enrollment:{ Name: Secret:**** Profile: Label: CSR:<nil> CAName: AttrReqs:[]  }} CRL:{Expiry:24h0m0s}}
2018/07/31 15:35:04 [DEBUG] DB: Getting identity peer1.Dell.com
2018/07/31 15:35:04 [DEBUG] DB: Login user peer1.Dell.com with max enrollments of -1 and state of 0
2018/07/31 15:35:04 [DEBUG] DB: identity peer1.Dell.com successfully logged in
2018/07/31 15:35:04 [DEBUG] Processing sign request: id=peer1.Dell.com, CommonName=peer1.Dell.com, Subject=<nil>
2018/07/31 15:35:04 [DEBUG] Request is not for a CA signing certificate
2018/07/31 15:35:04 [DEBUG] Checking CSR fields to make sure that they do not exceed maximum character limits
2018/07/31 15:35:04 [DEBUG] DB: Getting identity peer1.Dell.com
2018/07/31 15:35:04 [DEBUG] Finished processing sign request
2018/07/31 15:35:04 [DEBUG] DB: Getting identity peer1.Dell.com
2018/07/31 15:35:04 [DEBUG] Attribute extension being added to certificate is: &{ID:[1 2 3 4 5 6 7 8 1] Critical:false Value:7b226174747273223a7b2268662e416666696c696174696f6e223a226f726731222c2268662e456e726f6c6c6d656e744944223a2270656572312e44656c6c2e636f6d222c2268662e54797065223a2275736572227d7d}
2018/07/31 15:35:04 [DEBUG] Adding attribute extension to CSR: &{ID:[1 2 3 4 5 6 7 8 1] Critical:false Value:7b226174747273223a7b2268662e416666696c696174696f6e223a226f726731222c2268662e456e726f6c6c6d656e744944223a2270656572312e44656c6c2e636f6d222c2268662e54797065223a2275736572227d7d}
2018/07/31 15:35:04 [INFO] signed certificate with serial number 300370914644588378194166456020364780089590558876
2018/07/31 15:35:04 [DEBUG] DB: Insert Certificate
2018/07/31 15:35:04 [DEBUG] Saved serial number as hex 349d18ff4a4386b837512323f2443c6563fe309c
2018/07/31 15:35:04 [DEBUG] saved certificate with serial number 300370914644588378194166456020364780089590558876
2018/07/31 15:35:04 [DEBUG] Successfully incremented state for identity peer1.Dell.com to 1
2018/07/31 15:35:04 [INFO] [::1]:50190 POST /enroll 201 0 "OK"
2018/07/31 15:35:05 [DEBUG] Received request for /cainfo
2018/07/31 15:35:05 [INFO] [::1]:50194 POST /cainfo 200 0 "OK"
