2018/07/02 15:26:37 [INFO] Created default configuration file at /Users/vladislavivanov/HLF/pcxchg/__crypto-config/peerOrganizations/HP.com/ca/root/fabric-ca-server-config.yaml
2018/07/02 15:26:37 [INFO] Starting server in home directory: /Users/vladislavivanov/HLF/pcxchg/__crypto-config/peerOrganizations/HP.com/ca/root
2018/07/02 15:26:37 [INFO] Server Version: 1.1.1-snapshot-e656889
2018/07/02 15:26:37 [INFO] Server Levels: &{Identity:1 Affiliation:1 Certificate:1}
2018/07/02 15:26:37 [DEBUG] Making server filenames absolute
2018/07/02 15:26:37 [DEBUG] Initializing default CA in directory /Users/vladislavivanov/HLF/pcxchg/__crypto-config/peerOrganizations/HP.com/ca/root
2018/07/02 15:26:37 [DEBUG] Init CA with home /Users/vladislavivanov/HLF/pcxchg/__crypto-config/peerOrganizations/HP.com/ca/root and config {Version:1.1.1-snapshot-e656889 Cfg:{Identities:{AllowRemove:false} Affiliations:{AllowRemove:false}} CA:{Name: Keyfile: Certfile:ca-cert.pem Chainfile:ca-chain.pem} Signing:0xc4203471a0 CSR:{CN:fabric-ca-server Names:[{C:US ST:North Carolina L: O:Hyperledger OU:Fabric SerialNumber:}] Hosts:[Vladislavs-MacBook-Pro.local localhost] KeyRequest:<nil> CA:0xc420350780 SerialNumber:} Registry:{MaxEnrollments:-1 Identities:[{ Name:**** Pass:**** Type:client Affiliation: MaxEnrollments:0 Attrs:map[hf.GenCRL:1 hf.Registrar.Attributes:* hf.AffiliationMgr:1 hf.Registrar.Roles:peer,orderer,client,user hf.Registrar.DelegateRoles:peer,orderer,client,user hf.Revoker:1 hf.IntermediateCA:1]  }]} Affiliations:map[org1:[department1 department2] org2:[department1]] LDAP:{ Enabled:false URL:ldap://****:****@<host>:<port>/<base> UserFilter:(uid=%s) GroupFilter:(memberUid=%s) Attribute:{[uid member] [{ }] map[groups:[{ }]]} TLS:{false [] { }}  } DB:{ Type:sqlite3 Datasource:fabric-ca-server.db TLS:{false [] { }}  } CSP:0xc420336780 Client:<nil> Intermediate:{ParentServer:{ URL: CAName:  } TLS:{Enabled:false CertFiles:[] Client:{KeyFile: CertFile:}} Enrollment:{ Name: Secret:**** Profile: Label: CSR:<nil> CAName: AttrReqs:[]  }} CRL:{Expiry:24h0m0s}}
2018/07/02 15:26:37 [DEBUG] CA Home Directory: /Users/vladislavivanov/HLF/pcxchg/__crypto-config/peerOrganizations/HP.com/ca/root
2018/07/02 15:26:37 [DEBUG] Checking configuration file version '1.1.1-snapshot-e656889' against server version: '1.1.1-snapshot-e656889'
2018/07/02 15:26:37 [DEBUG] Initializing BCCSP: &{ProviderName:SW SwOpts:0xc4203367e0 PluginOpts:<nil> Pkcs11Opts:<nil>}
2018/07/02 15:26:37 [DEBUG] Initializing BCCSP with software options &{SecLevel:256 HashFamily:SHA2 Ephemeral:false FileKeystore:0xc420347030 DummyKeystore:<nil>}
2018/07/02 15:26:37 [DEBUG] Initialize key material
2018/07/02 15:26:37 [DEBUG] Making CA filenames absolute
2018/07/02 15:26:37 [DEBUG] Root CA certificate request: {CN:fabric-ca-server Names:[{C:US ST:North Carolina L: O:Hyperledger OU:Fabric SerialNumber:}] Hosts:[Vladislavs-MacBook-Pro.local localhost] KeyRequest:0xc420350ce0 CA:0xc420350780 SerialNumber:}
2018/07/02 15:26:37 [INFO] generating key: &{A:ecdsa S:256}
2018/07/02 15:26:37 [DEBUG] generate key from request: algo=ecdsa, size=256
2018/07/02 15:26:37 [INFO] encoded CSR
2018/07/02 15:26:37 [DEBUG] validating configuration
2018/07/02 15:26:37 [DEBUG] validate local profile
2018/07/02 15:26:37 [DEBUG] profile is valid
2018/07/02 15:26:37 [INFO] signed certificate with serial number 308222649566890838702527556547025123843710204291
2018/07/02 15:26:37 [INFO] The CA key and certificate were generated for CA 
2018/07/02 15:26:37 [INFO] The key was stored by BCCSP provider 'SW'
2018/07/02 15:26:37 [INFO] The certificate is at: /Users/vladislavivanov/HLF/pcxchg/__crypto-config/peerOrganizations/HP.com/ca/root/ca-cert.pem
2018/07/02 15:26:37 [DEBUG] Initializing DB
2018/07/02 15:26:37 [DEBUG] Initializing 'sqlite3' database at '/Users/vladislavivanov/HLF/pcxchg/__crypto-config/peerOrganizations/HP.com/ca/root/fabric-ca-server.db'
2018/07/02 15:26:37 [DEBUG] Using sqlite database, connect to database in home (/Users/vladislavivanov/HLF/pcxchg/__crypto-config/peerOrganizations/HP.com/ca/root/fabric-ca-server.db) directory
2018/07/02 15:26:37 [DEBUG] Creating SQLite database (/Users/vladislavivanov/HLF/pcxchg/__crypto-config/peerOrganizations/HP.com/ca/root/fabric-ca-server.db) if it does not exist...
2018/07/02 15:26:37 [DEBUG] Creating users table if it does not exist
2018/07/02 15:26:37 [DEBUG] Creating affiliations table if it does not exist
2018/07/02 15:26:37 [DEBUG] Creating certificates table if it does not exist
2018/07/02 15:26:37 [DEBUG] Creating properties table if it does not exist
2018/07/02 15:26:37 [DEBUG] Successfully opened sqlite3 DB
2018/07/02 15:26:37 [DEBUG] Checking database schema...
2018/07/02 15:26:37 [DEBUG] Update SQLite schema, if using outdated schema
2018/07/02 15:26:37 [DEBUG] Upgrade identities table
2018/07/02 15:26:37 [DEBUG] Creating users table if it does not exist
2018/07/02 15:26:37 [DEBUG] Upgrade affiliation table
2018/07/02 15:26:37 [DEBUG] Creating affiliations table if it does not exist
2018/07/02 15:26:37 [DEBUG] Upgrade certificates table
2018/07/02 15:26:37 [DEBUG] Creating certificates table if it does not exist
2018/07/02 15:26:37 [DEBUG] Initializing identity registry
2018/07/02 15:26:37 [DEBUG] Initialized DB identity registry
2018/07/02 15:26:37 [DEBUG] DB: Get properties [identity.level affiliation.level certificate.level]
2018/07/02 15:26:37 [DEBUG] Checking database levels 'map[affiliation.level:0 certificate.level:0 identity.level:0]' against server levels '&{Identity:1 Affiliation:1 Certificate:1}'
2018/07/02 15:26:37 [DEBUG] Loading identity table
2018/07/02 15:26:37 [DEBUG] Loading identity 'admin'
2018/07/02 15:26:37 [DEBUG] DB: Getting identity admin
2018/07/02 15:26:37 [DEBUG] Max enrollment value verification - User specified max enrollment: 0, CA max enrollment: -1
2018/07/02 15:26:37 [DEBUG] DB: Add identity admin
2018/07/02 15:26:37 [DEBUG] Successfully added identity admin to the database
2018/07/02 15:26:37 [DEBUG] Registered identity: { Name:**** Pass:**** Type:client Affiliation: MaxEnrollments:-1 Attrs:map[hf.Revoker:1 hf.IntermediateCA:1 hf.GenCRL:1 hf.Registrar.Attributes:* hf.AffiliationMgr:1 hf.Registrar.Roles:peer,orderer,client,user hf.Registrar.DelegateRoles:peer,orderer,client,user]  }
2018/07/02 15:26:37 [DEBUG] Successfully loaded identity table
2018/07/02 15:26:37 [DEBUG] Loading affiliations table
2018/07/02 15:26:37 [DEBUG] DB: Add affiliation org1
2018/07/02 15:26:37 [DEBUG] Affiliation 'org1' added
2018/07/02 15:26:37 [DEBUG] DB: Add affiliation org1.department1
2018/07/02 15:26:37 [DEBUG] Affiliation 'org1.department1' added
2018/07/02 15:26:37 [DEBUG] DB: Add affiliation org1.department2
2018/07/02 15:26:37 [DEBUG] Affiliation 'org1.department2' added
2018/07/02 15:26:37 [DEBUG] DB: Add affiliation org2
2018/07/02 15:26:37 [DEBUG] Affiliation 'org2' added
2018/07/02 15:26:37 [DEBUG] DB: Add affiliation org2.department1
2018/07/02 15:26:37 [DEBUG] Affiliation 'org2.department1' added
2018/07/02 15:26:37 [DEBUG] Successfully loaded affiliations table
2018/07/02 15:26:37 [DEBUG] Checking and performing migration, if needed
2018/07/02 15:26:37 [DEBUG] Updating database level to &{Identity:1 Affiliation:1 Certificate:1}
2018/07/02 15:26:37 [INFO] Initialized sqlite3 database at /Users/vladislavivanov/HLF/pcxchg/__crypto-config/peerOrganizations/HP.com/ca/root/fabric-ca-server.db
2018/07/02 15:26:37 [DEBUG] Initializing enrollment signer
2018/07/02 15:26:37 [DEBUG] validating configuration
2018/07/02 15:26:37 [DEBUG] validate local profile
2018/07/02 15:26:37 [DEBUG] profile is valid
2018/07/02 15:26:37 [DEBUG] validate local profile
2018/07/02 15:26:37 [DEBUG] profile is valid
2018/07/02 15:26:37 [DEBUG] validate local profile
2018/07/02 15:26:37 [DEBUG] profile is valid
2018/07/02 15:26:37 [DEBUG] CA initialization successful
2018/07/02 15:26:37 [INFO] Home directory for default CA: /Users/vladislavivanov/HLF/pcxchg/__crypto-config/peerOrganizations/HP.com/ca/root
2018/07/02 15:26:37 [DEBUG] 1 CA instance(s) running on server
2018/07/02 15:26:37 [INFO] Listening on http://0.0.0.0:7106
2018/07/02 15:26:38 [DEBUG] Received request for /enroll
2018/07/02 15:26:38 [DEBUG] ca.Config: &{Version:1.1.1-snapshot-e656889 Cfg:{Identities:{AllowRemove:false} Affiliations:{AllowRemove:false}} CA:{Name: Keyfile:/Users/vladislavivanov/HLF/pcxchg/__crypto-config/peerOrganizations/HP.com/ca/root/ca-key.pem Certfile:/Users/vladislavivanov/HLF/pcxchg/__crypto-config/peerOrganizations/HP.com/ca/root/ca-cert.pem Chainfile:/Users/vladislavivanov/HLF/pcxchg/__crypto-config/peerOrganizations/HP.com/ca/root/ca-chain.pem} Signing:0xc4203471a0 CSR:{CN:fabric-ca-server Names:[{C:US ST:North Carolina L: O:Hyperledger OU:Fabric SerialNumber:}] Hosts:[Vladislavs-MacBook-Pro.local localhost] KeyRequest:0xc420350cc0 CA:0xc420350780 SerialNumber:} Registry:{MaxEnrollments:-1 Identities:[{ Name:**** Pass:**** Type:client Affiliation: MaxEnrollments:0 Attrs:map[hf.Registrar.DelegateRoles:peer,orderer,client,user hf.Revoker:1 hf.IntermediateCA:1 hf.GenCRL:1 hf.Registrar.Attributes:* hf.AffiliationMgr:1 hf.Registrar.Roles:peer,orderer,client,user]  }]} Affiliations:map[org1:[department1 department2] org2:[department1]] LDAP:{ Enabled:false URL:ldap://****:****@<host>:<port>/<base> UserFilter:(uid=%s) GroupFilter:(memberUid=%s) Attribute:{[uid member] [{ }] map[groups:[{ }]]} TLS:{false [] { }}  } DB:{ Type:sqlite3 Datasource:/Users/vladislavivanov/HLF/pcxchg/__crypto-config/peerOrganizations/HP.com/ca/root/fabric-ca-server.db TLS:{false [] { }}  } CSP:0xc420336780 Client:<nil> Intermediate:{ParentServer:{ URL: CAName:  } TLS:{Enabled:false CertFiles:[] Client:{KeyFile: CertFile:}} Enrollment:{ Name: Secret:**** Profile: Label: CSR:<nil> CAName: AttrReqs:[]  }} CRL:{Expiry:24h0m0s}}
2018/07/02 15:26:38 [DEBUG] DB: Getting identity admin
2018/07/02 15:26:38 [DEBUG] DB: Login user admin with max enrollments of -1 and state of 0
2018/07/02 15:26:38 [DEBUG] DB: identity admin successfully logged in
2018/07/02 15:26:38 [DEBUG] Processing sign request: id=admin, CommonName=admin, Subject=<nil>
2018/07/02 15:26:38 [DEBUG] Request is not for a CA signing certificate
2018/07/02 15:26:38 [DEBUG] Checking CSR fields to make sure that they do not exceed maximum character limits
2018/07/02 15:26:38 [DEBUG] DB: Getting identity admin
2018/07/02 15:26:38 [DEBUG] Finished processing sign request
2018/07/02 15:26:38 [DEBUG] DB: Getting identity admin
2018/07/02 15:26:38 [INFO] signed certificate with serial number 237919179335696040743021112199934378417605830060
2018/07/02 15:26:38 [DEBUG] DB: Insert Certificate
2018/07/02 15:26:38 [DEBUG] Saved serial number as hex 29acaa3c2749630df5d2d366a3018dee74ebe5ac
2018/07/02 15:26:38 [DEBUG] saved certificate with serial number 237919179335696040743021112199934378417605830060
2018/07/02 15:26:38 [DEBUG] Successfully incremented state for identity admin to 1
2018/07/02 15:26:38 [INFO] 127.0.0.1:65359 POST /enroll 201 0 "OK"
2018/07/02 15:26:38 [DEBUG] Received request for /enroll
2018/07/02 15:26:38 [DEBUG] ca.Config: &{Version:1.1.1-snapshot-e656889 Cfg:{Identities:{AllowRemove:false} Affiliations:{AllowRemove:false}} CA:{Name: Keyfile:/Users/vladislavivanov/HLF/pcxchg/__crypto-config/peerOrganizations/HP.com/ca/root/ca-key.pem Certfile:/Users/vladislavivanov/HLF/pcxchg/__crypto-config/peerOrganizations/HP.com/ca/root/ca-cert.pem Chainfile:/Users/vladislavivanov/HLF/pcxchg/__crypto-config/peerOrganizations/HP.com/ca/root/ca-chain.pem} Signing:0xc4203471a0 CSR:{CN:fabric-ca-server Names:[{C:US ST:North Carolina L: O:Hyperledger OU:Fabric SerialNumber:}] Hosts:[Vladislavs-MacBook-Pro.local localhost] KeyRequest:0xc420350cc0 CA:0xc420350780 SerialNumber:} Registry:{MaxEnrollments:-1 Identities:[{ Name:**** Pass:**** Type:client Affiliation: MaxEnrollments:0 Attrs:map[hf.Registrar.Roles:peer,orderer,client,user hf.Registrar.DelegateRoles:peer,orderer,client,user hf.Revoker:1 hf.IntermediateCA:1 hf.GenCRL:1 hf.Registrar.Attributes:* hf.AffiliationMgr:1]  }]} Affiliations:map[org2:[department1] org1:[department1 department2]] LDAP:{ Enabled:false URL:ldap://****:****@<host>:<port>/<base> UserFilter:(uid=%s) GroupFilter:(memberUid=%s) Attribute:{[uid member] [{ }] map[groups:[{ }]]} TLS:{false [] { }}  } DB:{ Type:sqlite3 Datasource:/Users/vladislavivanov/HLF/pcxchg/__crypto-config/peerOrganizations/HP.com/ca/root/fabric-ca-server.db TLS:{false [] { }}  } CSP:0xc420336780 Client:<nil> Intermediate:{ParentServer:{ URL: CAName:  } TLS:{Enabled:false CertFiles:[] Client:{KeyFile: CertFile:}} Enrollment:{ Name: Secret:**** Profile: Label: CSR:<nil> CAName: AttrReqs:[]  }} CRL:{Expiry:24h0m0s}}
2018/07/02 15:26:38 [DEBUG] DB: Getting identity admin
2018/07/02 15:26:38 [DEBUG] DB: Login user admin with max enrollments of -1 and state of 1
2018/07/02 15:26:38 [DEBUG] DB: identity admin successfully logged in
2018/07/02 15:26:38 [DEBUG] Processing sign request: id=admin, CommonName=admin, Subject=<nil>
2018/07/02 15:26:38 [DEBUG] Request is not for a CA signing certificate
2018/07/02 15:26:38 [DEBUG] Checking CSR fields to make sure that they do not exceed maximum character limits
2018/07/02 15:26:38 [DEBUG] DB: Getting identity admin
2018/07/02 15:26:38 [DEBUG] Finished processing sign request
2018/07/02 15:26:38 [DEBUG] DB: Getting identity admin
2018/07/02 15:26:38 [INFO] signed certificate with serial number 117046542834333587163571142771714115316175336619
2018/07/02 15:26:38 [DEBUG] DB: Insert Certificate
2018/07/02 15:26:38 [DEBUG] Saved serial number as hex 14808c6ab66ca16640965e2a7216ccfbe737f4ab
2018/07/02 15:26:38 [DEBUG] saved certificate with serial number 117046542834333587163571142771714115316175336619
2018/07/02 15:26:38 [DEBUG] Successfully incremented state for identity admin to 2
2018/07/02 15:26:38 [INFO] 127.0.0.1:65366 POST /enroll 201 0 "OK"
2018/07/02 15:26:38 [DEBUG] Received request for /register
2018/07/02 15:26:38 [DEBUG] Checking for revocation/expiration of certificate owned by 'admin'
2018/07/02 15:26:38 [DEBUG] DB: Get certificate by serial (14808c6ab66ca16640965e2a7216ccfbe737f4ab) and aki (a19af80837635b889a5c34c3fca6c05ac3d79425)
2018/07/02 15:26:38 [DEBUG] Successful token authentication of 'admin'
2018/07/02 15:26:38 [DEBUG] Received registration request from admin: { Name:nodeAdmin Type:user Secret:**** MaxEnrollments:0 Affiliation:org1 Attributes:[] CAName:  }
2018/07/02 15:26:38 [DEBUG] DB: Getting identity admin
2018/07/02 15:26:38 [DEBUG] canRegister - Check to see if user 'admin' can register
2018/07/02 15:26:38 [DEBUG] Checking to see if caller 'admin' is a registrar
2018/07/02 15:26:38 [DEBUG] Validate Affiliation
2018/07/02 15:26:38 [DEBUG] Checking to see if affiliation 'org1' contains caller's affiliation ''
2018/07/02 15:26:38 [DEBUG] Caller has root affiliation
2018/07/02 15:26:38 [DEBUG] Validate ID
2018/07/02 15:26:38 [DEBUG] Validating affiliation: org1
2018/07/02 15:26:38 [DEBUG] DB: Get affiliation org1
2018/07/02 15:26:38 [DEBUG] Registering user id: nodeAdmin
2018/07/02 15:26:38 [DEBUG] Max enrollment value verification - User specified max enrollment: 0, CA max enrollment: -1
2018/07/02 15:26:38 [DEBUG] DB: Getting identity nodeAdmin
2018/07/02 15:26:38 [DEBUG] DB: Add identity nodeAdmin
2018/07/02 15:26:38 [DEBUG] Successfully added identity nodeAdmin to the database
2018/07/02 15:26:38 [INFO] 127.0.0.1:65369 POST /register 201 0 "OK"
2018/07/02 15:26:38 [DEBUG] Received request for /enroll
2018/07/02 15:26:38 [DEBUG] ca.Config: &{Version:1.1.1-snapshot-e656889 Cfg:{Identities:{AllowRemove:false} Affiliations:{AllowRemove:false}} CA:{Name: Keyfile:/Users/vladislavivanov/HLF/pcxchg/__crypto-config/peerOrganizations/HP.com/ca/root/ca-key.pem Certfile:/Users/vladislavivanov/HLF/pcxchg/__crypto-config/peerOrganizations/HP.com/ca/root/ca-cert.pem Chainfile:/Users/vladislavivanov/HLF/pcxchg/__crypto-config/peerOrganizations/HP.com/ca/root/ca-chain.pem} Signing:0xc4203471a0 CSR:{CN:fabric-ca-server Names:[{C:US ST:North Carolina L: O:Hyperledger OU:Fabric SerialNumber:}] Hosts:[Vladislavs-MacBook-Pro.local localhost] KeyRequest:0xc420350cc0 CA:0xc420350780 SerialNumber:} Registry:{MaxEnrollments:-1 Identities:[{ Name:**** Pass:**** Type:client Affiliation: MaxEnrollments:0 Attrs:map[hf.Revoker:1 hf.IntermediateCA:1 hf.GenCRL:1 hf.Registrar.Attributes:* hf.AffiliationMgr:1 hf.Registrar.Roles:peer,orderer,client,user hf.Registrar.DelegateRoles:peer,orderer,client,user]  }]} Affiliations:map[org1:[department1 department2] org2:[department1]] LDAP:{ Enabled:false URL:ldap://****:****@<host>:<port>/<base> UserFilter:(uid=%s) GroupFilter:(memberUid=%s) Attribute:{[uid member] [{ }] map[groups:[{ }]]} TLS:{false [] { }}  } DB:{ Type:sqlite3 Datasource:/Users/vladislavivanov/HLF/pcxchg/__crypto-config/peerOrganizations/HP.com/ca/root/fabric-ca-server.db TLS:{false [] { }}  } CSP:0xc420336780 Client:<nil> Intermediate:{ParentServer:{ URL: CAName:  } TLS:{Enabled:false CertFiles:[] Client:{KeyFile: CertFile:}} Enrollment:{ Name: Secret:**** Profile: Label: CSR:<nil> CAName: AttrReqs:[]  }} CRL:{Expiry:24h0m0s}}
2018/07/02 15:26:38 [DEBUG] DB: Getting identity nodeAdmin
2018/07/02 15:26:38 [DEBUG] DB: Login user nodeAdmin with max enrollments of -1 and state of 0
2018/07/02 15:26:38 [DEBUG] DB: identity nodeAdmin successfully logged in
2018/07/02 15:26:38 [DEBUG] Processing sign request: id=nodeAdmin, CommonName=nodeAdmin, Subject=<nil>
2018/07/02 15:26:38 [DEBUG] Request is not for a CA signing certificate
2018/07/02 15:26:38 [DEBUG] Checking CSR fields to make sure that they do not exceed maximum character limits
2018/07/02 15:26:38 [DEBUG] DB: Getting identity nodeAdmin
2018/07/02 15:26:38 [DEBUG] Finished processing sign request
2018/07/02 15:26:38 [DEBUG] DB: Getting identity nodeAdmin
2018/07/02 15:26:38 [DEBUG] Attribute extension being added to certificate is: &{ID:[1 2 3 4 5 6 7 8 1] Critical:false Value:7b226174747273223a7b2268662e416666696c696174696f6e223a226f726731222c2268662e456e726f6c6c6d656e744944223a226e6f646541646d696e222c2268662e54797065223a2275736572227d7d}
2018/07/02 15:26:38 [DEBUG] Adding attribute extension to CSR: &{ID:[1 2 3 4 5 6 7 8 1] Critical:false Value:7b226174747273223a7b2268662e416666696c696174696f6e223a226f726731222c2268662e456e726f6c6c6d656e744944223a226e6f646541646d696e222c2268662e54797065223a2275736572227d7d}
2018/07/02 15:26:38 [INFO] signed certificate with serial number 709958106632473248187870841958267720146304435623
2018/07/02 15:26:38 [DEBUG] DB: Insert Certificate
2018/07/02 15:26:38 [DEBUG] Saved serial number as hex 7c5b9f5f2adaa57de07f366425bf5a595d8905a7
2018/07/02 15:26:38 [DEBUG] saved certificate with serial number 709958106632473248187870841958267720146304435623
2018/07/02 15:26:38 [DEBUG] Successfully incremented state for identity nodeAdmin to 1
2018/07/02 15:26:38 [INFO] 127.0.0.1:65372 POST /enroll 201 0 "OK"
2018/07/02 15:26:38 [DEBUG] Received request for /register
2018/07/02 15:26:38 [DEBUG] Checking for revocation/expiration of certificate owned by 'admin'
2018/07/02 15:26:38 [DEBUG] DB: Get certificate by serial (14808c6ab66ca16640965e2a7216ccfbe737f4ab) and aki (a19af80837635b889a5c34c3fca6c05ac3d79425)
2018/07/02 15:26:38 [DEBUG] Successful token authentication of 'admin'
2018/07/02 15:26:38 [DEBUG] Received registration request from admin: { Name:User1@HP.com Type:user Secret:**** MaxEnrollments:0 Affiliation:org1 Attributes:[] CAName:  }
2018/07/02 15:26:38 [DEBUG] DB: Getting identity admin
2018/07/02 15:26:38 [DEBUG] canRegister - Check to see if user 'admin' can register
2018/07/02 15:26:38 [DEBUG] Checking to see if caller 'admin' is a registrar
2018/07/02 15:26:38 [DEBUG] Validate Affiliation
2018/07/02 15:26:38 [DEBUG] Checking to see if affiliation 'org1' contains caller's affiliation ''
2018/07/02 15:26:38 [DEBUG] Caller has root affiliation
2018/07/02 15:26:38 [DEBUG] Validate ID
2018/07/02 15:26:38 [DEBUG] Validating affiliation: org1
2018/07/02 15:26:38 [DEBUG] DB: Get affiliation org1
2018/07/02 15:26:38 [DEBUG] Registering user id: User1@HP.com
2018/07/02 15:26:38 [DEBUG] Max enrollment value verification - User specified max enrollment: 0, CA max enrollment: -1
2018/07/02 15:26:38 [DEBUG] DB: Getting identity User1@HP.com
2018/07/02 15:26:38 [DEBUG] DB: Add identity User1@HP.com
2018/07/02 15:26:38 [DEBUG] Successfully added identity User1@HP.com to the database
2018/07/02 15:26:38 [INFO] 127.0.0.1:65375 POST /register 201 0 "OK"
2018/07/02 15:26:38 [DEBUG] Received request for /enroll
2018/07/02 15:26:38 [DEBUG] ca.Config: &{Version:1.1.1-snapshot-e656889 Cfg:{Identities:{AllowRemove:false} Affiliations:{AllowRemove:false}} CA:{Name: Keyfile:/Users/vladislavivanov/HLF/pcxchg/__crypto-config/peerOrganizations/HP.com/ca/root/ca-key.pem Certfile:/Users/vladislavivanov/HLF/pcxchg/__crypto-config/peerOrganizations/HP.com/ca/root/ca-cert.pem Chainfile:/Users/vladislavivanov/HLF/pcxchg/__crypto-config/peerOrganizations/HP.com/ca/root/ca-chain.pem} Signing:0xc4203471a0 CSR:{CN:fabric-ca-server Names:[{C:US ST:North Carolina L: O:Hyperledger OU:Fabric SerialNumber:}] Hosts:[Vladislavs-MacBook-Pro.local localhost] KeyRequest:0xc420350cc0 CA:0xc420350780 SerialNumber:} Registry:{MaxEnrollments:-1 Identities:[{ Name:**** Pass:**** Type:client Affiliation: MaxEnrollments:0 Attrs:map[hf.Registrar.DelegateRoles:peer,orderer,client,user hf.Revoker:1 hf.IntermediateCA:1 hf.GenCRL:1 hf.Registrar.Attributes:* hf.AffiliationMgr:1 hf.Registrar.Roles:peer,orderer,client,user]  }]} Affiliations:map[org1:[department1 department2] org2:[department1]] LDAP:{ Enabled:false URL:ldap://****:****@<host>:<port>/<base> UserFilter:(uid=%s) GroupFilter:(memberUid=%s) Attribute:{[uid member] [{ }] map[groups:[{ }]]} TLS:{false [] { }}  } DB:{ Type:sqlite3 Datasource:/Users/vladislavivanov/HLF/pcxchg/__crypto-config/peerOrganizations/HP.com/ca/root/fabric-ca-server.db TLS:{false [] { }}  } CSP:0xc420336780 Client:<nil> Intermediate:{ParentServer:{ URL: CAName:  } TLS:{Enabled:false CertFiles:[] Client:{KeyFile: CertFile:}} Enrollment:{ Name: Secret:**** Profile: Label: CSR:<nil> CAName: AttrReqs:[]  }} CRL:{Expiry:24h0m0s}}
2018/07/02 15:26:38 [DEBUG] DB: Getting identity User1@HP.com
2018/07/02 15:26:38 [DEBUG] DB: Login user User1@HP.com with max enrollments of -1 and state of 0
2018/07/02 15:26:38 [DEBUG] DB: identity User1@HP.com successfully logged in
2018/07/02 15:26:38 [DEBUG] Processing sign request: id=User1@HP.com, CommonName=User1@HP.com, Subject=<nil>
2018/07/02 15:26:38 [DEBUG] Request is not for a CA signing certificate
2018/07/02 15:26:38 [DEBUG] Checking CSR fields to make sure that they do not exceed maximum character limits
2018/07/02 15:26:38 [DEBUG] DB: Getting identity User1@HP.com
2018/07/02 15:26:38 [DEBUG] Finished processing sign request
2018/07/02 15:26:38 [DEBUG] DB: Getting identity User1@HP.com
2018/07/02 15:26:38 [DEBUG] Attribute extension being added to certificate is: &{ID:[1 2 3 4 5 6 7 8 1] Critical:false Value:7b226174747273223a7b2268662e416666696c696174696f6e223a226f726731222c2268662e456e726f6c6c6d656e744944223a2255736572314048502e636f6d222c2268662e54797065223a2275736572227d7d}
2018/07/02 15:26:38 [DEBUG] Adding attribute extension to CSR: &{ID:[1 2 3 4 5 6 7 8 1] Critical:false Value:7b226174747273223a7b2268662e416666696c696174696f6e223a226f726731222c2268662e456e726f6c6c6d656e744944223a2255736572314048502e636f6d222c2268662e54797065223a2275736572227d7d}
2018/07/02 15:26:38 [INFO] signed certificate with serial number 314598494997862435775301906832066320278050090196
2018/07/02 15:26:38 [DEBUG] DB: Insert Certificate
2018/07/02 15:26:38 [DEBUG] Saved serial number as hex 371b159c1e3221382b0149628f9c9ce652d4acd4
2018/07/02 15:26:38 [DEBUG] saved certificate with serial number 314598494997862435775301906832066320278050090196
2018/07/02 15:26:38 [DEBUG] Successfully incremented state for identity User1@HP.com to 1
2018/07/02 15:26:38 [INFO] 127.0.0.1:65378 POST /enroll 201 0 "OK"
2018/07/02 15:26:38 [DEBUG] Received request for /enroll
2018/07/02 15:26:38 [DEBUG] ca.Config: &{Version:1.1.1-snapshot-e656889 Cfg:{Identities:{AllowRemove:false} Affiliations:{AllowRemove:false}} CA:{Name: Keyfile:/Users/vladislavivanov/HLF/pcxchg/__crypto-config/peerOrganizations/HP.com/ca/root/ca-key.pem Certfile:/Users/vladislavivanov/HLF/pcxchg/__crypto-config/peerOrganizations/HP.com/ca/root/ca-cert.pem Chainfile:/Users/vladislavivanov/HLF/pcxchg/__crypto-config/peerOrganizations/HP.com/ca/root/ca-chain.pem} Signing:0xc4203471a0 CSR:{CN:fabric-ca-server Names:[{C:US ST:North Carolina L: O:Hyperledger OU:Fabric SerialNumber:}] Hosts:[Vladislavs-MacBook-Pro.local localhost] KeyRequest:0xc420350cc0 CA:0xc420350780 SerialNumber:} Registry:{MaxEnrollments:-1 Identities:[{ Name:**** Pass:**** Type:client Affiliation: MaxEnrollments:0 Attrs:map[hf.AffiliationMgr:1 hf.Registrar.Roles:peer,orderer,client,user hf.Registrar.DelegateRoles:peer,orderer,client,user hf.Revoker:1 hf.IntermediateCA:1 hf.GenCRL:1 hf.Registrar.Attributes:*]  }]} Affiliations:map[org1:[department1 department2] org2:[department1]] LDAP:{ Enabled:false URL:ldap://****:****@<host>:<port>/<base> UserFilter:(uid=%s) GroupFilter:(memberUid=%s) Attribute:{[uid member] [{ }] map[groups:[{ }]]} TLS:{false [] { }}  } DB:{ Type:sqlite3 Datasource:/Users/vladislavivanov/HLF/pcxchg/__crypto-config/peerOrganizations/HP.com/ca/root/fabric-ca-server.db TLS:{false [] { }}  } CSP:0xc420336780 Client:<nil> Intermediate:{ParentServer:{ URL: CAName:  } TLS:{Enabled:false CertFiles:[] Client:{KeyFile: CertFile:}} Enrollment:{ Name: Secret:**** Profile: Label: CSR:<nil> CAName: AttrReqs:[]  }} CRL:{Expiry:24h0m0s}}
2018/07/02 15:26:38 [DEBUG] DB: Getting identity admin
2018/07/02 15:26:38 [DEBUG] DB: Login user admin with max enrollments of -1 and state of 2
2018/07/02 15:26:38 [DEBUG] DB: identity admin successfully logged in
2018/07/02 15:26:38 [DEBUG] Processing sign request: id=admin, CommonName=admin, Subject=<nil>
2018/07/02 15:26:38 [DEBUG] Request is not for a CA signing certificate
2018/07/02 15:26:38 [DEBUG] Checking CSR fields to make sure that they do not exceed maximum character limits
2018/07/02 15:26:38 [DEBUG] DB: Getting identity admin
2018/07/02 15:26:38 [DEBUG] Finished processing sign request
2018/07/02 15:26:38 [DEBUG] DB: Getting identity admin
2018/07/02 15:26:38 [INFO] signed certificate with serial number 314510921651050931054109717978923866970431715268
2018/07/02 15:26:38 [DEBUG] DB: Insert Certificate
2018/07/02 15:26:38 [DEBUG] Saved serial number as hex 371728512e8aae649ca4c4c0ce9f62b49f7477c4
2018/07/02 15:26:38 [DEBUG] saved certificate with serial number 314510921651050931054109717978923866970431715268
2018/07/02 15:26:38 [DEBUG] Successfully incremented state for identity admin to 3
2018/07/02 15:26:38 [INFO] 127.0.0.1:65381 POST /enroll 201 0 "OK"
2018/07/02 15:26:39 [DEBUG] Received request for /register
2018/07/02 15:26:39 [DEBUG] Checking for revocation/expiration of certificate owned by 'admin'
2018/07/02 15:26:39 [DEBUG] DB: Get certificate by serial (14808c6ab66ca16640965e2a7216ccfbe737f4ab) and aki (a19af80837635b889a5c34c3fca6c05ac3d79425)
2018/07/02 15:26:39 [DEBUG] Successful token authentication of 'admin'
2018/07/02 15:26:39 [DEBUG] Received registration request from admin: { Name:peer0.HP.com Type:user Secret:**** MaxEnrollments:0 Affiliation:org1 Attributes:[] CAName:  }
2018/07/02 15:26:39 [DEBUG] DB: Getting identity admin
2018/07/02 15:26:39 [DEBUG] canRegister - Check to see if user 'admin' can register
2018/07/02 15:26:39 [DEBUG] Checking to see if caller 'admin' is a registrar
2018/07/02 15:26:39 [DEBUG] Validate Affiliation
2018/07/02 15:26:39 [DEBUG] Checking to see if affiliation 'org1' contains caller's affiliation ''
2018/07/02 15:26:39 [DEBUG] Caller has root affiliation
2018/07/02 15:26:39 [DEBUG] Validate ID
2018/07/02 15:26:39 [DEBUG] Validating affiliation: org1
2018/07/02 15:26:39 [DEBUG] DB: Get affiliation org1
2018/07/02 15:26:39 [DEBUG] Registering user id: peer0.HP.com
2018/07/02 15:26:39 [DEBUG] Max enrollment value verification - User specified max enrollment: 0, CA max enrollment: -1
2018/07/02 15:26:39 [DEBUG] DB: Getting identity peer0.HP.com
2018/07/02 15:26:39 [DEBUG] DB: Add identity peer0.HP.com
2018/07/02 15:26:39 [DEBUG] Successfully added identity peer0.HP.com to the database
2018/07/02 15:26:39 [INFO] 127.0.0.1:65384 POST /register 201 0 "OK"
2018/07/02 15:26:39 [DEBUG] Received request for /enroll
2018/07/02 15:26:39 [DEBUG] ca.Config: &{Version:1.1.1-snapshot-e656889 Cfg:{Identities:{AllowRemove:false} Affiliations:{AllowRemove:false}} CA:{Name: Keyfile:/Users/vladislavivanov/HLF/pcxchg/__crypto-config/peerOrganizations/HP.com/ca/root/ca-key.pem Certfile:/Users/vladislavivanov/HLF/pcxchg/__crypto-config/peerOrganizations/HP.com/ca/root/ca-cert.pem Chainfile:/Users/vladislavivanov/HLF/pcxchg/__crypto-config/peerOrganizations/HP.com/ca/root/ca-chain.pem} Signing:0xc4203471a0 CSR:{CN:fabric-ca-server Names:[{C:US ST:North Carolina L: O:Hyperledger OU:Fabric SerialNumber:}] Hosts:[Vladislavs-MacBook-Pro.local localhost] KeyRequest:0xc420350cc0 CA:0xc420350780 SerialNumber:} Registry:{MaxEnrollments:-1 Identities:[{ Name:**** Pass:**** Type:client Affiliation: MaxEnrollments:0 Attrs:map[hf.Registrar.Attributes:* hf.AffiliationMgr:1 hf.Registrar.Roles:peer,orderer,client,user hf.Registrar.DelegateRoles:peer,orderer,client,user hf.Revoker:1 hf.IntermediateCA:1 hf.GenCRL:1]  }]} Affiliations:map[org1:[department1 department2] org2:[department1]] LDAP:{ Enabled:false URL:ldap://****:****@<host>:<port>/<base> UserFilter:(uid=%s) GroupFilter:(memberUid=%s) Attribute:{[uid member] [{ }] map[groups:[{ }]]} TLS:{false [] { }}  } DB:{ Type:sqlite3 Datasource:/Users/vladislavivanov/HLF/pcxchg/__crypto-config/peerOrganizations/HP.com/ca/root/fabric-ca-server.db TLS:{false [] { }}  } CSP:0xc420336780 Client:<nil> Intermediate:{ParentServer:{ URL: CAName:  } TLS:{Enabled:false CertFiles:[] Client:{KeyFile: CertFile:}} Enrollment:{ Name: Secret:**** Profile: Label: CSR:<nil> CAName: AttrReqs:[]  }} CRL:{Expiry:24h0m0s}}
2018/07/02 15:26:39 [DEBUG] DB: Getting identity peer0.HP.com
2018/07/02 15:26:39 [DEBUG] DB: Login user peer0.HP.com with max enrollments of -1 and state of 0
2018/07/02 15:26:39 [DEBUG] DB: identity peer0.HP.com successfully logged in
2018/07/02 15:26:39 [DEBUG] Processing sign request: id=peer0.HP.com, CommonName=peer0.HP.com, Subject=<nil>
2018/07/02 15:26:39 [DEBUG] Request is not for a CA signing certificate
2018/07/02 15:26:39 [DEBUG] Checking CSR fields to make sure that they do not exceed maximum character limits
2018/07/02 15:26:39 [DEBUG] DB: Getting identity peer0.HP.com
2018/07/02 15:26:39 [DEBUG] Finished processing sign request
2018/07/02 15:26:39 [DEBUG] DB: Getting identity peer0.HP.com
2018/07/02 15:26:39 [DEBUG] Attribute extension being added to certificate is: &{ID:[1 2 3 4 5 6 7 8 1] Critical:false Value:7b226174747273223a7b2268662e416666696c696174696f6e223a226f726731222c2268662e456e726f6c6c6d656e744944223a2270656572302e48502e636f6d222c2268662e54797065223a2275736572227d7d}
2018/07/02 15:26:39 [DEBUG] Adding attribute extension to CSR: &{ID:[1 2 3 4 5 6 7 8 1] Critical:false Value:7b226174747273223a7b2268662e416666696c696174696f6e223a226f726731222c2268662e456e726f6c6c6d656e744944223a2270656572302e48502e636f6d222c2268662e54797065223a2275736572227d7d}
2018/07/02 15:26:39 [INFO] signed certificate with serial number 359178750919440005479283253695097855976575363956
2018/07/02 15:26:39 [DEBUG] DB: Insert Certificate
2018/07/02 15:26:39 [DEBUG] Saved serial number as hex 3eea21d99a5f64905967a0d7328056a0ca886b74
2018/07/02 15:26:39 [DEBUG] saved certificate with serial number 359178750919440005479283253695097855976575363956
2018/07/02 15:26:39 [DEBUG] Successfully incremented state for identity peer0.HP.com to 1
2018/07/02 15:26:39 [INFO] 127.0.0.1:65387 POST /enroll 201 0 "OK"
2018/07/02 15:26:39 [DEBUG] Received request for /enroll
2018/07/02 15:26:39 [DEBUG] ca.Config: &{Version:1.1.1-snapshot-e656889 Cfg:{Identities:{AllowRemove:false} Affiliations:{AllowRemove:false}} CA:{Name: Keyfile:/Users/vladislavivanov/HLF/pcxchg/__crypto-config/peerOrganizations/HP.com/ca/root/ca-key.pem Certfile:/Users/vladislavivanov/HLF/pcxchg/__crypto-config/peerOrganizations/HP.com/ca/root/ca-cert.pem Chainfile:/Users/vladislavivanov/HLF/pcxchg/__crypto-config/peerOrganizations/HP.com/ca/root/ca-chain.pem} Signing:0xc4203471a0 CSR:{CN:fabric-ca-server Names:[{C:US ST:North Carolina L: O:Hyperledger OU:Fabric SerialNumber:}] Hosts:[Vladislavs-MacBook-Pro.local localhost] KeyRequest:0xc420350cc0 CA:0xc420350780 SerialNumber:} Registry:{MaxEnrollments:-1 Identities:[{ Name:**** Pass:**** Type:client Affiliation: MaxEnrollments:0 Attrs:map[hf.Registrar.Attributes:* hf.AffiliationMgr:1 hf.Registrar.Roles:peer,orderer,client,user hf.Registrar.DelegateRoles:peer,orderer,client,user hf.Revoker:1 hf.IntermediateCA:1 hf.GenCRL:1]  }]} Affiliations:map[org1:[department1 department2] org2:[department1]] LDAP:{ Enabled:false URL:ldap://****:****@<host>:<port>/<base> UserFilter:(uid=%s) GroupFilter:(memberUid=%s) Attribute:{[uid member] [{ }] map[groups:[{ }]]} TLS:{false [] { }}  } DB:{ Type:sqlite3 Datasource:/Users/vladislavivanov/HLF/pcxchg/__crypto-config/peerOrganizations/HP.com/ca/root/fabric-ca-server.db TLS:{false [] { }}  } CSP:0xc420336780 Client:<nil> Intermediate:{ParentServer:{ URL: CAName:  } TLS:{Enabled:false CertFiles:[] Client:{KeyFile: CertFile:}} Enrollment:{ Name: Secret:**** Profile: Label: CSR:<nil> CAName: AttrReqs:[]  }} CRL:{Expiry:24h0m0s}}
2018/07/02 15:26:39 [DEBUG] DB: Getting identity admin
2018/07/02 15:26:39 [DEBUG] DB: Login user admin with max enrollments of -1 and state of 3
2018/07/02 15:26:39 [DEBUG] DB: identity admin successfully logged in
2018/07/02 15:26:39 [DEBUG] Processing sign request: id=admin, CommonName=admin, Subject=<nil>
2018/07/02 15:26:39 [DEBUG] Request is not for a CA signing certificate
2018/07/02 15:26:39 [DEBUG] Checking CSR fields to make sure that they do not exceed maximum character limits
2018/07/02 15:26:39 [DEBUG] DB: Getting identity admin
2018/07/02 15:26:39 [DEBUG] Finished processing sign request
2018/07/02 15:26:39 [DEBUG] DB: Getting identity admin
2018/07/02 15:26:39 [INFO] signed certificate with serial number 294840166130319923766110359872171259981065577611
2018/07/02 15:26:39 [DEBUG] DB: Insert Certificate
2018/07/02 15:26:39 [DEBUG] Saved serial number as hex 33a5171e34490b06d0fb3445efb832fd1ca7648b
2018/07/02 15:26:39 [DEBUG] saved certificate with serial number 294840166130319923766110359872171259981065577611
2018/07/02 15:26:39 [DEBUG] Successfully incremented state for identity admin to 4
2018/07/02 15:26:39 [INFO] 127.0.0.1:65390 POST /enroll 201 0 "OK"
2018/07/02 15:26:39 [DEBUG] Received request for /register
2018/07/02 15:26:39 [DEBUG] Checking for revocation/expiration of certificate owned by 'admin'
2018/07/02 15:26:39 [DEBUG] DB: Get certificate by serial (14808c6ab66ca16640965e2a7216ccfbe737f4ab) and aki (a19af80837635b889a5c34c3fca6c05ac3d79425)
2018/07/02 15:26:39 [DEBUG] Successful token authentication of 'admin'
2018/07/02 15:26:39 [DEBUG] Received registration request from admin: { Name:peer1.HP.com Type:user Secret:**** MaxEnrollments:0 Affiliation:org1 Attributes:[] CAName:  }
2018/07/02 15:26:39 [DEBUG] DB: Getting identity admin
2018/07/02 15:26:39 [DEBUG] canRegister - Check to see if user 'admin' can register
2018/07/02 15:26:39 [DEBUG] Checking to see if caller 'admin' is a registrar
2018/07/02 15:26:39 [DEBUG] Validate Affiliation
2018/07/02 15:26:39 [DEBUG] Checking to see if affiliation 'org1' contains caller's affiliation ''
2018/07/02 15:26:39 [DEBUG] Caller has root affiliation
2018/07/02 15:26:39 [DEBUG] Validate ID
2018/07/02 15:26:39 [DEBUG] Validating affiliation: org1
2018/07/02 15:26:39 [DEBUG] DB: Get affiliation org1
2018/07/02 15:26:39 [DEBUG] Registering user id: peer1.HP.com
2018/07/02 15:26:39 [DEBUG] Max enrollment value verification - User specified max enrollment: 0, CA max enrollment: -1
2018/07/02 15:26:39 [DEBUG] DB: Getting identity peer1.HP.com
2018/07/02 15:26:39 [DEBUG] DB: Add identity peer1.HP.com
2018/07/02 15:26:39 [DEBUG] Successfully added identity peer1.HP.com to the database
2018/07/02 15:26:39 [INFO] 127.0.0.1:65393 POST /register 201 0 "OK"
2018/07/02 15:26:39 [DEBUG] Received request for /enroll
2018/07/02 15:26:39 [DEBUG] ca.Config: &{Version:1.1.1-snapshot-e656889 Cfg:{Identities:{AllowRemove:false} Affiliations:{AllowRemove:false}} CA:{Name: Keyfile:/Users/vladislavivanov/HLF/pcxchg/__crypto-config/peerOrganizations/HP.com/ca/root/ca-key.pem Certfile:/Users/vladislavivanov/HLF/pcxchg/__crypto-config/peerOrganizations/HP.com/ca/root/ca-cert.pem Chainfile:/Users/vladislavivanov/HLF/pcxchg/__crypto-config/peerOrganizations/HP.com/ca/root/ca-chain.pem} Signing:0xc4203471a0 CSR:{CN:fabric-ca-server Names:[{C:US ST:North Carolina L: O:Hyperledger OU:Fabric SerialNumber:}] Hosts:[Vladislavs-MacBook-Pro.local localhost] KeyRequest:0xc420350cc0 CA:0xc420350780 SerialNumber:} Registry:{MaxEnrollments:-1 Identities:[{ Name:**** Pass:**** Type:client Affiliation: MaxEnrollments:0 Attrs:map[hf.GenCRL:1 hf.Registrar.Attributes:* hf.AffiliationMgr:1 hf.Registrar.Roles:peer,orderer,client,user hf.Registrar.DelegateRoles:peer,orderer,client,user hf.Revoker:1 hf.IntermediateCA:1]  }]} Affiliations:map[org2:[department1] org1:[department1 department2]] LDAP:{ Enabled:false URL:ldap://****:****@<host>:<port>/<base> UserFilter:(uid=%s) GroupFilter:(memberUid=%s) Attribute:{[uid member] [{ }] map[groups:[{ }]]} TLS:{false [] { }}  } DB:{ Type:sqlite3 Datasource:/Users/vladislavivanov/HLF/pcxchg/__crypto-config/peerOrganizations/HP.com/ca/root/fabric-ca-server.db TLS:{false [] { }}  } CSP:0xc420336780 Client:<nil> Intermediate:{ParentServer:{ URL: CAName:  } TLS:{Enabled:false CertFiles:[] Client:{KeyFile: CertFile:}} Enrollment:{ Name: Secret:**** Profile: Label: CSR:<nil> CAName: AttrReqs:[]  }} CRL:{Expiry:24h0m0s}}
2018/07/02 15:26:39 [DEBUG] DB: Getting identity peer1.HP.com
2018/07/02 15:26:39 [DEBUG] DB: Login user peer1.HP.com with max enrollments of -1 and state of 0
2018/07/02 15:26:39 [DEBUG] DB: identity peer1.HP.com successfully logged in
2018/07/02 15:26:39 [DEBUG] Processing sign request: id=peer1.HP.com, CommonName=peer1.HP.com, Subject=<nil>
2018/07/02 15:26:39 [DEBUG] Request is not for a CA signing certificate
2018/07/02 15:26:39 [DEBUG] Checking CSR fields to make sure that they do not exceed maximum character limits
2018/07/02 15:26:39 [DEBUG] DB: Getting identity peer1.HP.com
2018/07/02 15:26:39 [DEBUG] Finished processing sign request
2018/07/02 15:26:39 [DEBUG] DB: Getting identity peer1.HP.com
2018/07/02 15:26:39 [DEBUG] Attribute extension being added to certificate is: &{ID:[1 2 3 4 5 6 7 8 1] Critical:false Value:7b226174747273223a7b2268662e416666696c696174696f6e223a226f726731222c2268662e456e726f6c6c6d656e744944223a2270656572312e48502e636f6d222c2268662e54797065223a2275736572227d7d}
2018/07/02 15:26:39 [DEBUG] Adding attribute extension to CSR: &{ID:[1 2 3 4 5 6 7 8 1] Critical:false Value:7b226174747273223a7b2268662e416666696c696174696f6e223a226f726731222c2268662e456e726f6c6c6d656e744944223a2270656572312e48502e636f6d222c2268662e54797065223a2275736572227d7d}
2018/07/02 15:26:39 [INFO] signed certificate with serial number 441575169881543556313380854543494099491774400612
2018/07/02 15:26:39 [DEBUG] DB: Insert Certificate
2018/07/02 15:26:39 [DEBUG] Saved serial number as hex 4d58ea5a25da8a6269b02b343073a8bf0dc60864
2018/07/02 15:26:39 [DEBUG] saved certificate with serial number 441575169881543556313380854543494099491774400612
2018/07/02 15:26:39 [DEBUG] Successfully incremented state for identity peer1.HP.com to 1
2018/07/02 15:26:39 [INFO] 127.0.0.1:65396 POST /enroll 201 0 "OK"
2018/07/02 15:26:39 [DEBUG] Received request for /cainfo
2018/07/02 15:26:39 [INFO] 127.0.0.1:65399 POST /cainfo 200 0 "OK"
