2018/06/26 17:06:54 [INFO] Created default configuration file at /Users/vladislavivanov/HLF/pcxchg/crypto-config/peerOrganizations/Asus.com/ca/root/fabric-ca-server-config.yaml
2018/06/26 17:06:54 [INFO] Starting server in home directory: /Users/vladislavivanov/HLF/pcxchg/crypto-config/peerOrganizations/Asus.com/ca/root
2018/06/26 17:06:54 [INFO] Server Version: 1.1.1-snapshot-e656889
2018/06/26 17:06:54 [INFO] Server Levels: &{Identity:1 Affiliation:1 Certificate:1}
2018/06/26 17:06:54 [DEBUG] Making server filenames absolute
2018/06/26 17:06:54 [DEBUG] Initializing default CA in directory /Users/vladislavivanov/HLF/pcxchg/crypto-config/peerOrganizations/Asus.com/ca/root
2018/06/26 17:06:54 [DEBUG] Init CA with home /Users/vladislavivanov/HLF/pcxchg/crypto-config/peerOrganizations/Asus.com/ca/root and config {Version:1.1.1-snapshot-e656889 Cfg:{Identities:{AllowRemove:false} Affiliations:{AllowRemove:false}} CA:{Name: Keyfile: Certfile:ca-cert.pem Chainfile:ca-chain.pem} Signing:0xc420354830 CSR:{CN:fabric-ca-server Names:[{C:US ST:North Carolina L: O:Hyperledger OU:Fabric SerialNumber:}] Hosts:[Vladislavs-MacBook-Pro.local localhost] KeyRequest:<nil> CA:0xc4202dccc0 SerialNumber:} Registry:{MaxEnrollments:-1 Identities:[{ Name:**** Pass:**** Type:client Affiliation: MaxEnrollments:0 Attrs:map[hf.Registrar.Roles:peer,orderer,client,user hf.Registrar.DelegateRoles:peer,orderer,client,user hf.Revoker:1 hf.IntermediateCA:1 hf.GenCRL:1 hf.Registrar.Attributes:* hf.AffiliationMgr:1]  }]} Affiliations:map[org1:[department1 department2] org2:[department1]] LDAP:{ Enabled:false URL:ldap://****:****@<host>:<port>/<base> UserFilter:(uid=%s) GroupFilter:(memberUid=%s) Attribute:{[uid member] [{ }] map[groups:[{ }]]} TLS:{false [] { }}  } DB:{ Type:sqlite3 Datasource:fabric-ca-server.db TLS:{false [] { }}  } CSP:0xc4203467e0 Client:<nil> Intermediate:{ParentServer:{ URL: CAName:  } TLS:{Enabled:false CertFiles:[] Client:{KeyFile: CertFile:}} Enrollment:{ Name: Secret:**** Profile: Label: CSR:<nil> CAName: AttrReqs:[]  }} CRL:{Expiry:24h0m0s}}
2018/06/26 17:06:54 [DEBUG] CA Home Directory: /Users/vladislavivanov/HLF/pcxchg/crypto-config/peerOrganizations/Asus.com/ca/root
2018/06/26 17:06:54 [DEBUG] Checking configuration file version '1.1.1-snapshot-e656889' against server version: '1.1.1-snapshot-e656889'
2018/06/26 17:06:54 [DEBUG] Initializing BCCSP: &{ProviderName:SW SwOpts:0xc420346840 PluginOpts:<nil> Pkcs11Opts:<nil>}
2018/06/26 17:06:54 [DEBUG] Initializing BCCSP with software options &{SecLevel:256 HashFamily:SHA2 Ephemeral:false FileKeystore:0xc4203606c0 DummyKeystore:<nil>}
2018/06/26 17:06:54 [DEBUG] Initialize key material
2018/06/26 17:06:54 [DEBUG] Making CA filenames absolute
2018/06/26 17:06:54 [DEBUG] Root CA certificate request: {CN:fabric-ca-server Names:[{C:US ST:North Carolina L: O:Hyperledger OU:Fabric SerialNumber:}] Hosts:[Vladislavs-MacBook-Pro.local localhost] KeyRequest:0xc42035eca0 CA:0xc4202dccc0 SerialNumber:}
2018/06/26 17:06:54 [INFO] generating key: &{A:ecdsa S:256}
2018/06/26 17:06:54 [DEBUG] generate key from request: algo=ecdsa, size=256
2018/06/26 17:06:54 [INFO] encoded CSR
2018/06/26 17:06:54 [DEBUG] validating configuration
2018/06/26 17:06:54 [DEBUG] validate local profile
2018/06/26 17:06:54 [DEBUG] profile is valid
2018/06/26 17:06:54 [INFO] signed certificate with serial number 558793774242489389663272677619285905733442883069
2018/06/26 17:06:54 [INFO] The CA key and certificate were generated for CA 
2018/06/26 17:06:54 [INFO] The key was stored by BCCSP provider 'SW'
2018/06/26 17:06:54 [INFO] The certificate is at: /Users/vladislavivanov/HLF/pcxchg/crypto-config/peerOrganizations/Asus.com/ca/root/ca-cert.pem
2018/06/26 17:06:54 [DEBUG] Initializing DB
2018/06/26 17:06:54 [DEBUG] Initializing 'sqlite3' database at '/Users/vladislavivanov/HLF/pcxchg/crypto-config/peerOrganizations/Asus.com/ca/root/fabric-ca-server.db'
2018/06/26 17:06:54 [DEBUG] Using sqlite database, connect to database in home (/Users/vladislavivanov/HLF/pcxchg/crypto-config/peerOrganizations/Asus.com/ca/root/fabric-ca-server.db) directory
2018/06/26 17:06:54 [DEBUG] Creating SQLite database (/Users/vladislavivanov/HLF/pcxchg/crypto-config/peerOrganizations/Asus.com/ca/root/fabric-ca-server.db) if it does not exist...
2018/06/26 17:06:54 [DEBUG] Creating users table if it does not exist
2018/06/26 17:06:54 [DEBUG] Creating affiliations table if it does not exist
2018/06/26 17:06:54 [DEBUG] Creating certificates table if it does not exist
2018/06/26 17:06:54 [DEBUG] Creating properties table if it does not exist
2018/06/26 17:06:54 [DEBUG] Successfully opened sqlite3 DB
2018/06/26 17:06:54 [DEBUG] Checking database schema...
2018/06/26 17:06:54 [DEBUG] Update SQLite schema, if using outdated schema
2018/06/26 17:06:54 [DEBUG] Upgrade identities table
2018/06/26 17:06:54 [DEBUG] Creating users table if it does not exist
2018/06/26 17:06:54 [DEBUG] Upgrade affiliation table
2018/06/26 17:06:54 [DEBUG] Creating affiliations table if it does not exist
2018/06/26 17:06:54 [DEBUG] Upgrade certificates table
2018/06/26 17:06:54 [DEBUG] Creating certificates table if it does not exist
2018/06/26 17:06:54 [DEBUG] Initializing identity registry
2018/06/26 17:06:54 [DEBUG] Initialized DB identity registry
2018/06/26 17:06:54 [DEBUG] DB: Get properties [identity.level affiliation.level certificate.level]
2018/06/26 17:06:54 [DEBUG] Checking database levels 'map[affiliation.level:0 certificate.level:0 identity.level:0]' against server levels '&{Identity:1 Affiliation:1 Certificate:1}'
2018/06/26 17:06:54 [DEBUG] Loading identity table
2018/06/26 17:06:54 [DEBUG] Loading identity 'admin'
2018/06/26 17:06:54 [DEBUG] DB: Getting identity admin
2018/06/26 17:06:54 [DEBUG] Max enrollment value verification - User specified max enrollment: 0, CA max enrollment: -1
2018/06/26 17:06:54 [DEBUG] DB: Add identity admin
2018/06/26 17:06:54 [DEBUG] Successfully added identity admin to the database
2018/06/26 17:06:54 [DEBUG] Registered identity: { Name:**** Pass:**** Type:client Affiliation: MaxEnrollments:-1 Attrs:map[hf.IntermediateCA:1 hf.GenCRL:1 hf.Registrar.Attributes:* hf.AffiliationMgr:1 hf.Registrar.Roles:peer,orderer,client,user hf.Registrar.DelegateRoles:peer,orderer,client,user hf.Revoker:1]  }
2018/06/26 17:06:54 [DEBUG] Successfully loaded identity table
2018/06/26 17:06:54 [DEBUG] Loading affiliations table
2018/06/26 17:06:54 [DEBUG] DB: Add affiliation org2
2018/06/26 17:06:54 [DEBUG] Affiliation 'org2' added
2018/06/26 17:06:54 [DEBUG] DB: Add affiliation org2.department1
2018/06/26 17:06:54 [DEBUG] Affiliation 'org2.department1' added
2018/06/26 17:06:54 [DEBUG] DB: Add affiliation org1
2018/06/26 17:06:54 [DEBUG] Affiliation 'org1' added
2018/06/26 17:06:54 [DEBUG] DB: Add affiliation org1.department1
2018/06/26 17:06:54 [DEBUG] Affiliation 'org1.department1' added
2018/06/26 17:06:54 [DEBUG] DB: Add affiliation org1.department2
2018/06/26 17:06:54 [DEBUG] Affiliation 'org1.department2' added
2018/06/26 17:06:54 [DEBUG] Successfully loaded affiliations table
2018/06/26 17:06:54 [DEBUG] Checking and performing migration, if needed
2018/06/26 17:06:54 [DEBUG] Updating database level to &{Identity:1 Affiliation:1 Certificate:1}
2018/06/26 17:06:54 [INFO] Initialized sqlite3 database at /Users/vladislavivanov/HLF/pcxchg/crypto-config/peerOrganizations/Asus.com/ca/root/fabric-ca-server.db
2018/06/26 17:06:54 [DEBUG] Initializing enrollment signer
2018/06/26 17:06:54 [DEBUG] validating configuration
2018/06/26 17:06:54 [DEBUG] validate local profile
2018/06/26 17:06:54 [DEBUG] profile is valid
2018/06/26 17:06:54 [DEBUG] validate local profile
2018/06/26 17:06:54 [DEBUG] profile is valid
2018/06/26 17:06:54 [DEBUG] validate local profile
2018/06/26 17:06:54 [DEBUG] profile is valid
2018/06/26 17:06:54 [DEBUG] CA initialization successful
2018/06/26 17:06:54 [INFO] Home directory for default CA: /Users/vladislavivanov/HLF/pcxchg/crypto-config/peerOrganizations/Asus.com/ca/root
2018/06/26 17:06:54 [DEBUG] 1 CA instance(s) running on server
2018/06/26 17:06:54 [INFO] Listening on http://0.0.0.0:7102
2018/06/26 17:06:55 [DEBUG] Received request for /enroll
2018/06/26 17:06:55 [DEBUG] ca.Config: &{Version:1.1.1-snapshot-e656889 Cfg:{Identities:{AllowRemove:false} Affiliations:{AllowRemove:false}} CA:{Name: Keyfile:/Users/vladislavivanov/HLF/pcxchg/crypto-config/peerOrganizations/Asus.com/ca/root/ca-key.pem Certfile:/Users/vladislavivanov/HLF/pcxchg/crypto-config/peerOrganizations/Asus.com/ca/root/ca-cert.pem Chainfile:/Users/vladislavivanov/HLF/pcxchg/crypto-config/peerOrganizations/Asus.com/ca/root/ca-chain.pem} Signing:0xc420354830 CSR:{CN:fabric-ca-server Names:[{C:US ST:North Carolina L: O:Hyperledger OU:Fabric SerialNumber:}] Hosts:[Vladislavs-MacBook-Pro.local localhost] KeyRequest:0xc42035ec80 CA:0xc4202dccc0 SerialNumber:} Registry:{MaxEnrollments:-1 Identities:[{ Name:**** Pass:**** Type:client Affiliation: MaxEnrollments:0 Attrs:map[hf.Registrar.DelegateRoles:peer,orderer,client,user hf.Revoker:1 hf.IntermediateCA:1 hf.GenCRL:1 hf.Registrar.Attributes:* hf.AffiliationMgr:1 hf.Registrar.Roles:peer,orderer,client,user]  }]} Affiliations:map[org1:[department1 department2] org2:[department1]] LDAP:{ Enabled:false URL:ldap://****:****@<host>:<port>/<base> UserFilter:(uid=%s) GroupFilter:(memberUid=%s) Attribute:{[uid member] [{ }] map[groups:[{ }]]} TLS:{false [] { }}  } DB:{ Type:sqlite3 Datasource:/Users/vladislavivanov/HLF/pcxchg/crypto-config/peerOrganizations/Asus.com/ca/root/fabric-ca-server.db TLS:{false [] { }}  } CSP:0xc4203467e0 Client:<nil> Intermediate:{ParentServer:{ URL: CAName:  } TLS:{Enabled:false CertFiles:[] Client:{KeyFile: CertFile:}} Enrollment:{ Name: Secret:**** Profile: Label: CSR:<nil> CAName: AttrReqs:[]  }} CRL:{Expiry:24h0m0s}}
2018/06/26 17:06:55 [DEBUG] DB: Getting identity admin
2018/06/26 17:06:55 [DEBUG] DB: Login user admin with max enrollments of -1 and state of 0
2018/06/26 17:06:55 [DEBUG] DB: identity admin successfully logged in
2018/06/26 17:06:55 [DEBUG] Processing sign request: id=admin, CommonName=admin, Subject=<nil>
2018/06/26 17:06:55 [DEBUG] Request is not for a CA signing certificate
2018/06/26 17:06:55 [DEBUG] Checking CSR fields to make sure that they do not exceed maximum character limits
2018/06/26 17:06:55 [DEBUG] DB: Getting identity admin
2018/06/26 17:06:55 [DEBUG] Finished processing sign request
2018/06/26 17:06:55 [DEBUG] DB: Getting identity admin
2018/06/26 17:06:55 [INFO] signed certificate with serial number 51396148211168708240720175864520576003610168787
2018/06/26 17:06:55 [DEBUG] DB: Insert Certificate
2018/06/26 17:06:55 [DEBUG] Saved serial number as hex 900aed8b0cd6d9cc3d94cdb60bad9bd6ea6cdd3
2018/06/26 17:06:55 [DEBUG] saved certificate with serial number 51396148211168708240720175864520576003610168787
2018/06/26 17:06:55 [DEBUG] Successfully incremented state for identity admin to 1
2018/06/26 17:06:55 [INFO] [::1]:49465 POST /enroll 201 0 "OK"
2018/06/26 17:06:55 [DEBUG] Received request for /enroll
2018/06/26 17:06:55 [DEBUG] ca.Config: &{Version:1.1.1-snapshot-e656889 Cfg:{Identities:{AllowRemove:false} Affiliations:{AllowRemove:false}} CA:{Name: Keyfile:/Users/vladislavivanov/HLF/pcxchg/crypto-config/peerOrganizations/Asus.com/ca/root/ca-key.pem Certfile:/Users/vladislavivanov/HLF/pcxchg/crypto-config/peerOrganizations/Asus.com/ca/root/ca-cert.pem Chainfile:/Users/vladislavivanov/HLF/pcxchg/crypto-config/peerOrganizations/Asus.com/ca/root/ca-chain.pem} Signing:0xc420354830 CSR:{CN:fabric-ca-server Names:[{C:US ST:North Carolina L: O:Hyperledger OU:Fabric SerialNumber:}] Hosts:[Vladislavs-MacBook-Pro.local localhost] KeyRequest:0xc42035ec80 CA:0xc4202dccc0 SerialNumber:} Registry:{MaxEnrollments:-1 Identities:[{ Name:**** Pass:**** Type:client Affiliation: MaxEnrollments:0 Attrs:map[hf.GenCRL:1 hf.Registrar.Attributes:* hf.AffiliationMgr:1 hf.Registrar.Roles:peer,orderer,client,user hf.Registrar.DelegateRoles:peer,orderer,client,user hf.Revoker:1 hf.IntermediateCA:1]  }]} Affiliations:map[org1:[department1 department2] org2:[department1]] LDAP:{ Enabled:false URL:ldap://****:****@<host>:<port>/<base> UserFilter:(uid=%s) GroupFilter:(memberUid=%s) Attribute:{[uid member] [{ }] map[groups:[{ }]]} TLS:{false [] { }}  } DB:{ Type:sqlite3 Datasource:/Users/vladislavivanov/HLF/pcxchg/crypto-config/peerOrganizations/Asus.com/ca/root/fabric-ca-server.db TLS:{false [] { }}  } CSP:0xc4203467e0 Client:<nil> Intermediate:{ParentServer:{ URL: CAName:  } TLS:{Enabled:false CertFiles:[] Client:{KeyFile: CertFile:}} Enrollment:{ Name: Secret:**** Profile: Label: CSR:<nil> CAName: AttrReqs:[]  }} CRL:{Expiry:24h0m0s}}
2018/06/26 17:06:55 [DEBUG] DB: Getting identity admin
2018/06/26 17:06:55 [DEBUG] DB: Login user admin with max enrollments of -1 and state of 1
2018/06/26 17:06:55 [DEBUG] DB: identity admin successfully logged in
2018/06/26 17:06:55 [DEBUG] Processing sign request: id=admin, CommonName=admin, Subject=<nil>
2018/06/26 17:06:55 [DEBUG] Request is not for a CA signing certificate
2018/06/26 17:06:55 [DEBUG] Checking CSR fields to make sure that they do not exceed maximum character limits
2018/06/26 17:06:55 [DEBUG] DB: Getting identity admin
2018/06/26 17:06:55 [DEBUG] Finished processing sign request
2018/06/26 17:06:55 [DEBUG] DB: Getting identity admin
2018/06/26 17:06:55 [INFO] signed certificate with serial number 250997257146197245694864054763158852699018624076
2018/06/26 17:06:55 [DEBUG] DB: Insert Certificate
2018/06/26 17:06:55 [DEBUG] Saved serial number as hex 2bf71b349e3c70980ac68bdef0a3557e9569fc4c
2018/06/26 17:06:55 [DEBUG] saved certificate with serial number 250997257146197245694864054763158852699018624076
2018/06/26 17:06:55 [DEBUG] Successfully incremented state for identity admin to 2
2018/06/26 17:06:55 [INFO] [::1]:49468 POST /enroll 201 0 "OK"
2018/06/26 17:06:55 [DEBUG] Received request for /register
2018/06/26 17:06:55 [DEBUG] Checking for revocation/expiration of certificate owned by 'admin'
2018/06/26 17:06:55 [DEBUG] DB: Get certificate by serial (2bf71b349e3c70980ac68bdef0a3557e9569fc4c) and aki (6efc62a6d8cdc8660df433faeeca0c05316b8ce3)
2018/06/26 17:06:55 [DEBUG] Successful token authentication of 'admin'
2018/06/26 17:06:55 [DEBUG] Received registration request from admin: { Name:nodeAdmin Type:user Secret:**** MaxEnrollments:0 Affiliation:org1 Attributes:[] CAName:  }
2018/06/26 17:06:55 [DEBUG] DB: Getting identity admin
2018/06/26 17:06:55 [DEBUG] canRegister - Check to see if user 'admin' can register
2018/06/26 17:06:55 [DEBUG] Checking to see if caller 'admin' is a registrar
2018/06/26 17:06:55 [DEBUG] Validate Affiliation
2018/06/26 17:06:55 [DEBUG] Checking to see if affiliation 'org1' contains caller's affiliation ''
2018/06/26 17:06:55 [DEBUG] Caller has root affiliation
2018/06/26 17:06:55 [DEBUG] Validate ID
2018/06/26 17:06:55 [DEBUG] Validating affiliation: org1
2018/06/26 17:06:55 [DEBUG] DB: Get affiliation org1
2018/06/26 17:06:55 [DEBUG] Registering user id: nodeAdmin
2018/06/26 17:06:55 [DEBUG] Max enrollment value verification - User specified max enrollment: 0, CA max enrollment: -1
2018/06/26 17:06:55 [DEBUG] DB: Getting identity nodeAdmin
2018/06/26 17:06:55 [DEBUG] DB: Add identity nodeAdmin
2018/06/26 17:06:55 [DEBUG] Successfully added identity nodeAdmin to the database
2018/06/26 17:06:55 [INFO] [::1]:49471 POST /register 201 0 "OK"
2018/06/26 17:06:55 [DEBUG] Received request for /enroll
2018/06/26 17:06:55 [DEBUG] ca.Config: &{Version:1.1.1-snapshot-e656889 Cfg:{Identities:{AllowRemove:false} Affiliations:{AllowRemove:false}} CA:{Name: Keyfile:/Users/vladislavivanov/HLF/pcxchg/crypto-config/peerOrganizations/Asus.com/ca/root/ca-key.pem Certfile:/Users/vladislavivanov/HLF/pcxchg/crypto-config/peerOrganizations/Asus.com/ca/root/ca-cert.pem Chainfile:/Users/vladislavivanov/HLF/pcxchg/crypto-config/peerOrganizations/Asus.com/ca/root/ca-chain.pem} Signing:0xc420354830 CSR:{CN:fabric-ca-server Names:[{C:US ST:North Carolina L: O:Hyperledger OU:Fabric SerialNumber:}] Hosts:[Vladislavs-MacBook-Pro.local localhost] KeyRequest:0xc42035ec80 CA:0xc4202dccc0 SerialNumber:} Registry:{MaxEnrollments:-1 Identities:[{ Name:**** Pass:**** Type:client Affiliation: MaxEnrollments:0 Attrs:map[hf.IntermediateCA:1 hf.GenCRL:1 hf.Registrar.Attributes:* hf.AffiliationMgr:1 hf.Registrar.Roles:peer,orderer,client,user hf.Registrar.DelegateRoles:peer,orderer,client,user hf.Revoker:1]  }]} Affiliations:map[org2:[department1] org1:[department1 department2]] LDAP:{ Enabled:false URL:ldap://****:****@<host>:<port>/<base> UserFilter:(uid=%s) GroupFilter:(memberUid=%s) Attribute:{[uid member] [{ }] map[groups:[{ }]]} TLS:{false [] { }}  } DB:{ Type:sqlite3 Datasource:/Users/vladislavivanov/HLF/pcxchg/crypto-config/peerOrganizations/Asus.com/ca/root/fabric-ca-server.db TLS:{false [] { }}  } CSP:0xc4203467e0 Client:<nil> Intermediate:{ParentServer:{ URL: CAName:  } TLS:{Enabled:false CertFiles:[] Client:{KeyFile: CertFile:}} Enrollment:{ Name: Secret:**** Profile: Label: CSR:<nil> CAName: AttrReqs:[]  }} CRL:{Expiry:24h0m0s}}
2018/06/26 17:06:55 [DEBUG] DB: Getting identity nodeAdmin
2018/06/26 17:06:55 [DEBUG] DB: Login user nodeAdmin with max enrollments of -1 and state of 0
2018/06/26 17:06:55 [DEBUG] DB: identity nodeAdmin successfully logged in
2018/06/26 17:06:55 [DEBUG] Processing sign request: id=nodeAdmin, CommonName=nodeAdmin, Subject=<nil>
2018/06/26 17:06:55 [DEBUG] Request is not for a CA signing certificate
2018/06/26 17:06:55 [DEBUG] Checking CSR fields to make sure that they do not exceed maximum character limits
2018/06/26 17:06:55 [DEBUG] DB: Getting identity nodeAdmin
2018/06/26 17:06:55 [DEBUG] Finished processing sign request
2018/06/26 17:06:55 [DEBUG] DB: Getting identity nodeAdmin
2018/06/26 17:06:55 [DEBUG] Attribute extension being added to certificate is: &{ID:[1 2 3 4 5 6 7 8 1] Critical:false Value:7b226174747273223a7b2268662e416666696c696174696f6e223a226f726731222c2268662e456e726f6c6c6d656e744944223a226e6f646541646d696e222c2268662e54797065223a2275736572227d7d}
2018/06/26 17:06:55 [DEBUG] Adding attribute extension to CSR: &{ID:[1 2 3 4 5 6 7 8 1] Critical:false Value:7b226174747273223a7b2268662e416666696c696174696f6e223a226f726731222c2268662e456e726f6c6c6d656e744944223a226e6f646541646d696e222c2268662e54797065223a2275736572227d7d}
2018/06/26 17:06:55 [INFO] signed certificate with serial number 424885466344961423146409369382508133748520622972
2018/06/26 17:06:55 [DEBUG] DB: Insert Certificate
2018/06/26 17:06:55 [DEBUG] Saved serial number as hex 4a6c85f39665a1e76a5e0dc1c51b2ab9afcd9b7c
2018/06/26 17:06:55 [DEBUG] saved certificate with serial number 424885466344961423146409369382508133748520622972
2018/06/26 17:06:55 [DEBUG] Successfully incremented state for identity nodeAdmin to 1
2018/06/26 17:06:55 [INFO] [::1]:49474 POST /enroll 201 0 "OK"
2018/06/26 17:06:55 [DEBUG] Received request for /register
2018/06/26 17:06:55 [DEBUG] Checking for revocation/expiration of certificate owned by 'admin'
2018/06/26 17:06:55 [DEBUG] DB: Get certificate by serial (2bf71b349e3c70980ac68bdef0a3557e9569fc4c) and aki (6efc62a6d8cdc8660df433faeeca0c05316b8ce3)
2018/06/26 17:06:55 [DEBUG] Successful token authentication of 'admin'
2018/06/26 17:06:55 [DEBUG] Received registration request from admin: { Name:User1@Asus.com Type:user Secret:**** MaxEnrollments:0 Affiliation:org1 Attributes:[] CAName:  }
2018/06/26 17:06:55 [DEBUG] DB: Getting identity admin
2018/06/26 17:06:55 [DEBUG] canRegister - Check to see if user 'admin' can register
2018/06/26 17:06:55 [DEBUG] Checking to see if caller 'admin' is a registrar
2018/06/26 17:06:55 [DEBUG] Validate Affiliation
2018/06/26 17:06:55 [DEBUG] Checking to see if affiliation 'org1' contains caller's affiliation ''
2018/06/26 17:06:55 [DEBUG] Caller has root affiliation
2018/06/26 17:06:55 [DEBUG] Validate ID
2018/06/26 17:06:55 [DEBUG] Validating affiliation: org1
2018/06/26 17:06:55 [DEBUG] DB: Get affiliation org1
2018/06/26 17:06:55 [DEBUG] Registering user id: User1@Asus.com
2018/06/26 17:06:55 [DEBUG] Max enrollment value verification - User specified max enrollment: 0, CA max enrollment: -1
2018/06/26 17:06:55 [DEBUG] DB: Getting identity User1@Asus.com
2018/06/26 17:06:55 [DEBUG] DB: Add identity User1@Asus.com
2018/06/26 17:06:55 [DEBUG] Successfully added identity User1@Asus.com to the database
2018/06/26 17:06:55 [INFO] [::1]:49477 POST /register 201 0 "OK"
2018/06/26 17:06:55 [DEBUG] Received request for /enroll
2018/06/26 17:06:55 [DEBUG] ca.Config: &{Version:1.1.1-snapshot-e656889 Cfg:{Identities:{AllowRemove:false} Affiliations:{AllowRemove:false}} CA:{Name: Keyfile:/Users/vladislavivanov/HLF/pcxchg/crypto-config/peerOrganizations/Asus.com/ca/root/ca-key.pem Certfile:/Users/vladislavivanov/HLF/pcxchg/crypto-config/peerOrganizations/Asus.com/ca/root/ca-cert.pem Chainfile:/Users/vladislavivanov/HLF/pcxchg/crypto-config/peerOrganizations/Asus.com/ca/root/ca-chain.pem} Signing:0xc420354830 CSR:{CN:fabric-ca-server Names:[{C:US ST:North Carolina L: O:Hyperledger OU:Fabric SerialNumber:}] Hosts:[Vladislavs-MacBook-Pro.local localhost] KeyRequest:0xc42035ec80 CA:0xc4202dccc0 SerialNumber:} Registry:{MaxEnrollments:-1 Identities:[{ Name:**** Pass:**** Type:client Affiliation: MaxEnrollments:0 Attrs:map[hf.Registrar.Attributes:* hf.AffiliationMgr:1 hf.Registrar.Roles:peer,orderer,client,user hf.Registrar.DelegateRoles:peer,orderer,client,user hf.Revoker:1 hf.IntermediateCA:1 hf.GenCRL:1]  }]} Affiliations:map[org1:[department1 department2] org2:[department1]] LDAP:{ Enabled:false URL:ldap://****:****@<host>:<port>/<base> UserFilter:(uid=%s) GroupFilter:(memberUid=%s) Attribute:{[uid member] [{ }] map[groups:[{ }]]} TLS:{false [] { }}  } DB:{ Type:sqlite3 Datasource:/Users/vladislavivanov/HLF/pcxchg/crypto-config/peerOrganizations/Asus.com/ca/root/fabric-ca-server.db TLS:{false [] { }}  } CSP:0xc4203467e0 Client:<nil> Intermediate:{ParentServer:{ URL: CAName:  } TLS:{Enabled:false CertFiles:[] Client:{KeyFile: CertFile:}} Enrollment:{ Name: Secret:**** Profile: Label: CSR:<nil> CAName: AttrReqs:[]  }} CRL:{Expiry:24h0m0s}}
2018/06/26 17:06:55 [DEBUG] DB: Getting identity User1@Asus.com
2018/06/26 17:06:55 [DEBUG] DB: Login user User1@Asus.com with max enrollments of -1 and state of 0
2018/06/26 17:06:55 [DEBUG] DB: identity User1@Asus.com successfully logged in
2018/06/26 17:06:55 [DEBUG] Processing sign request: id=User1@Asus.com, CommonName=User1@Asus.com, Subject=<nil>
2018/06/26 17:06:55 [DEBUG] Request is not for a CA signing certificate
2018/06/26 17:06:55 [DEBUG] Checking CSR fields to make sure that they do not exceed maximum character limits
2018/06/26 17:06:55 [DEBUG] DB: Getting identity User1@Asus.com
2018/06/26 17:06:55 [DEBUG] Finished processing sign request
2018/06/26 17:06:55 [DEBUG] DB: Getting identity User1@Asus.com
2018/06/26 17:06:55 [DEBUG] Attribute extension being added to certificate is: &{ID:[1 2 3 4 5 6 7 8 1] Critical:false Value:7b226174747273223a7b2268662e416666696c696174696f6e223a226f726731222c2268662e456e726f6c6c6d656e744944223a22557365723140417375732e636f6d222c2268662e54797065223a2275736572227d7d}
2018/06/26 17:06:55 [DEBUG] Adding attribute extension to CSR: &{ID:[1 2 3 4 5 6 7 8 1] Critical:false Value:7b226174747273223a7b2268662e416666696c696174696f6e223a226f726731222c2268662e456e726f6c6c6d656e744944223a22557365723140417375732e636f6d222c2268662e54797065223a2275736572227d7d}
2018/06/26 17:06:55 [INFO] signed certificate with serial number 371469326323645293334022474725849249618046019220
2018/06/26 17:06:55 [DEBUG] DB: Insert Certificate
2018/06/26 17:06:55 [DEBUG] Saved serial number as hex 411142bc7e3636f76dea5bcf7e38548e39b8e694
2018/06/26 17:06:55 [DEBUG] saved certificate with serial number 371469326323645293334022474725849249618046019220
2018/06/26 17:06:55 [DEBUG] Successfully incremented state for identity User1@Asus.com to 1
2018/06/26 17:06:55 [INFO] [::1]:49480 POST /enroll 201 0 "OK"
2018/06/26 17:06:55 [DEBUG] Received request for /enroll
2018/06/26 17:06:55 [DEBUG] ca.Config: &{Version:1.1.1-snapshot-e656889 Cfg:{Identities:{AllowRemove:false} Affiliations:{AllowRemove:false}} CA:{Name: Keyfile:/Users/vladislavivanov/HLF/pcxchg/crypto-config/peerOrganizations/Asus.com/ca/root/ca-key.pem Certfile:/Users/vladislavivanov/HLF/pcxchg/crypto-config/peerOrganizations/Asus.com/ca/root/ca-cert.pem Chainfile:/Users/vladislavivanov/HLF/pcxchg/crypto-config/peerOrganizations/Asus.com/ca/root/ca-chain.pem} Signing:0xc420354830 CSR:{CN:fabric-ca-server Names:[{C:US ST:North Carolina L: O:Hyperledger OU:Fabric SerialNumber:}] Hosts:[Vladislavs-MacBook-Pro.local localhost] KeyRequest:0xc42035ec80 CA:0xc4202dccc0 SerialNumber:} Registry:{MaxEnrollments:-1 Identities:[{ Name:**** Pass:**** Type:client Affiliation: MaxEnrollments:0 Attrs:map[hf.Registrar.Attributes:* hf.AffiliationMgr:1 hf.Registrar.Roles:peer,orderer,client,user hf.Registrar.DelegateRoles:peer,orderer,client,user hf.Revoker:1 hf.IntermediateCA:1 hf.GenCRL:1]  }]} Affiliations:map[org1:[department1 department2] org2:[department1]] LDAP:{ Enabled:false URL:ldap://****:****@<host>:<port>/<base> UserFilter:(uid=%s) GroupFilter:(memberUid=%s) Attribute:{[uid member] [{ }] map[groups:[{ }]]} TLS:{false [] { }}  } DB:{ Type:sqlite3 Datasource:/Users/vladislavivanov/HLF/pcxchg/crypto-config/peerOrganizations/Asus.com/ca/root/fabric-ca-server.db TLS:{false [] { }}  } CSP:0xc4203467e0 Client:<nil> Intermediate:{ParentServer:{ URL: CAName:  } TLS:{Enabled:false CertFiles:[] Client:{KeyFile: CertFile:}} Enrollment:{ Name: Secret:**** Profile: Label: CSR:<nil> CAName: AttrReqs:[]  }} CRL:{Expiry:24h0m0s}}
2018/06/26 17:06:55 [DEBUG] DB: Getting identity admin
2018/06/26 17:06:55 [DEBUG] DB: Login user admin with max enrollments of -1 and state of 2
2018/06/26 17:06:55 [DEBUG] DB: identity admin successfully logged in
2018/06/26 17:06:55 [DEBUG] Processing sign request: id=admin, CommonName=admin, Subject=<nil>
2018/06/26 17:06:55 [DEBUG] Request is not for a CA signing certificate
2018/06/26 17:06:55 [DEBUG] Checking CSR fields to make sure that they do not exceed maximum character limits
2018/06/26 17:06:55 [DEBUG] DB: Getting identity admin
2018/06/26 17:06:55 [DEBUG] Finished processing sign request
2018/06/26 17:06:55 [DEBUG] DB: Getting identity admin
2018/06/26 17:06:55 [INFO] signed certificate with serial number 633836236412553143697536632950955201771093015378
2018/06/26 17:06:55 [DEBUG] DB: Insert Certificate
2018/06/26 17:06:55 [DEBUG] Saved serial number as hex 6f0633281fa055d3e24b11f5beff3fb076eabb52
2018/06/26 17:06:55 [DEBUG] saved certificate with serial number 633836236412553143697536632950955201771093015378
2018/06/26 17:06:55 [DEBUG] Successfully incremented state for identity admin to 3
2018/06/26 17:06:55 [INFO] [::1]:49483 POST /enroll 201 0 "OK"
2018/06/26 17:06:55 [DEBUG] Received request for /register
2018/06/26 17:06:55 [DEBUG] Checking for revocation/expiration of certificate owned by 'admin'
2018/06/26 17:06:55 [DEBUG] DB: Get certificate by serial (2bf71b349e3c70980ac68bdef0a3557e9569fc4c) and aki (6efc62a6d8cdc8660df433faeeca0c05316b8ce3)
2018/06/26 17:06:55 [DEBUG] Successful token authentication of 'admin'
2018/06/26 17:06:55 [DEBUG] Received registration request from admin: { Name:peer0.Asus.com Type:user Secret:**** MaxEnrollments:0 Affiliation:org1 Attributes:[] CAName:  }
2018/06/26 17:06:55 [DEBUG] DB: Getting identity admin
2018/06/26 17:06:55 [DEBUG] canRegister - Check to see if user 'admin' can register
2018/06/26 17:06:55 [DEBUG] Checking to see if caller 'admin' is a registrar
2018/06/26 17:06:55 [DEBUG] Validate Affiliation
2018/06/26 17:06:55 [DEBUG] Checking to see if affiliation 'org1' contains caller's affiliation ''
2018/06/26 17:06:55 [DEBUG] Caller has root affiliation
2018/06/26 17:06:55 [DEBUG] Validate ID
2018/06/26 17:06:55 [DEBUG] Validating affiliation: org1
2018/06/26 17:06:55 [DEBUG] DB: Get affiliation org1
2018/06/26 17:06:55 [DEBUG] Registering user id: peer0.Asus.com
2018/06/26 17:06:55 [DEBUG] Max enrollment value verification - User specified max enrollment: 0, CA max enrollment: -1
2018/06/26 17:06:55 [DEBUG] DB: Getting identity peer0.Asus.com
2018/06/26 17:06:55 [DEBUG] DB: Add identity peer0.Asus.com
2018/06/26 17:06:55 [DEBUG] Successfully added identity peer0.Asus.com to the database
2018/06/26 17:06:55 [INFO] [::1]:49486 POST /register 201 0 "OK"
2018/06/26 17:06:56 [DEBUG] Received request for /enroll
2018/06/26 17:06:56 [DEBUG] ca.Config: &{Version:1.1.1-snapshot-e656889 Cfg:{Identities:{AllowRemove:false} Affiliations:{AllowRemove:false}} CA:{Name: Keyfile:/Users/vladislavivanov/HLF/pcxchg/crypto-config/peerOrganizations/Asus.com/ca/root/ca-key.pem Certfile:/Users/vladislavivanov/HLF/pcxchg/crypto-config/peerOrganizations/Asus.com/ca/root/ca-cert.pem Chainfile:/Users/vladislavivanov/HLF/pcxchg/crypto-config/peerOrganizations/Asus.com/ca/root/ca-chain.pem} Signing:0xc420354830 CSR:{CN:fabric-ca-server Names:[{C:US ST:North Carolina L: O:Hyperledger OU:Fabric SerialNumber:}] Hosts:[Vladislavs-MacBook-Pro.local localhost] KeyRequest:0xc42035ec80 CA:0xc4202dccc0 SerialNumber:} Registry:{MaxEnrollments:-1 Identities:[{ Name:**** Pass:**** Type:client Affiliation: MaxEnrollments:0 Attrs:map[hf.Registrar.Attributes:* hf.AffiliationMgr:1 hf.Registrar.Roles:peer,orderer,client,user hf.Registrar.DelegateRoles:peer,orderer,client,user hf.Revoker:1 hf.IntermediateCA:1 hf.GenCRL:1]  }]} Affiliations:map[org1:[department1 department2] org2:[department1]] LDAP:{ Enabled:false URL:ldap://****:****@<host>:<port>/<base> UserFilter:(uid=%s) GroupFilter:(memberUid=%s) Attribute:{[uid member] [{ }] map[groups:[{ }]]} TLS:{false [] { }}  } DB:{ Type:sqlite3 Datasource:/Users/vladislavivanov/HLF/pcxchg/crypto-config/peerOrganizations/Asus.com/ca/root/fabric-ca-server.db TLS:{false [] { }}  } CSP:0xc4203467e0 Client:<nil> Intermediate:{ParentServer:{ URL: CAName:  } TLS:{Enabled:false CertFiles:[] Client:{KeyFile: CertFile:}} Enrollment:{ Name: Secret:**** Profile: Label: CSR:<nil> CAName: AttrReqs:[]  }} CRL:{Expiry:24h0m0s}}
2018/06/26 17:06:56 [DEBUG] DB: Getting identity peer0.Asus.com
2018/06/26 17:06:56 [DEBUG] DB: Login user peer0.Asus.com with max enrollments of -1 and state of 0
2018/06/26 17:06:56 [DEBUG] DB: identity peer0.Asus.com successfully logged in
2018/06/26 17:06:56 [DEBUG] Processing sign request: id=peer0.Asus.com, CommonName=peer0.Asus.com, Subject=<nil>
2018/06/26 17:06:56 [DEBUG] Request is not for a CA signing certificate
2018/06/26 17:06:56 [DEBUG] Checking CSR fields to make sure that they do not exceed maximum character limits
2018/06/26 17:06:56 [DEBUG] DB: Getting identity peer0.Asus.com
2018/06/26 17:06:56 [DEBUG] Finished processing sign request
2018/06/26 17:06:56 [DEBUG] DB: Getting identity peer0.Asus.com
2018/06/26 17:06:56 [DEBUG] Attribute extension being added to certificate is: &{ID:[1 2 3 4 5 6 7 8 1] Critical:false Value:7b226174747273223a7b2268662e416666696c696174696f6e223a226f726731222c2268662e456e726f6c6c6d656e744944223a2270656572302e417375732e636f6d222c2268662e54797065223a2275736572227d7d}
2018/06/26 17:06:56 [DEBUG] Adding attribute extension to CSR: &{ID:[1 2 3 4 5 6 7 8 1] Critical:false Value:7b226174747273223a7b2268662e416666696c696174696f6e223a226f726731222c2268662e456e726f6c6c6d656e744944223a2270656572302e417375732e636f6d222c2268662e54797065223a2275736572227d7d}
2018/06/26 17:06:56 [INFO] signed certificate with serial number 134355035615153065439267872834090163314197077977
2018/06/26 17:06:56 [DEBUG] DB: Insert Certificate
2018/06/26 17:06:56 [DEBUG] Saved serial number as hex 1788b02b6ce3aefe745b0d7c1d93c70122451fd9
2018/06/26 17:06:56 [DEBUG] saved certificate with serial number 134355035615153065439267872834090163314197077977
2018/06/26 17:06:56 [DEBUG] Successfully incremented state for identity peer0.Asus.com to 1
2018/06/26 17:06:56 [INFO] [::1]:49489 POST /enroll 201 0 "OK"
2018/06/26 17:06:56 [DEBUG] Received request for /enroll
2018/06/26 17:06:56 [DEBUG] ca.Config: &{Version:1.1.1-snapshot-e656889 Cfg:{Identities:{AllowRemove:false} Affiliations:{AllowRemove:false}} CA:{Name: Keyfile:/Users/vladislavivanov/HLF/pcxchg/crypto-config/peerOrganizations/Asus.com/ca/root/ca-key.pem Certfile:/Users/vladislavivanov/HLF/pcxchg/crypto-config/peerOrganizations/Asus.com/ca/root/ca-cert.pem Chainfile:/Users/vladislavivanov/HLF/pcxchg/crypto-config/peerOrganizations/Asus.com/ca/root/ca-chain.pem} Signing:0xc420354830 CSR:{CN:fabric-ca-server Names:[{C:US ST:North Carolina L: O:Hyperledger OU:Fabric SerialNumber:}] Hosts:[Vladislavs-MacBook-Pro.local localhost] KeyRequest:0xc42035ec80 CA:0xc4202dccc0 SerialNumber:} Registry:{MaxEnrollments:-1 Identities:[{ Name:**** Pass:**** Type:client Affiliation: MaxEnrollments:0 Attrs:map[hf.Registrar.Roles:peer,orderer,client,user hf.Registrar.DelegateRoles:peer,orderer,client,user hf.Revoker:1 hf.IntermediateCA:1 hf.GenCRL:1 hf.Registrar.Attributes:* hf.AffiliationMgr:1]  }]} Affiliations:map[org1:[department1 department2] org2:[department1]] LDAP:{ Enabled:false URL:ldap://****:****@<host>:<port>/<base> UserFilter:(uid=%s) GroupFilter:(memberUid=%s) Attribute:{[uid member] [{ }] map[groups:[{ }]]} TLS:{false [] { }}  } DB:{ Type:sqlite3 Datasource:/Users/vladislavivanov/HLF/pcxchg/crypto-config/peerOrganizations/Asus.com/ca/root/fabric-ca-server.db TLS:{false [] { }}  } CSP:0xc4203467e0 Client:<nil> Intermediate:{ParentServer:{ URL: CAName:  } TLS:{Enabled:false CertFiles:[] Client:{KeyFile: CertFile:}} Enrollment:{ Name: Secret:**** Profile: Label: CSR:<nil> CAName: AttrReqs:[]  }} CRL:{Expiry:24h0m0s}}
2018/06/26 17:06:56 [DEBUG] DB: Getting identity admin
2018/06/26 17:06:56 [DEBUG] DB: Login user admin with max enrollments of -1 and state of 3
2018/06/26 17:06:56 [DEBUG] DB: identity admin successfully logged in
2018/06/26 17:06:56 [DEBUG] Processing sign request: id=admin, CommonName=admin, Subject=<nil>
2018/06/26 17:06:56 [DEBUG] Request is not for a CA signing certificate
2018/06/26 17:06:56 [DEBUG] Checking CSR fields to make sure that they do not exceed maximum character limits
2018/06/26 17:06:56 [DEBUG] DB: Getting identity admin
2018/06/26 17:06:56 [DEBUG] Finished processing sign request
2018/06/26 17:06:56 [DEBUG] DB: Getting identity admin
2018/06/26 17:06:56 [INFO] signed certificate with serial number 636154404602156538389402022530259985577824018454
2018/06/26 17:06:56 [DEBUG] DB: Insert Certificate
2018/06/26 17:06:56 [DEBUG] Saved serial number as hex 6f6e266c26c0a5d4ea9b1012ef242e28f5b4e016
2018/06/26 17:06:56 [DEBUG] saved certificate with serial number 636154404602156538389402022530259985577824018454
2018/06/26 17:06:56 [DEBUG] Successfully incremented state for identity admin to 4
2018/06/26 17:06:56 [INFO] [::1]:49492 POST /enroll 201 0 "OK"
2018/06/26 17:06:56 [DEBUG] Received request for /register
2018/06/26 17:06:56 [DEBUG] Checking for revocation/expiration of certificate owned by 'admin'
2018/06/26 17:06:56 [DEBUG] DB: Get certificate by serial (2bf71b349e3c70980ac68bdef0a3557e9569fc4c) and aki (6efc62a6d8cdc8660df433faeeca0c05316b8ce3)
2018/06/26 17:06:56 [DEBUG] Successful token authentication of 'admin'
2018/06/26 17:06:56 [DEBUG] Received registration request from admin: { Name:peer1.Asus.com Type:user Secret:**** MaxEnrollments:0 Affiliation:org1 Attributes:[] CAName:  }
2018/06/26 17:06:56 [DEBUG] DB: Getting identity admin
2018/06/26 17:06:56 [DEBUG] canRegister - Check to see if user 'admin' can register
2018/06/26 17:06:56 [DEBUG] Checking to see if caller 'admin' is a registrar
2018/06/26 17:06:56 [DEBUG] Validate Affiliation
2018/06/26 17:06:56 [DEBUG] Checking to see if affiliation 'org1' contains caller's affiliation ''
2018/06/26 17:06:56 [DEBUG] Caller has root affiliation
2018/06/26 17:06:56 [DEBUG] Validate ID
2018/06/26 17:06:56 [DEBUG] Validating affiliation: org1
2018/06/26 17:06:56 [DEBUG] DB: Get affiliation org1
2018/06/26 17:06:56 [DEBUG] Registering user id: peer1.Asus.com
2018/06/26 17:06:56 [DEBUG] Max enrollment value verification - User specified max enrollment: 0, CA max enrollment: -1
2018/06/26 17:06:56 [DEBUG] DB: Getting identity peer1.Asus.com
2018/06/26 17:06:56 [DEBUG] DB: Add identity peer1.Asus.com
2018/06/26 17:06:56 [DEBUG] Successfully added identity peer1.Asus.com to the database
2018/06/26 17:06:56 [INFO] [::1]:49495 POST /register 201 0 "OK"
2018/06/26 17:06:56 [DEBUG] Received request for /enroll
2018/06/26 17:06:56 [DEBUG] ca.Config: &{Version:1.1.1-snapshot-e656889 Cfg:{Identities:{AllowRemove:false} Affiliations:{AllowRemove:false}} CA:{Name: Keyfile:/Users/vladislavivanov/HLF/pcxchg/crypto-config/peerOrganizations/Asus.com/ca/root/ca-key.pem Certfile:/Users/vladislavivanov/HLF/pcxchg/crypto-config/peerOrganizations/Asus.com/ca/root/ca-cert.pem Chainfile:/Users/vladislavivanov/HLF/pcxchg/crypto-config/peerOrganizations/Asus.com/ca/root/ca-chain.pem} Signing:0xc420354830 CSR:{CN:fabric-ca-server Names:[{C:US ST:North Carolina L: O:Hyperledger OU:Fabric SerialNumber:}] Hosts:[Vladislavs-MacBook-Pro.local localhost] KeyRequest:0xc42035ec80 CA:0xc4202dccc0 SerialNumber:} Registry:{MaxEnrollments:-1 Identities:[{ Name:**** Pass:**** Type:client Affiliation: MaxEnrollments:0 Attrs:map[hf.Registrar.DelegateRoles:peer,orderer,client,user hf.Revoker:1 hf.IntermediateCA:1 hf.GenCRL:1 hf.Registrar.Attributes:* hf.AffiliationMgr:1 hf.Registrar.Roles:peer,orderer,client,user]  }]} Affiliations:map[org1:[department1 department2] org2:[department1]] LDAP:{ Enabled:false URL:ldap://****:****@<host>:<port>/<base> UserFilter:(uid=%s) GroupFilter:(memberUid=%s) Attribute:{[uid member] [{ }] map[groups:[{ }]]} TLS:{false [] { }}  } DB:{ Type:sqlite3 Datasource:/Users/vladislavivanov/HLF/pcxchg/crypto-config/peerOrganizations/Asus.com/ca/root/fabric-ca-server.db TLS:{false [] { }}  } CSP:0xc4203467e0 Client:<nil> Intermediate:{ParentServer:{ URL: CAName:  } TLS:{Enabled:false CertFiles:[] Client:{KeyFile: CertFile:}} Enrollment:{ Name: Secret:**** Profile: Label: CSR:<nil> CAName: AttrReqs:[]  }} CRL:{Expiry:24h0m0s}}
2018/06/26 17:06:56 [DEBUG] DB: Getting identity peer1.Asus.com
2018/06/26 17:06:56 [DEBUG] DB: Login user peer1.Asus.com with max enrollments of -1 and state of 0
2018/06/26 17:06:56 [DEBUG] DB: identity peer1.Asus.com successfully logged in
2018/06/26 17:06:56 [DEBUG] Processing sign request: id=peer1.Asus.com, CommonName=peer1.Asus.com, Subject=<nil>
2018/06/26 17:06:56 [DEBUG] Request is not for a CA signing certificate
2018/06/26 17:06:56 [DEBUG] Checking CSR fields to make sure that they do not exceed maximum character limits
2018/06/26 17:06:56 [DEBUG] DB: Getting identity peer1.Asus.com
2018/06/26 17:06:56 [DEBUG] Finished processing sign request
2018/06/26 17:06:56 [DEBUG] DB: Getting identity peer1.Asus.com
2018/06/26 17:06:56 [DEBUG] Attribute extension being added to certificate is: &{ID:[1 2 3 4 5 6 7 8 1] Critical:false Value:7b226174747273223a7b2268662e416666696c696174696f6e223a226f726731222c2268662e456e726f6c6c6d656e744944223a2270656572312e417375732e636f6d222c2268662e54797065223a2275736572227d7d}
2018/06/26 17:06:56 [DEBUG] Adding attribute extension to CSR: &{ID:[1 2 3 4 5 6 7 8 1] Critical:false Value:7b226174747273223a7b2268662e416666696c696174696f6e223a226f726731222c2268662e456e726f6c6c6d656e744944223a2270656572312e417375732e636f6d222c2268662e54797065223a2275736572227d7d}
2018/06/26 17:06:56 [INFO] signed certificate with serial number 141607688502250508578883589063982601854212508129
2018/06/26 17:06:56 [DEBUG] DB: Insert Certificate
2018/06/26 17:06:56 [DEBUG] Saved serial number as hex 18cde88aab226f1a15c27d99cf3630c6b6b609e1
2018/06/26 17:06:56 [DEBUG] saved certificate with serial number 141607688502250508578883589063982601854212508129
2018/06/26 17:06:56 [DEBUG] Successfully incremented state for identity peer1.Asus.com to 1
2018/06/26 17:06:56 [INFO] [::1]:49498 POST /enroll 201 0 "OK"
2018/06/26 17:06:56 [DEBUG] Received request for /cainfo
2018/06/26 17:06:56 [INFO] [::1]:49501 POST /cainfo 200 0 "OK"
