2018/06/26 17:06:56 [DEBUG] Home directory: /Users/vladislavivanov/HLF/pcxchg/crypto-config/peerOrganizations/Asus.com/users/rootAdmin
2018/06/26 17:06:56 [INFO] Configuration file location: /Users/vladislavivanov/HLF/pcxchg/crypto-config/peerOrganizations/Asus.com/users/rootAdmin/fabric-ca-client-config.yaml
2018/06/26 17:06:56 [DEBUG] Checking for enrollment
2018/06/26 17:06:56 [DEBUG] Initializing client with config: &{URL:http://localhost:7102 MSPDir:msp TLS:{Enabled:false CertFiles:[] Client:{KeyFile: CertFile:}} Enrollment:{ Name: Secret:**** Profile: Label: CSR:<nil> CAName: AttrReqs:[]  } CSR:{CN:admin Names:[{C:US ST:North Carolina L: O:Hyperledger OU:Fabric SerialNumber:}] Hosts:[Vladislavs-MacBook-Pro.local] KeyRequest:<nil> CA:<nil> SerialNumber:} ID:{Name:peer1.Asus.com Type:user Secret:secret MaxEnrollments:0 Affiliation:org1 Attributes:[] CAName:} Revoke:{Name: Serial: AKI: Reason: CAName: GenCRL:false} CAInfo:{CAName:} CAName: CSP:0xc420177cb0}
2018/06/26 17:06:56 [DEBUG] Initializing BCCSP: &{ProviderName:SW SwOpts:0xc420177d10 PluginOpts:<nil> Pkcs11Opts:<nil>}
2018/06/26 17:06:56 [DEBUG] Initializing BCCSP with software options &{SecLevel:256 HashFamily:SHA2 Ephemeral:false FileKeystore:0xc4201fff00 DummyKeystore:<nil>}
2018/06/26 17:06:56 [DEBUG] Client configuration settings: &{URL:http://localhost:7102 MSPDir:/Users/vladislavivanov/HLF/pcxchg/crypto-config/peerOrganizations/Asus.com/users/rootAdmin/msp TLS:{Enabled:false CertFiles:[] Client:{KeyFile: CertFile:}} Enrollment:{ Name: Secret:**** Profile: Label: CSR:<nil> CAName: AttrReqs:[]  } CSR:{CN:admin Names:[{C:US ST:North Carolina L: O:Hyperledger OU:Fabric SerialNumber:}] Hosts:[Vladislavs-MacBook-Pro.local] KeyRequest:<nil> CA:<nil> SerialNumber:} ID:{Name:peer1.Asus.com Type:user Secret:secret MaxEnrollments:0 Affiliation:org1 Attributes:[] CAName:} Revoke:{Name: Serial: AKI: Reason: CAName: GenCRL:false} CAInfo:{CAName:} CAName: CSP:0xc420177cb0}
2018/06/26 17:06:56 [DEBUG] Entered runRegister
2018/06/26 17:06:56 [DEBUG] Initializing client with config: &{URL:http://localhost:7102 MSPDir:/Users/vladislavivanov/HLF/pcxchg/crypto-config/peerOrganizations/Asus.com/users/rootAdmin/msp TLS:{Enabled:false CertFiles:[] Client:{KeyFile: CertFile:}} Enrollment:{ Name: Secret:**** Profile: Label: CSR:<nil> CAName: AttrReqs:[]  } CSR:{CN:admin Names:[{C:US ST:North Carolina L: O:Hyperledger OU:Fabric SerialNumber:}] Hosts:[Vladislavs-MacBook-Pro.local] KeyRequest:<nil> CA:<nil> SerialNumber:} ID:{Name:peer1.Asus.com Type:user Secret:secret MaxEnrollments:0 Affiliation:org1 Attributes:[] CAName:} Revoke:{Name: Serial: AKI: Reason: CAName: GenCRL:false} CAInfo:{CAName:} CAName: CSP:0xc420177cb0}
2018/06/26 17:06:56 [DEBUG] Initializing BCCSP: &{ProviderName:SW SwOpts:0xc420177d10 PluginOpts:<nil> Pkcs11Opts:<nil>}
2018/06/26 17:06:56 [DEBUG] Initializing BCCSP with software options &{SecLevel:256 HashFamily:SHA2 Ephemeral:false FileKeystore:0xc4201fff00 DummyKeystore:<nil>}
2018/06/26 17:06:56 [DEBUG] Loading identity: keyFile=/Users/vladislavivanov/HLF/pcxchg/crypto-config/peerOrganizations/Asus.com/users/rootAdmin/msp/keystore/key.pem, certFile=/Users/vladislavivanov/HLF/pcxchg/crypto-config/peerOrganizations/Asus.com/users/rootAdmin/msp/signcerts/cert.pem
2018/06/26 17:06:56 [DEBUG] Register { Name:peer1.Asus.com Type:user Secret:**** MaxEnrollments:0 Affiliation:org1 Attributes:[] CAName:  }
2018/06/26 17:06:56 [DEBUG] Adding token-based authorization header
2018/06/26 17:06:56 [DEBUG] Sending request
POST http://localhost:7102/register
{"id":"peer1.Asus.com","type":"user","secret":"secret","affiliation":"org1"}
2018/06/26 17:06:56 [DEBUG] Received response
statusCode=201 (201 Created)
2018/06/26 17:06:56 [DEBUG] Response body result: map[secret:secret]
2018/06/26 17:06:56 [DEBUG] The register request completed successfully
Password: secret
