2018/07/02 15:26:29 [INFO] Created default configuration file at /Users/vladislavivanov/HLF/pcxchg/__crypto-config/ordererOrganizations/pcxchg.com/ca/root/fabric-ca-server-config.yaml
2018/07/02 15:26:29 [INFO] Starting server in home directory: /Users/vladislavivanov/HLF/pcxchg/__crypto-config/ordererOrganizations/pcxchg.com/ca/root
2018/07/02 15:26:29 [INFO] Server Version: 1.1.1-snapshot-e656889
2018/07/02 15:26:29 [INFO] Server Levels: &{Identity:1 Affiliation:1 Certificate:1}
2018/07/02 15:26:29 [DEBUG] Making server filenames absolute
2018/07/02 15:26:29 [DEBUG] Initializing default CA in directory /Users/vladislavivanov/HLF/pcxchg/__crypto-config/ordererOrganizations/pcxchg.com/ca/root
2018/07/02 15:26:29 [DEBUG] Init CA with home /Users/vladislavivanov/HLF/pcxchg/__crypto-config/ordererOrganizations/pcxchg.com/ca/root and config {Version:1.1.1-snapshot-e656889 Cfg:{Identities:{AllowRemove:false} Affiliations:{AllowRemove:false}} CA:{Name: Keyfile: Certfile:ca-cert.pem Chainfile:ca-chain.pem} Signing:0xc420341190 CSR:{CN:fabric-ca-server Names:[{C:US ST:North Carolina L: O:Hyperledger OU:Fabric SerialNumber:}] Hosts:[Vladislavs-MacBook-Pro.local localhost] KeyRequest:<nil> CA:0xc4202c8fe0 SerialNumber:} Registry:{MaxEnrollments:-1 Identities:[{ Name:**** Pass:**** Type:client Affiliation: MaxEnrollments:0 Attrs:map[hf.Registrar.Roles:peer,orderer,client,user hf.Registrar.DelegateRoles:peer,orderer,client,user hf.Revoker:1 hf.IntermediateCA:1 hf.GenCRL:1 hf.Registrar.Attributes:* hf.AffiliationMgr:1]  }]} Affiliations:map[org2:[department1] org1:[department1 department2]] LDAP:{ Enabled:false URL:ldap://****:****@<host>:<port>/<base> UserFilter:(uid=%s) GroupFilter:(memberUid=%s) Attribute:{[uid member] [{ }] map[groups:[{ }]]} TLS:{false [] { }}  } DB:{ Type:sqlite3 Datasource:fabric-ca-server.db TLS:{false [] { }}  } CSP:0xc420336720 Client:<nil> Intermediate:{ParentServer:{ URL: CAName:  } TLS:{Enabled:false CertFiles:[] Client:{KeyFile: CertFile:}} Enrollment:{ Name: Secret:**** Profile: Label: CSR:<nil> CAName: AttrReqs:[]  }} CRL:{Expiry:24h0m0s}}
2018/07/02 15:26:29 [DEBUG] CA Home Directory: /Users/vladislavivanov/HLF/pcxchg/__crypto-config/ordererOrganizations/pcxchg.com/ca/root
2018/07/02 15:26:29 [DEBUG] Checking configuration file version '1.1.1-snapshot-e656889' against server version: '1.1.1-snapshot-e656889'
2018/07/02 15:26:29 [DEBUG] Initializing BCCSP: &{ProviderName:SW SwOpts:0xc420336780 PluginOpts:<nil> Pkcs11Opts:<nil>}
2018/07/02 15:26:29 [DEBUG] Initializing BCCSP with software options &{SecLevel:256 HashFamily:SHA2 Ephemeral:false FileKeystore:0xc420340e80 DummyKeystore:<nil>}
2018/07/02 15:26:29 [DEBUG] Initialize key material
2018/07/02 15:26:29 [DEBUG] Making CA filenames absolute
2018/07/02 15:26:29 [DEBUG] Root CA certificate request: {CN:fabric-ca-server Names:[{C:US ST:North Carolina L: O:Hyperledger OU:Fabric SerialNumber:}] Hosts:[Vladislavs-MacBook-Pro.local localhost] KeyRequest:0xc42034cd20 CA:0xc4202c8fe0 SerialNumber:}
2018/07/02 15:26:29 [INFO] generating key: &{A:ecdsa S:256}
2018/07/02 15:26:29 [DEBUG] generate key from request: algo=ecdsa, size=256
2018/07/02 15:26:29 [INFO] encoded CSR
2018/07/02 15:26:29 [DEBUG] validating configuration
2018/07/02 15:26:29 [DEBUG] validate local profile
2018/07/02 15:26:29 [DEBUG] profile is valid
2018/07/02 15:26:29 [INFO] signed certificate with serial number 371959512048957922431006466191084481211183901213
2018/07/02 15:26:29 [INFO] The CA key and certificate were generated for CA 
2018/07/02 15:26:29 [INFO] The key was stored by BCCSP provider 'SW'
2018/07/02 15:26:29 [INFO] The certificate is at: /Users/vladislavivanov/HLF/pcxchg/__crypto-config/ordererOrganizations/pcxchg.com/ca/root/ca-cert.pem
2018/07/02 15:26:29 [DEBUG] Initializing DB
2018/07/02 15:26:29 [DEBUG] Initializing 'sqlite3' database at '/Users/vladislavivanov/HLF/pcxchg/__crypto-config/ordererOrganizations/pcxchg.com/ca/root/fabric-ca-server.db'
2018/07/02 15:26:29 [DEBUG] Using sqlite database, connect to database in home (/Users/vladislavivanov/HLF/pcxchg/__crypto-config/ordererOrganizations/pcxchg.com/ca/root/fabric-ca-server.db) directory
2018/07/02 15:26:29 [DEBUG] Creating SQLite database (/Users/vladislavivanov/HLF/pcxchg/__crypto-config/ordererOrganizations/pcxchg.com/ca/root/fabric-ca-server.db) if it does not exist...
2018/07/02 15:26:29 [DEBUG] Creating users table if it does not exist
2018/07/02 15:26:29 [DEBUG] Creating affiliations table if it does not exist
2018/07/02 15:26:29 [DEBUG] Creating certificates table if it does not exist
2018/07/02 15:26:29 [DEBUG] Creating properties table if it does not exist
2018/07/02 15:26:29 [DEBUG] Successfully opened sqlite3 DB
2018/07/02 15:26:29 [DEBUG] Checking database schema...
2018/07/02 15:26:29 [DEBUG] Update SQLite schema, if using outdated schema
2018/07/02 15:26:29 [DEBUG] Upgrade identities table
2018/07/02 15:26:29 [DEBUG] Creating users table if it does not exist
2018/07/02 15:26:29 [DEBUG] Upgrade affiliation table
2018/07/02 15:26:29 [DEBUG] Creating affiliations table if it does not exist
2018/07/02 15:26:29 [DEBUG] Upgrade certificates table
2018/07/02 15:26:29 [DEBUG] Creating certificates table if it does not exist
2018/07/02 15:26:29 [DEBUG] Initializing identity registry
2018/07/02 15:26:29 [DEBUG] Initialized DB identity registry
2018/07/02 15:26:29 [DEBUG] DB: Get properties [identity.level affiliation.level certificate.level]
2018/07/02 15:26:29 [DEBUG] Checking database levels 'map[affiliation.level:0 certificate.level:0 identity.level:0]' against server levels '&{Identity:1 Affiliation:1 Certificate:1}'
2018/07/02 15:26:29 [DEBUG] Loading identity table
2018/07/02 15:26:29 [DEBUG] Loading identity 'admin'
2018/07/02 15:26:29 [DEBUG] DB: Getting identity admin
2018/07/02 15:26:29 [DEBUG] Max enrollment value verification - User specified max enrollment: 0, CA max enrollment: -1
2018/07/02 15:26:29 [DEBUG] DB: Add identity admin
2018/07/02 15:26:29 [DEBUG] Successfully added identity admin to the database
2018/07/02 15:26:29 [DEBUG] Registered identity: { Name:**** Pass:**** Type:client Affiliation: MaxEnrollments:-1 Attrs:map[hf.Registrar.Attributes:* hf.AffiliationMgr:1 hf.Registrar.Roles:peer,orderer,client,user hf.Registrar.DelegateRoles:peer,orderer,client,user hf.Revoker:1 hf.IntermediateCA:1 hf.GenCRL:1]  }
2018/07/02 15:26:29 [DEBUG] Successfully loaded identity table
2018/07/02 15:26:29 [DEBUG] Loading affiliations table
2018/07/02 15:26:29 [DEBUG] DB: Add affiliation org2
2018/07/02 15:26:29 [DEBUG] Affiliation 'org2' added
2018/07/02 15:26:29 [DEBUG] DB: Add affiliation org2.department1
2018/07/02 15:26:29 [DEBUG] Affiliation 'org2.department1' added
2018/07/02 15:26:29 [DEBUG] DB: Add affiliation org1
2018/07/02 15:26:29 [DEBUG] Affiliation 'org1' added
2018/07/02 15:26:29 [DEBUG] DB: Add affiliation org1.department1
2018/07/02 15:26:29 [DEBUG] Affiliation 'org1.department1' added
2018/07/02 15:26:29 [DEBUG] DB: Add affiliation org1.department2
2018/07/02 15:26:29 [DEBUG] Affiliation 'org1.department2' added
2018/07/02 15:26:29 [DEBUG] Successfully loaded affiliations table
2018/07/02 15:26:29 [DEBUG] Checking and performing migration, if needed
2018/07/02 15:26:29 [DEBUG] Updating database level to &{Identity:1 Affiliation:1 Certificate:1}
2018/07/02 15:26:29 [INFO] Initialized sqlite3 database at /Users/vladislavivanov/HLF/pcxchg/__crypto-config/ordererOrganizations/pcxchg.com/ca/root/fabric-ca-server.db
2018/07/02 15:26:29 [DEBUG] Initializing enrollment signer
2018/07/02 15:26:29 [DEBUG] validating configuration
2018/07/02 15:26:29 [DEBUG] validate local profile
2018/07/02 15:26:29 [DEBUG] profile is valid
2018/07/02 15:26:29 [DEBUG] validate local profile
2018/07/02 15:26:29 [DEBUG] profile is valid
2018/07/02 15:26:29 [DEBUG] validate local profile
2018/07/02 15:26:29 [DEBUG] profile is valid
2018/07/02 15:26:29 [DEBUG] CA initialization successful
2018/07/02 15:26:29 [INFO] Home directory for default CA: /Users/vladislavivanov/HLF/pcxchg/__crypto-config/ordererOrganizations/pcxchg.com/ca/root
2018/07/02 15:26:29 [DEBUG] 1 CA instance(s) running on server
2018/07/02 15:26:29 [INFO] Listening on http://0.0.0.0:7100
2018/07/02 15:26:30 [DEBUG] Received request for /enroll
2018/07/02 15:26:30 [DEBUG] ca.Config: &{Version:1.1.1-snapshot-e656889 Cfg:{Identities:{AllowRemove:false} Affiliations:{AllowRemove:false}} CA:{Name: Keyfile:/Users/vladislavivanov/HLF/pcxchg/__crypto-config/ordererOrganizations/pcxchg.com/ca/root/ca-key.pem Certfile:/Users/vladislavivanov/HLF/pcxchg/__crypto-config/ordererOrganizations/pcxchg.com/ca/root/ca-cert.pem Chainfile:/Users/vladislavivanov/HLF/pcxchg/__crypto-config/ordererOrganizations/pcxchg.com/ca/root/ca-chain.pem} Signing:0xc420341190 CSR:{CN:fabric-ca-server Names:[{C:US ST:North Carolina L: O:Hyperledger OU:Fabric SerialNumber:}] Hosts:[Vladislavs-MacBook-Pro.local localhost] KeyRequest:0xc42034cd00 CA:0xc4202c8fe0 SerialNumber:} Registry:{MaxEnrollments:-1 Identities:[{ Name:**** Pass:**** Type:client Affiliation: MaxEnrollments:0 Attrs:map[hf.Registrar.Attributes:* hf.AffiliationMgr:1 hf.Registrar.Roles:peer,orderer,client,user hf.Registrar.DelegateRoles:peer,orderer,client,user hf.Revoker:1 hf.IntermediateCA:1 hf.GenCRL:1]  }]} Affiliations:map[org2:[department1] org1:[department1 department2]] LDAP:{ Enabled:false URL:ldap://****:****@<host>:<port>/<base> UserFilter:(uid=%s) GroupFilter:(memberUid=%s) Attribute:{[uid member] [{ }] map[groups:[{ }]]} TLS:{false [] { }}  } DB:{ Type:sqlite3 Datasource:/Users/vladislavivanov/HLF/pcxchg/__crypto-config/ordererOrganizations/pcxchg.com/ca/root/fabric-ca-server.db TLS:{false [] { }}  } CSP:0xc420336720 Client:<nil> Intermediate:{ParentServer:{ URL: CAName:  } TLS:{Enabled:false CertFiles:[] Client:{KeyFile: CertFile:}} Enrollment:{ Name: Secret:**** Profile: Label: CSR:<nil> CAName: AttrReqs:[]  }} CRL:{Expiry:24h0m0s}}
2018/07/02 15:26:30 [DEBUG] DB: Getting identity admin
2018/07/02 15:26:30 [DEBUG] DB: Login user admin with max enrollments of -1 and state of 0
2018/07/02 15:26:30 [DEBUG] DB: identity admin successfully logged in
2018/07/02 15:26:30 [DEBUG] Processing sign request: id=admin, CommonName=admin, Subject=<nil>
2018/07/02 15:26:30 [DEBUG] Request is not for a CA signing certificate
2018/07/02 15:26:30 [DEBUG] Checking CSR fields to make sure that they do not exceed maximum character limits
2018/07/02 15:26:30 [DEBUG] DB: Getting identity admin
2018/07/02 15:26:30 [DEBUG] Finished processing sign request
2018/07/02 15:26:30 [DEBUG] DB: Getting identity admin
2018/07/02 15:26:30 [INFO] signed certificate with serial number 526527824725767445657545004746268761069288143013
2018/07/02 15:26:30 [DEBUG] DB: Insert Certificate
2018/07/02 15:26:30 [DEBUG] Saved serial number as hex 5c3a5300ca2af4d24a2499d22baba90c6d47b8a5
2018/07/02 15:26:30 [DEBUG] saved certificate with serial number 526527824725767445657545004746268761069288143013
2018/07/02 15:26:30 [DEBUG] Successfully incremented state for identity admin to 1
2018/07/02 15:26:30 [INFO] 127.0.0.1:65217 POST /enroll 201 0 "OK"
2018/07/02 15:26:30 [DEBUG] Received request for /enroll
2018/07/02 15:26:30 [DEBUG] ca.Config: &{Version:1.1.1-snapshot-e656889 Cfg:{Identities:{AllowRemove:false} Affiliations:{AllowRemove:false}} CA:{Name: Keyfile:/Users/vladislavivanov/HLF/pcxchg/__crypto-config/ordererOrganizations/pcxchg.com/ca/root/ca-key.pem Certfile:/Users/vladislavivanov/HLF/pcxchg/__crypto-config/ordererOrganizations/pcxchg.com/ca/root/ca-cert.pem Chainfile:/Users/vladislavivanov/HLF/pcxchg/__crypto-config/ordererOrganizations/pcxchg.com/ca/root/ca-chain.pem} Signing:0xc420341190 CSR:{CN:fabric-ca-server Names:[{C:US ST:North Carolina L: O:Hyperledger OU:Fabric SerialNumber:}] Hosts:[Vladislavs-MacBook-Pro.local localhost] KeyRequest:0xc42034cd00 CA:0xc4202c8fe0 SerialNumber:} Registry:{MaxEnrollments:-1 Identities:[{ Name:**** Pass:**** Type:client Affiliation: MaxEnrollments:0 Attrs:map[hf.GenCRL:1 hf.Registrar.Attributes:* hf.AffiliationMgr:1 hf.Registrar.Roles:peer,orderer,client,user hf.Registrar.DelegateRoles:peer,orderer,client,user hf.Revoker:1 hf.IntermediateCA:1]  }]} Affiliations:map[org2:[department1] org1:[department1 department2]] LDAP:{ Enabled:false URL:ldap://****:****@<host>:<port>/<base> UserFilter:(uid=%s) GroupFilter:(memberUid=%s) Attribute:{[uid member] [{ }] map[groups:[{ }]]} TLS:{false [] { }}  } DB:{ Type:sqlite3 Datasource:/Users/vladislavivanov/HLF/pcxchg/__crypto-config/ordererOrganizations/pcxchg.com/ca/root/fabric-ca-server.db TLS:{false [] { }}  } CSP:0xc420336720 Client:<nil> Intermediate:{ParentServer:{ URL: CAName:  } TLS:{Enabled:false CertFiles:[] Client:{KeyFile: CertFile:}} Enrollment:{ Name: Secret:**** Profile: Label: CSR:<nil> CAName: AttrReqs:[]  }} CRL:{Expiry:24h0m0s}}
2018/07/02 15:26:30 [DEBUG] DB: Getting identity admin
2018/07/02 15:26:30 [DEBUG] DB: Login user admin with max enrollments of -1 and state of 1
2018/07/02 15:26:30 [DEBUG] DB: identity admin successfully logged in
2018/07/02 15:26:30 [DEBUG] Processing sign request: id=admin, CommonName=admin, Subject=<nil>
2018/07/02 15:26:30 [DEBUG] Request is not for a CA signing certificate
2018/07/02 15:26:30 [DEBUG] Checking CSR fields to make sure that they do not exceed maximum character limits
2018/07/02 15:26:30 [DEBUG] DB: Getting identity admin
2018/07/02 15:26:30 [DEBUG] Finished processing sign request
2018/07/02 15:26:30 [DEBUG] DB: Getting identity admin
2018/07/02 15:26:30 [INFO] signed certificate with serial number 726666174606158447858331242439612413946111541756
2018/07/02 15:26:30 [DEBUG] DB: Insert Certificate
2018/07/02 15:26:30 [DEBUG] Saved serial number as hex 7f48d695f53c6a6eea896b716d21e8d03c3541fc
2018/07/02 15:26:30 [DEBUG] saved certificate with serial number 726666174606158447858331242439612413946111541756
2018/07/02 15:26:30 [DEBUG] Successfully incremented state for identity admin to 2
2018/07/02 15:26:30 [INFO] 127.0.0.1:65220 POST /enroll 201 0 "OK"
2018/07/02 15:26:30 [DEBUG] Received request for /register
2018/07/02 15:26:30 [DEBUG] Checking for revocation/expiration of certificate owned by 'admin'
2018/07/02 15:26:30 [DEBUG] DB: Get certificate by serial (7f48d695f53c6a6eea896b716d21e8d03c3541fc) and aki (e406dde122c5714e8937bf61d191bdc49aabeda6)
2018/07/02 15:26:30 [DEBUG] Successful token authentication of 'admin'
2018/07/02 15:26:30 [DEBUG] Received registration request from admin: { Name:nodeAdmin Type:user Secret:**** MaxEnrollments:0 Affiliation:org1 Attributes:[] CAName:  }
2018/07/02 15:26:30 [DEBUG] DB: Getting identity admin
2018/07/02 15:26:30 [DEBUG] canRegister - Check to see if user 'admin' can register
2018/07/02 15:26:30 [DEBUG] Checking to see if caller 'admin' is a registrar
2018/07/02 15:26:30 [DEBUG] Validate Affiliation
2018/07/02 15:26:30 [DEBUG] Checking to see if affiliation 'org1' contains caller's affiliation ''
2018/07/02 15:26:30 [DEBUG] Caller has root affiliation
2018/07/02 15:26:30 [DEBUG] Validate ID
2018/07/02 15:26:30 [DEBUG] Validating affiliation: org1
2018/07/02 15:26:30 [DEBUG] DB: Get affiliation org1
2018/07/02 15:26:30 [DEBUG] Registering user id: nodeAdmin
2018/07/02 15:26:30 [DEBUG] Max enrollment value verification - User specified max enrollment: 0, CA max enrollment: -1
2018/07/02 15:26:30 [DEBUG] DB: Getting identity nodeAdmin
2018/07/02 15:26:30 [DEBUG] DB: Add identity nodeAdmin
2018/07/02 15:26:30 [DEBUG] Successfully added identity nodeAdmin to the database
2018/07/02 15:26:30 [INFO] 127.0.0.1:65223 POST /register 201 0 "OK"
2018/07/02 15:26:30 [DEBUG] Received request for /enroll
2018/07/02 15:26:30 [DEBUG] ca.Config: &{Version:1.1.1-snapshot-e656889 Cfg:{Identities:{AllowRemove:false} Affiliations:{AllowRemove:false}} CA:{Name: Keyfile:/Users/vladislavivanov/HLF/pcxchg/__crypto-config/ordererOrganizations/pcxchg.com/ca/root/ca-key.pem Certfile:/Users/vladislavivanov/HLF/pcxchg/__crypto-config/ordererOrganizations/pcxchg.com/ca/root/ca-cert.pem Chainfile:/Users/vladislavivanov/HLF/pcxchg/__crypto-config/ordererOrganizations/pcxchg.com/ca/root/ca-chain.pem} Signing:0xc420341190 CSR:{CN:fabric-ca-server Names:[{C:US ST:North Carolina L: O:Hyperledger OU:Fabric SerialNumber:}] Hosts:[Vladislavs-MacBook-Pro.local localhost] KeyRequest:0xc42034cd00 CA:0xc4202c8fe0 SerialNumber:} Registry:{MaxEnrollments:-1 Identities:[{ Name:**** Pass:**** Type:client Affiliation: MaxEnrollments:0 Attrs:map[hf.IntermediateCA:1 hf.GenCRL:1 hf.Registrar.Attributes:* hf.AffiliationMgr:1 hf.Registrar.Roles:peer,orderer,client,user hf.Registrar.DelegateRoles:peer,orderer,client,user hf.Revoker:1]  }]} Affiliations:map[org2:[department1] org1:[department1 department2]] LDAP:{ Enabled:false URL:ldap://****:****@<host>:<port>/<base> UserFilter:(uid=%s) GroupFilter:(memberUid=%s) Attribute:{[uid member] [{ }] map[groups:[{ }]]} TLS:{false [] { }}  } DB:{ Type:sqlite3 Datasource:/Users/vladislavivanov/HLF/pcxchg/__crypto-config/ordererOrganizations/pcxchg.com/ca/root/fabric-ca-server.db TLS:{false [] { }}  } CSP:0xc420336720 Client:<nil> Intermediate:{ParentServer:{ URL: CAName:  } TLS:{Enabled:false CertFiles:[] Client:{KeyFile: CertFile:}} Enrollment:{ Name: Secret:**** Profile: Label: CSR:<nil> CAName: AttrReqs:[]  }} CRL:{Expiry:24h0m0s}}
2018/07/02 15:26:30 [DEBUG] DB: Getting identity nodeAdmin
2018/07/02 15:26:30 [DEBUG] DB: Login user nodeAdmin with max enrollments of -1 and state of 0
2018/07/02 15:26:30 [DEBUG] DB: identity nodeAdmin successfully logged in
2018/07/02 15:26:30 [DEBUG] Processing sign request: id=nodeAdmin, CommonName=nodeAdmin, Subject=<nil>
2018/07/02 15:26:30 [DEBUG] Request is not for a CA signing certificate
2018/07/02 15:26:30 [DEBUG] Checking CSR fields to make sure that they do not exceed maximum character limits
2018/07/02 15:26:30 [DEBUG] DB: Getting identity nodeAdmin
2018/07/02 15:26:30 [DEBUG] Finished processing sign request
2018/07/02 15:26:30 [DEBUG] DB: Getting identity nodeAdmin
2018/07/02 15:26:30 [DEBUG] Attribute extension being added to certificate is: &{ID:[1 2 3 4 5 6 7 8 1] Critical:false Value:7b226174747273223a7b2268662e416666696c696174696f6e223a226f726731222c2268662e456e726f6c6c6d656e744944223a226e6f646541646d696e222c2268662e54797065223a2275736572227d7d}
2018/07/02 15:26:30 [DEBUG] Adding attribute extension to CSR: &{ID:[1 2 3 4 5 6 7 8 1] Critical:false Value:7b226174747273223a7b2268662e416666696c696174696f6e223a226f726731222c2268662e456e726f6c6c6d656e744944223a226e6f646541646d696e222c2268662e54797065223a2275736572227d7d}
2018/07/02 15:26:30 [INFO] signed certificate with serial number 701852258391043205597939404556811712923477837317
2018/07/02 15:26:30 [DEBUG] DB: Insert Certificate
2018/07/02 15:26:30 [DEBUG] Saved serial number as hex 7af024cc2057c5dd246f1b8782146a67242d8605
2018/07/02 15:26:30 [DEBUG] saved certificate with serial number 701852258391043205597939404556811712923477837317
2018/07/02 15:26:30 [DEBUG] Successfully incremented state for identity nodeAdmin to 1
2018/07/02 15:26:30 [INFO] 127.0.0.1:65226 POST /enroll 201 0 "OK"
2018/07/02 15:26:30 [DEBUG] Received request for /register
2018/07/02 15:26:30 [DEBUG] Checking for revocation/expiration of certificate owned by 'admin'
2018/07/02 15:26:30 [DEBUG] DB: Get certificate by serial (7f48d695f53c6a6eea896b716d21e8d03c3541fc) and aki (e406dde122c5714e8937bf61d191bdc49aabeda6)
2018/07/02 15:26:30 [DEBUG] Successful token authentication of 'admin'
2018/07/02 15:26:30 [DEBUG] Received registration request from admin: { Name:User1@pcxchg.com Type:user Secret:**** MaxEnrollments:0 Affiliation:org1 Attributes:[] CAName:  }
2018/07/02 15:26:30 [DEBUG] DB: Getting identity admin
2018/07/02 15:26:30 [DEBUG] canRegister - Check to see if user 'admin' can register
2018/07/02 15:26:30 [DEBUG] Checking to see if caller 'admin' is a registrar
2018/07/02 15:26:30 [DEBUG] Validate Affiliation
2018/07/02 15:26:30 [DEBUG] Checking to see if affiliation 'org1' contains caller's affiliation ''
2018/07/02 15:26:30 [DEBUG] Caller has root affiliation
2018/07/02 15:26:30 [DEBUG] Validate ID
2018/07/02 15:26:30 [DEBUG] Validating affiliation: org1
2018/07/02 15:26:30 [DEBUG] DB: Get affiliation org1
2018/07/02 15:26:30 [DEBUG] Registering user id: User1@pcxchg.com
2018/07/02 15:26:30 [DEBUG] Max enrollment value verification - User specified max enrollment: 0, CA max enrollment: -1
2018/07/02 15:26:30 [DEBUG] DB: Getting identity User1@pcxchg.com
2018/07/02 15:26:30 [DEBUG] DB: Add identity User1@pcxchg.com
2018/07/02 15:26:31 [DEBUG] Successfully added identity User1@pcxchg.com to the database
2018/07/02 15:26:31 [INFO] 127.0.0.1:65229 POST /register 201 0 "OK"
2018/07/02 15:26:31 [DEBUG] Received request for /enroll
2018/07/02 15:26:31 [DEBUG] ca.Config: &{Version:1.1.1-snapshot-e656889 Cfg:{Identities:{AllowRemove:false} Affiliations:{AllowRemove:false}} CA:{Name: Keyfile:/Users/vladislavivanov/HLF/pcxchg/__crypto-config/ordererOrganizations/pcxchg.com/ca/root/ca-key.pem Certfile:/Users/vladislavivanov/HLF/pcxchg/__crypto-config/ordererOrganizations/pcxchg.com/ca/root/ca-cert.pem Chainfile:/Users/vladislavivanov/HLF/pcxchg/__crypto-config/ordererOrganizations/pcxchg.com/ca/root/ca-chain.pem} Signing:0xc420341190 CSR:{CN:fabric-ca-server Names:[{C:US ST:North Carolina L: O:Hyperledger OU:Fabric SerialNumber:}] Hosts:[Vladislavs-MacBook-Pro.local localhost] KeyRequest:0xc42034cd00 CA:0xc4202c8fe0 SerialNumber:} Registry:{MaxEnrollments:-1 Identities:[{ Name:**** Pass:**** Type:client Affiliation: MaxEnrollments:0 Attrs:map[hf.Registrar.Attributes:* hf.AffiliationMgr:1 hf.Registrar.Roles:peer,orderer,client,user hf.Registrar.DelegateRoles:peer,orderer,client,user hf.Revoker:1 hf.IntermediateCA:1 hf.GenCRL:1]  }]} Affiliations:map[org2:[department1] org1:[department1 department2]] LDAP:{ Enabled:false URL:ldap://****:****@<host>:<port>/<base> UserFilter:(uid=%s) GroupFilter:(memberUid=%s) Attribute:{[uid member] [{ }] map[groups:[{ }]]} TLS:{false [] { }}  } DB:{ Type:sqlite3 Datasource:/Users/vladislavivanov/HLF/pcxchg/__crypto-config/ordererOrganizations/pcxchg.com/ca/root/fabric-ca-server.db TLS:{false [] { }}  } CSP:0xc420336720 Client:<nil> Intermediate:{ParentServer:{ URL: CAName:  } TLS:{Enabled:false CertFiles:[] Client:{KeyFile: CertFile:}} Enrollment:{ Name: Secret:**** Profile: Label: CSR:<nil> CAName: AttrReqs:[]  }} CRL:{Expiry:24h0m0s}}
2018/07/02 15:26:31 [DEBUG] DB: Getting identity User1@pcxchg.com
2018/07/02 15:26:31 [DEBUG] DB: Login user User1@pcxchg.com with max enrollments of -1 and state of 0
2018/07/02 15:26:31 [DEBUG] DB: identity User1@pcxchg.com successfully logged in
2018/07/02 15:26:31 [DEBUG] Processing sign request: id=User1@pcxchg.com, CommonName=User1@pcxchg.com, Subject=<nil>
2018/07/02 15:26:31 [DEBUG] Request is not for a CA signing certificate
2018/07/02 15:26:31 [DEBUG] Checking CSR fields to make sure that they do not exceed maximum character limits
2018/07/02 15:26:31 [DEBUG] DB: Getting identity User1@pcxchg.com
2018/07/02 15:26:31 [DEBUG] Finished processing sign request
2018/07/02 15:26:31 [DEBUG] DB: Getting identity User1@pcxchg.com
2018/07/02 15:26:31 [DEBUG] Attribute extension being added to certificate is: &{ID:[1 2 3 4 5 6 7 8 1] Critical:false Value:7b226174747273223a7b2268662e416666696c696174696f6e223a226f726731222c2268662e456e726f6c6c6d656e744944223a225573657231407063786368672e636f6d222c2268662e54797065223a2275736572227d7d}
2018/07/02 15:26:31 [DEBUG] Adding attribute extension to CSR: &{ID:[1 2 3 4 5 6 7 8 1] Critical:false Value:7b226174747273223a7b2268662e416666696c696174696f6e223a226f726731222c2268662e456e726f6c6c6d656e744944223a225573657231407063786368672e636f6d222c2268662e54797065223a2275736572227d7d}
2018/07/02 15:26:31 [INFO] signed certificate with serial number 440384699705732991898121672234050046830008865385
2018/07/02 15:26:31 [DEBUG] DB: Insert Certificate
2018/07/02 15:26:31 [DEBUG] Saved serial number as hex 4d23886cbb4d30b3c1a461f4ce742fdfb3381269
2018/07/02 15:26:31 [DEBUG] saved certificate with serial number 440384699705732991898121672234050046830008865385
2018/07/02 15:26:31 [DEBUG] Successfully incremented state for identity User1@pcxchg.com to 1
2018/07/02 15:26:31 [INFO] 127.0.0.1:65232 POST /enroll 201 0 "OK"
2018/07/02 15:26:31 [DEBUG] Received request for /enroll
2018/07/02 15:26:31 [DEBUG] ca.Config: &{Version:1.1.1-snapshot-e656889 Cfg:{Identities:{AllowRemove:false} Affiliations:{AllowRemove:false}} CA:{Name: Keyfile:/Users/vladislavivanov/HLF/pcxchg/__crypto-config/ordererOrganizations/pcxchg.com/ca/root/ca-key.pem Certfile:/Users/vladislavivanov/HLF/pcxchg/__crypto-config/ordererOrganizations/pcxchg.com/ca/root/ca-cert.pem Chainfile:/Users/vladislavivanov/HLF/pcxchg/__crypto-config/ordererOrganizations/pcxchg.com/ca/root/ca-chain.pem} Signing:0xc420341190 CSR:{CN:fabric-ca-server Names:[{C:US ST:North Carolina L: O:Hyperledger OU:Fabric SerialNumber:}] Hosts:[Vladislavs-MacBook-Pro.local localhost] KeyRequest:0xc42034cd00 CA:0xc4202c8fe0 SerialNumber:} Registry:{MaxEnrollments:-1 Identities:[{ Name:**** Pass:**** Type:client Affiliation: MaxEnrollments:0 Attrs:map[hf.Registrar.Roles:peer,orderer,client,user hf.Registrar.DelegateRoles:peer,orderer,client,user hf.Revoker:1 hf.IntermediateCA:1 hf.GenCRL:1 hf.Registrar.Attributes:* hf.AffiliationMgr:1]  }]} Affiliations:map[org2:[department1] org1:[department1 department2]] LDAP:{ Enabled:false URL:ldap://****:****@<host>:<port>/<base> UserFilter:(uid=%s) GroupFilter:(memberUid=%s) Attribute:{[uid member] [{ }] map[groups:[{ }]]} TLS:{false [] { }}  } DB:{ Type:sqlite3 Datasource:/Users/vladislavivanov/HLF/pcxchg/__crypto-config/ordererOrganizations/pcxchg.com/ca/root/fabric-ca-server.db TLS:{false [] { }}  } CSP:0xc420336720 Client:<nil> Intermediate:{ParentServer:{ URL: CAName:  } TLS:{Enabled:false CertFiles:[] Client:{KeyFile: CertFile:}} Enrollment:{ Name: Secret:**** Profile: Label: CSR:<nil> CAName: AttrReqs:[]  }} CRL:{Expiry:24h0m0s}}
2018/07/02 15:26:31 [DEBUG] DB: Getting identity admin
2018/07/02 15:26:31 [DEBUG] DB: Login user admin with max enrollments of -1 and state of 2
2018/07/02 15:26:31 [DEBUG] DB: identity admin successfully logged in
2018/07/02 15:26:31 [DEBUG] Processing sign request: id=admin, CommonName=admin, Subject=<nil>
2018/07/02 15:26:31 [DEBUG] Request is not for a CA signing certificate
2018/07/02 15:26:31 [DEBUG] Checking CSR fields to make sure that they do not exceed maximum character limits
2018/07/02 15:26:31 [DEBUG] DB: Getting identity admin
2018/07/02 15:26:31 [DEBUG] Finished processing sign request
2018/07/02 15:26:31 [DEBUG] DB: Getting identity admin
2018/07/02 15:26:31 [INFO] signed certificate with serial number 44162835882099887921854264984998777897219037424
2018/07/02 15:26:31 [DEBUG] DB: Insert Certificate
2018/07/02 15:26:31 [DEBUG] Saved serial number as hex 7bc547e3d3f86afa120232c24664dc528a098f0
2018/07/02 15:26:31 [DEBUG] saved certificate with serial number 44162835882099887921854264984998777897219037424
2018/07/02 15:26:31 [DEBUG] Successfully incremented state for identity admin to 3
2018/07/02 15:26:31 [INFO] 127.0.0.1:65239 POST /enroll 201 0 "OK"
2018/07/02 15:26:31 [DEBUG] Received request for /register
2018/07/02 15:26:31 [DEBUG] Checking for revocation/expiration of certificate owned by 'admin'
2018/07/02 15:26:31 [DEBUG] DB: Get certificate by serial (7f48d695f53c6a6eea896b716d21e8d03c3541fc) and aki (e406dde122c5714e8937bf61d191bdc49aabeda6)
2018/07/02 15:26:31 [DEBUG] Successful token authentication of 'admin'
2018/07/02 15:26:31 [DEBUG] Received registration request from admin: { Name:orderer.pcxchg.com Type:user Secret:**** MaxEnrollments:0 Affiliation:org1 Attributes:[] CAName:  }
2018/07/02 15:26:31 [DEBUG] DB: Getting identity admin
2018/07/02 15:26:31 [DEBUG] canRegister - Check to see if user 'admin' can register
2018/07/02 15:26:31 [DEBUG] Checking to see if caller 'admin' is a registrar
2018/07/02 15:26:31 [DEBUG] Validate Affiliation
2018/07/02 15:26:31 [DEBUG] Checking to see if affiliation 'org1' contains caller's affiliation ''
2018/07/02 15:26:31 [DEBUG] Caller has root affiliation
2018/07/02 15:26:31 [DEBUG] Validate ID
2018/07/02 15:26:31 [DEBUG] Validating affiliation: org1
2018/07/02 15:26:31 [DEBUG] DB: Get affiliation org1
2018/07/02 15:26:31 [DEBUG] Registering user id: orderer.pcxchg.com
2018/07/02 15:26:31 [DEBUG] Max enrollment value verification - User specified max enrollment: 0, CA max enrollment: -1
2018/07/02 15:26:31 [DEBUG] DB: Getting identity orderer.pcxchg.com
2018/07/02 15:26:31 [DEBUG] DB: Add identity orderer.pcxchg.com
2018/07/02 15:26:31 [DEBUG] Successfully added identity orderer.pcxchg.com to the database
2018/07/02 15:26:31 [INFO] 127.0.0.1:65242 POST /register 201 0 "OK"
2018/07/02 15:26:31 [DEBUG] Received request for /enroll
2018/07/02 15:26:31 [DEBUG] ca.Config: &{Version:1.1.1-snapshot-e656889 Cfg:{Identities:{AllowRemove:false} Affiliations:{AllowRemove:false}} CA:{Name: Keyfile:/Users/vladislavivanov/HLF/pcxchg/__crypto-config/ordererOrganizations/pcxchg.com/ca/root/ca-key.pem Certfile:/Users/vladislavivanov/HLF/pcxchg/__crypto-config/ordererOrganizations/pcxchg.com/ca/root/ca-cert.pem Chainfile:/Users/vladislavivanov/HLF/pcxchg/__crypto-config/ordererOrganizations/pcxchg.com/ca/root/ca-chain.pem} Signing:0xc420341190 CSR:{CN:fabric-ca-server Names:[{C:US ST:North Carolina L: O:Hyperledger OU:Fabric SerialNumber:}] Hosts:[Vladislavs-MacBook-Pro.local localhost] KeyRequest:0xc42034cd00 CA:0xc4202c8fe0 SerialNumber:} Registry:{MaxEnrollments:-1 Identities:[{ Name:**** Pass:**** Type:client Affiliation: MaxEnrollments:0 Attrs:map[hf.GenCRL:1 hf.Registrar.Attributes:* hf.AffiliationMgr:1 hf.Registrar.Roles:peer,orderer,client,user hf.Registrar.DelegateRoles:peer,orderer,client,user hf.Revoker:1 hf.IntermediateCA:1]  }]} Affiliations:map[org2:[department1] org1:[department1 department2]] LDAP:{ Enabled:false URL:ldap://****:****@<host>:<port>/<base> UserFilter:(uid=%s) GroupFilter:(memberUid=%s) Attribute:{[uid member] [{ }] map[groups:[{ }]]} TLS:{false [] { }}  } DB:{ Type:sqlite3 Datasource:/Users/vladislavivanov/HLF/pcxchg/__crypto-config/ordererOrganizations/pcxchg.com/ca/root/fabric-ca-server.db TLS:{false [] { }}  } CSP:0xc420336720 Client:<nil> Intermediate:{ParentServer:{ URL: CAName:  } TLS:{Enabled:false CertFiles:[] Client:{KeyFile: CertFile:}} Enrollment:{ Name: Secret:**** Profile: Label: CSR:<nil> CAName: AttrReqs:[]  }} CRL:{Expiry:24h0m0s}}
2018/07/02 15:26:31 [DEBUG] DB: Getting identity orderer.pcxchg.com
2018/07/02 15:26:31 [DEBUG] DB: Login user orderer.pcxchg.com with max enrollments of -1 and state of 0
2018/07/02 15:26:31 [DEBUG] DB: identity orderer.pcxchg.com successfully logged in
2018/07/02 15:26:31 [DEBUG] Processing sign request: id=orderer.pcxchg.com, CommonName=orderer.pcxchg.com, Subject=<nil>
2018/07/02 15:26:31 [DEBUG] Request is not for a CA signing certificate
2018/07/02 15:26:31 [DEBUG] Checking CSR fields to make sure that they do not exceed maximum character limits
2018/07/02 15:26:31 [DEBUG] DB: Getting identity orderer.pcxchg.com
2018/07/02 15:26:31 [DEBUG] Finished processing sign request
2018/07/02 15:26:31 [DEBUG] DB: Getting identity orderer.pcxchg.com
2018/07/02 15:26:31 [DEBUG] Attribute extension being added to certificate is: &{ID:[1 2 3 4 5 6 7 8 1] Critical:false Value:7b226174747273223a7b2268662e416666696c696174696f6e223a226f726731222c2268662e456e726f6c6c6d656e744944223a226f7264657265722e7063786368672e636f6d222c2268662e54797065223a2275736572227d7d}
2018/07/02 15:26:31 [DEBUG] Adding attribute extension to CSR: &{ID:[1 2 3 4 5 6 7 8 1] Critical:false Value:7b226174747273223a7b2268662e416666696c696174696f6e223a226f726731222c2268662e456e726f6c6c6d656e744944223a226f7264657265722e7063786368672e636f6d222c2268662e54797065223a2275736572227d7d}
2018/07/02 15:26:31 [INFO] signed certificate with serial number 341819952151338726241504773619618461828638554272
2018/07/02 15:26:31 [DEBUG] DB: Insert Certificate
2018/07/02 15:26:31 [DEBUG] Saved serial number as hex 3bdfbc9ce16f8a94b8e3685a7be1d3c17b0fb8a0
2018/07/02 15:26:31 [DEBUG] saved certificate with serial number 341819952151338726241504773619618461828638554272
2018/07/02 15:26:31 [DEBUG] Successfully incremented state for identity orderer.pcxchg.com to 1
2018/07/02 15:26:31 [INFO] 127.0.0.1:65245 POST /enroll 201 0 "OK"
2018/07/02 15:26:31 [DEBUG] Received request for /cainfo
2018/07/02 15:26:31 [INFO] 127.0.0.1:65248 POST /cainfo 200 0 "OK"
