2018/06/26 17:06:59 [INFO] Created default configuration file at /Users/vladislavivanov/HLF/pcxchg/crypto-config/peerOrganizations/HP.com/ca/root/fabric-ca-server-config.yaml
2018/06/26 17:06:59 [INFO] Starting server in home directory: /Users/vladislavivanov/HLF/pcxchg/crypto-config/peerOrganizations/HP.com/ca/root
2018/06/26 17:06:59 [INFO] Server Version: 1.1.1-snapshot-e656889
2018/06/26 17:06:59 [INFO] Server Levels: &{Identity:1 Affiliation:1 Certificate:1}
2018/06/26 17:06:59 [DEBUG] Making server filenames absolute
2018/06/26 17:06:59 [DEBUG] Initializing default CA in directory /Users/vladislavivanov/HLF/pcxchg/crypto-config/peerOrganizations/HP.com/ca/root
2018/06/26 17:06:59 [DEBUG] Init CA with home /Users/vladislavivanov/HLF/pcxchg/crypto-config/peerOrganizations/HP.com/ca/root and config {Version:1.1.1-snapshot-e656889 Cfg:{Identities:{AllowRemove:false} Affiliations:{AllowRemove:false}} CA:{Name: Keyfile: Certfile:ca-cert.pem Chainfile:ca-chain.pem} Signing:0xc4203449b0 CSR:{CN:fabric-ca-server Names:[{C:US ST:North Carolina L: O:Hyperledger OU:Fabric SerialNumber:}] Hosts:[Vladislavs-MacBook-Pro.local localhost] KeyRequest:<nil> CA:0xc42034e1e0 SerialNumber:} Registry:{MaxEnrollments:-1 Identities:[{ Name:**** Pass:**** Type:client Affiliation: MaxEnrollments:0 Attrs:map[hf.IntermediateCA:1 hf.GenCRL:1 hf.Registrar.Attributes:* hf.AffiliationMgr:1 hf.Registrar.Roles:peer,orderer,client,user hf.Registrar.DelegateRoles:peer,orderer,client,user hf.Revoker:1]  }]} Affiliations:map[org2:[department1] org1:[department1 department2]] LDAP:{ Enabled:false URL:ldap://****:****@<host>:<port>/<base> UserFilter:(uid=%s) GroupFilter:(memberUid=%s) Attribute:{[uid member] [{ }] map[groups:[{ }]]} TLS:{false [] { }}  } DB:{ Type:sqlite3 Datasource:fabric-ca-server.db TLS:{false [] { }}  } CSP:0xc420338840 Client:<nil> Intermediate:{ParentServer:{ URL: CAName:  } TLS:{Enabled:false CertFiles:[] Client:{KeyFile: CertFile:}} Enrollment:{ Name: Secret:**** Profile: Label: CSR:<nil> CAName: AttrReqs:[]  }} CRL:{Expiry:24h0m0s}}
2018/06/26 17:06:59 [DEBUG] CA Home Directory: /Users/vladislavivanov/HLF/pcxchg/crypto-config/peerOrganizations/HP.com/ca/root
2018/06/26 17:06:59 [DEBUG] Checking configuration file version '1.1.1-snapshot-e656889' against server version: '1.1.1-snapshot-e656889'
2018/06/26 17:06:59 [DEBUG] Initializing BCCSP: &{ProviderName:SW SwOpts:0xc4203388a0 PluginOpts:<nil> Pkcs11Opts:<nil>}
2018/06/26 17:06:59 [DEBUG] Initializing BCCSP with software options &{SecLevel:256 HashFamily:SHA2 Ephemeral:false FileKeystore:0xc420350940 DummyKeystore:<nil>}
2018/06/26 17:06:59 [DEBUG] Initialize key material
2018/06/26 17:06:59 [DEBUG] Making CA filenames absolute
2018/06/26 17:06:59 [DEBUG] Root CA certificate request: {CN:fabric-ca-server Names:[{C:US ST:North Carolina L: O:Hyperledger OU:Fabric SerialNumber:}] Hosts:[Vladislavs-MacBook-Pro.local localhost] KeyRequest:0xc42034eca0 CA:0xc42034e1e0 SerialNumber:}
2018/06/26 17:06:59 [INFO] generating key: &{A:ecdsa S:256}
2018/06/26 17:06:59 [DEBUG] generate key from request: algo=ecdsa, size=256
2018/06/26 17:06:59 [INFO] encoded CSR
2018/06/26 17:06:59 [DEBUG] validating configuration
2018/06/26 17:06:59 [DEBUG] validate local profile
2018/06/26 17:06:59 [DEBUG] profile is valid
2018/06/26 17:06:59 [INFO] signed certificate with serial number 46336861103844097833442672646743683350252597401
2018/06/26 17:06:59 [INFO] The CA key and certificate were generated for CA 
2018/06/26 17:06:59 [INFO] The key was stored by BCCSP provider 'SW'
2018/06/26 17:06:59 [INFO] The certificate is at: /Users/vladislavivanov/HLF/pcxchg/crypto-config/peerOrganizations/HP.com/ca/root/ca-cert.pem
2018/06/26 17:06:59 [DEBUG] Initializing DB
2018/06/26 17:06:59 [DEBUG] Initializing 'sqlite3' database at '/Users/vladislavivanov/HLF/pcxchg/crypto-config/peerOrganizations/HP.com/ca/root/fabric-ca-server.db'
2018/06/26 17:06:59 [DEBUG] Using sqlite database, connect to database in home (/Users/vladislavivanov/HLF/pcxchg/crypto-config/peerOrganizations/HP.com/ca/root/fabric-ca-server.db) directory
2018/06/26 17:06:59 [DEBUG] Creating SQLite database (/Users/vladislavivanov/HLF/pcxchg/crypto-config/peerOrganizations/HP.com/ca/root/fabric-ca-server.db) if it does not exist...
2018/06/26 17:06:59 [DEBUG] Creating users table if it does not exist
2018/06/26 17:06:59 [DEBUG] Creating affiliations table if it does not exist
2018/06/26 17:06:59 [DEBUG] Creating certificates table if it does not exist
2018/06/26 17:06:59 [DEBUG] Creating properties table if it does not exist
2018/06/26 17:06:59 [DEBUG] Successfully opened sqlite3 DB
2018/06/26 17:06:59 [DEBUG] Checking database schema...
2018/06/26 17:06:59 [DEBUG] Update SQLite schema, if using outdated schema
2018/06/26 17:06:59 [DEBUG] Upgrade identities table
2018/06/26 17:06:59 [DEBUG] Creating users table if it does not exist
2018/06/26 17:06:59 [DEBUG] Upgrade affiliation table
2018/06/26 17:06:59 [DEBUG] Creating affiliations table if it does not exist
2018/06/26 17:06:59 [DEBUG] Upgrade certificates table
2018/06/26 17:06:59 [DEBUG] Creating certificates table if it does not exist
2018/06/26 17:06:59 [DEBUG] Initializing identity registry
2018/06/26 17:06:59 [DEBUG] Initialized DB identity registry
2018/06/26 17:06:59 [DEBUG] DB: Get properties [identity.level affiliation.level certificate.level]
2018/06/26 17:06:59 [DEBUG] Checking database levels 'map[affiliation.level:0 certificate.level:0 identity.level:0]' against server levels '&{Identity:1 Affiliation:1 Certificate:1}'
2018/06/26 17:06:59 [DEBUG] Loading identity table
2018/06/26 17:06:59 [DEBUG] Loading identity 'admin'
2018/06/26 17:06:59 [DEBUG] DB: Getting identity admin
2018/06/26 17:06:59 [DEBUG] Max enrollment value verification - User specified max enrollment: 0, CA max enrollment: -1
2018/06/26 17:06:59 [DEBUG] DB: Add identity admin
2018/06/26 17:06:59 [DEBUG] Successfully added identity admin to the database
2018/06/26 17:06:59 [DEBUG] Registered identity: { Name:**** Pass:**** Type:client Affiliation: MaxEnrollments:-1 Attrs:map[hf.IntermediateCA:1 hf.GenCRL:1 hf.Registrar.Attributes:* hf.AffiliationMgr:1 hf.Registrar.Roles:peer,orderer,client,user hf.Registrar.DelegateRoles:peer,orderer,client,user hf.Revoker:1]  }
2018/06/26 17:06:59 [DEBUG] Successfully loaded identity table
2018/06/26 17:06:59 [DEBUG] Loading affiliations table
2018/06/26 17:06:59 [DEBUG] DB: Add affiliation org2
2018/06/26 17:06:59 [DEBUG] Affiliation 'org2' added
2018/06/26 17:06:59 [DEBUG] DB: Add affiliation org2.department1
2018/06/26 17:06:59 [DEBUG] Affiliation 'org2.department1' added
2018/06/26 17:06:59 [DEBUG] DB: Add affiliation org1
2018/06/26 17:06:59 [DEBUG] Affiliation 'org1' added
2018/06/26 17:06:59 [DEBUG] DB: Add affiliation org1.department1
2018/06/26 17:06:59 [DEBUG] Affiliation 'org1.department1' added
2018/06/26 17:06:59 [DEBUG] DB: Add affiliation org1.department2
2018/06/26 17:06:59 [DEBUG] Affiliation 'org1.department2' added
2018/06/26 17:06:59 [DEBUG] Successfully loaded affiliations table
2018/06/26 17:06:59 [DEBUG] Checking and performing migration, if needed
2018/06/26 17:06:59 [DEBUG] Updating database level to &{Identity:1 Affiliation:1 Certificate:1}
2018/06/26 17:06:59 [INFO] Initialized sqlite3 database at /Users/vladislavivanov/HLF/pcxchg/crypto-config/peerOrganizations/HP.com/ca/root/fabric-ca-server.db
2018/06/26 17:06:59 [DEBUG] Initializing enrollment signer
2018/06/26 17:06:59 [DEBUG] validating configuration
2018/06/26 17:06:59 [DEBUG] validate local profile
2018/06/26 17:06:59 [DEBUG] profile is valid
2018/06/26 17:06:59 [DEBUG] validate local profile
2018/06/26 17:06:59 [DEBUG] profile is valid
2018/06/26 17:06:59 [DEBUG] validate local profile
2018/06/26 17:06:59 [DEBUG] profile is valid
2018/06/26 17:06:59 [DEBUG] CA initialization successful
2018/06/26 17:06:59 [INFO] Home directory for default CA: /Users/vladislavivanov/HLF/pcxchg/crypto-config/peerOrganizations/HP.com/ca/root
2018/06/26 17:06:59 [DEBUG] 1 CA instance(s) running on server
2018/06/26 17:06:59 [INFO] Listening on http://0.0.0.0:7106
2018/06/26 17:07:00 [DEBUG] Received request for /enroll
2018/06/26 17:07:00 [DEBUG] ca.Config: &{Version:1.1.1-snapshot-e656889 Cfg:{Identities:{AllowRemove:false} Affiliations:{AllowRemove:false}} CA:{Name: Keyfile:/Users/vladislavivanov/HLF/pcxchg/crypto-config/peerOrganizations/HP.com/ca/root/ca-key.pem Certfile:/Users/vladislavivanov/HLF/pcxchg/crypto-config/peerOrganizations/HP.com/ca/root/ca-cert.pem Chainfile:/Users/vladislavivanov/HLF/pcxchg/crypto-config/peerOrganizations/HP.com/ca/root/ca-chain.pem} Signing:0xc4203449b0 CSR:{CN:fabric-ca-server Names:[{C:US ST:North Carolina L: O:Hyperledger OU:Fabric SerialNumber:}] Hosts:[Vladislavs-MacBook-Pro.local localhost] KeyRequest:0xc42034ec80 CA:0xc42034e1e0 SerialNumber:} Registry:{MaxEnrollments:-1 Identities:[{ Name:**** Pass:**** Type:client Affiliation: MaxEnrollments:0 Attrs:map[hf.Registrar.DelegateRoles:peer,orderer,client,user hf.Revoker:1 hf.IntermediateCA:1 hf.GenCRL:1 hf.Registrar.Attributes:* hf.AffiliationMgr:1 hf.Registrar.Roles:peer,orderer,client,user]  }]} Affiliations:map[org2:[department1] org1:[department1 department2]] LDAP:{ Enabled:false URL:ldap://****:****@<host>:<port>/<base> UserFilter:(uid=%s) GroupFilter:(memberUid=%s) Attribute:{[uid member] [{ }] map[groups:[{ }]]} TLS:{false [] { }}  } DB:{ Type:sqlite3 Datasource:/Users/vladislavivanov/HLF/pcxchg/crypto-config/peerOrganizations/HP.com/ca/root/fabric-ca-server.db TLS:{false [] { }}  } CSP:0xc420338840 Client:<nil> Intermediate:{ParentServer:{ URL: CAName:  } TLS:{Enabled:false CertFiles:[] Client:{KeyFile: CertFile:}} Enrollment:{ Name: Secret:**** Profile: Label: CSR:<nil> CAName: AttrReqs:[]  }} CRL:{Expiry:24h0m0s}}
2018/06/26 17:07:00 [DEBUG] DB: Getting identity admin
2018/06/26 17:07:00 [DEBUG] DB: Login user admin with max enrollments of -1 and state of 0
2018/06/26 17:07:00 [DEBUG] DB: identity admin successfully logged in
2018/06/26 17:07:00 [DEBUG] Processing sign request: id=admin, CommonName=admin, Subject=<nil>
2018/06/26 17:07:00 [DEBUG] Request is not for a CA signing certificate
2018/06/26 17:07:00 [DEBUG] Checking CSR fields to make sure that they do not exceed maximum character limits
2018/06/26 17:07:00 [DEBUG] DB: Getting identity admin
2018/06/26 17:07:00 [DEBUG] Finished processing sign request
2018/06/26 17:07:00 [DEBUG] DB: Getting identity admin
2018/06/26 17:07:00 [INFO] signed certificate with serial number 719187729877970166878970144440395181181041775748
2018/06/26 17:07:00 [DEBUG] DB: Insert Certificate
2018/06/26 17:07:00 [DEBUG] Saved serial number as hex 7df97e4021722600476d3d0030556aa6e5ca1484
2018/06/26 17:07:00 [DEBUG] saved certificate with serial number 719187729877970166878970144440395181181041775748
2018/06/26 17:07:00 [DEBUG] Successfully incremented state for identity admin to 1
2018/06/26 17:07:00 [INFO] [::1]:49547 POST /enroll 201 0 "OK"
2018/06/26 17:07:00 [DEBUG] Received request for /enroll
2018/06/26 17:07:00 [DEBUG] ca.Config: &{Version:1.1.1-snapshot-e656889 Cfg:{Identities:{AllowRemove:false} Affiliations:{AllowRemove:false}} CA:{Name: Keyfile:/Users/vladislavivanov/HLF/pcxchg/crypto-config/peerOrganizations/HP.com/ca/root/ca-key.pem Certfile:/Users/vladislavivanov/HLF/pcxchg/crypto-config/peerOrganizations/HP.com/ca/root/ca-cert.pem Chainfile:/Users/vladislavivanov/HLF/pcxchg/crypto-config/peerOrganizations/HP.com/ca/root/ca-chain.pem} Signing:0xc4203449b0 CSR:{CN:fabric-ca-server Names:[{C:US ST:North Carolina L: O:Hyperledger OU:Fabric SerialNumber:}] Hosts:[Vladislavs-MacBook-Pro.local localhost] KeyRequest:0xc42034ec80 CA:0xc42034e1e0 SerialNumber:} Registry:{MaxEnrollments:-1 Identities:[{ Name:**** Pass:**** Type:client Affiliation: MaxEnrollments:0 Attrs:map[hf.Revoker:1 hf.IntermediateCA:1 hf.GenCRL:1 hf.Registrar.Attributes:* hf.AffiliationMgr:1 hf.Registrar.Roles:peer,orderer,client,user hf.Registrar.DelegateRoles:peer,orderer,client,user]  }]} Affiliations:map[org2:[department1] org1:[department1 department2]] LDAP:{ Enabled:false URL:ldap://****:****@<host>:<port>/<base> UserFilter:(uid=%s) GroupFilter:(memberUid=%s) Attribute:{[uid member] [{ }] map[groups:[{ }]]} TLS:{false [] { }}  } DB:{ Type:sqlite3 Datasource:/Users/vladislavivanov/HLF/pcxchg/crypto-config/peerOrganizations/HP.com/ca/root/fabric-ca-server.db TLS:{false [] { }}  } CSP:0xc420338840 Client:<nil> Intermediate:{ParentServer:{ URL: CAName:  } TLS:{Enabled:false CertFiles:[] Client:{KeyFile: CertFile:}} Enrollment:{ Name: Secret:**** Profile: Label: CSR:<nil> CAName: AttrReqs:[]  }} CRL:{Expiry:24h0m0s}}
2018/06/26 17:07:00 [DEBUG] DB: Getting identity admin
2018/06/26 17:07:00 [DEBUG] DB: Login user admin with max enrollments of -1 and state of 1
2018/06/26 17:07:00 [DEBUG] DB: identity admin successfully logged in
2018/06/26 17:07:00 [DEBUG] Processing sign request: id=admin, CommonName=admin, Subject=<nil>
2018/06/26 17:07:00 [DEBUG] Request is not for a CA signing certificate
2018/06/26 17:07:00 [DEBUG] Checking CSR fields to make sure that they do not exceed maximum character limits
2018/06/26 17:07:00 [DEBUG] DB: Getting identity admin
2018/06/26 17:07:00 [DEBUG] Finished processing sign request
2018/06/26 17:07:00 [DEBUG] DB: Getting identity admin
2018/06/26 17:07:00 [INFO] signed certificate with serial number 685720483730571376282986226568896326486674336983
2018/06/26 17:07:00 [DEBUG] DB: Insert Certificate
2018/06/26 17:07:00 [DEBUG] Saved serial number as hex 781cc51b2bc8c7a2dc525a546e90604c6a1f6cd7
2018/06/26 17:07:00 [DEBUG] saved certificate with serial number 685720483730571376282986226568896326486674336983
2018/06/26 17:07:00 [DEBUG] Successfully incremented state for identity admin to 2
2018/06/26 17:07:00 [INFO] [::1]:49550 POST /enroll 201 0 "OK"
2018/06/26 17:07:00 [DEBUG] Received request for /register
2018/06/26 17:07:00 [DEBUG] Checking for revocation/expiration of certificate owned by 'admin'
2018/06/26 17:07:00 [DEBUG] DB: Get certificate by serial (781cc51b2bc8c7a2dc525a546e90604c6a1f6cd7) and aki (918c2b218f217efec890c31c61448238b52f7e8c)
2018/06/26 17:07:00 [DEBUG] Successful token authentication of 'admin'
2018/06/26 17:07:00 [DEBUG] Received registration request from admin: { Name:nodeAdmin Type:user Secret:**** MaxEnrollments:0 Affiliation:org1 Attributes:[] CAName:  }
2018/06/26 17:07:00 [DEBUG] DB: Getting identity admin
2018/06/26 17:07:00 [DEBUG] canRegister - Check to see if user 'admin' can register
2018/06/26 17:07:00 [DEBUG] Checking to see if caller 'admin' is a registrar
2018/06/26 17:07:00 [DEBUG] Validate Affiliation
2018/06/26 17:07:00 [DEBUG] Checking to see if affiliation 'org1' contains caller's affiliation ''
2018/06/26 17:07:00 [DEBUG] Caller has root affiliation
2018/06/26 17:07:00 [DEBUG] Validate ID
2018/06/26 17:07:00 [DEBUG] Validating affiliation: org1
2018/06/26 17:07:00 [DEBUG] DB: Get affiliation org1
2018/06/26 17:07:00 [DEBUG] Registering user id: nodeAdmin
2018/06/26 17:07:00 [DEBUG] Max enrollment value verification - User specified max enrollment: 0, CA max enrollment: -1
2018/06/26 17:07:00 [DEBUG] DB: Getting identity nodeAdmin
2018/06/26 17:07:00 [DEBUG] DB: Add identity nodeAdmin
2018/06/26 17:07:00 [DEBUG] Successfully added identity nodeAdmin to the database
2018/06/26 17:07:00 [INFO] [::1]:49553 POST /register 201 0 "OK"
2018/06/26 17:07:00 [DEBUG] Received request for /enroll
2018/06/26 17:07:00 [DEBUG] ca.Config: &{Version:1.1.1-snapshot-e656889 Cfg:{Identities:{AllowRemove:false} Affiliations:{AllowRemove:false}} CA:{Name: Keyfile:/Users/vladislavivanov/HLF/pcxchg/crypto-config/peerOrganizations/HP.com/ca/root/ca-key.pem Certfile:/Users/vladislavivanov/HLF/pcxchg/crypto-config/peerOrganizations/HP.com/ca/root/ca-cert.pem Chainfile:/Users/vladislavivanov/HLF/pcxchg/crypto-config/peerOrganizations/HP.com/ca/root/ca-chain.pem} Signing:0xc4203449b0 CSR:{CN:fabric-ca-server Names:[{C:US ST:North Carolina L: O:Hyperledger OU:Fabric SerialNumber:}] Hosts:[Vladislavs-MacBook-Pro.local localhost] KeyRequest:0xc42034ec80 CA:0xc42034e1e0 SerialNumber:} Registry:{MaxEnrollments:-1 Identities:[{ Name:**** Pass:**** Type:client Affiliation: MaxEnrollments:0 Attrs:map[hf.Revoker:1 hf.IntermediateCA:1 hf.GenCRL:1 hf.Registrar.Attributes:* hf.AffiliationMgr:1 hf.Registrar.Roles:peer,orderer,client,user hf.Registrar.DelegateRoles:peer,orderer,client,user]  }]} Affiliations:map[org1:[department1 department2] org2:[department1]] LDAP:{ Enabled:false URL:ldap://****:****@<host>:<port>/<base> UserFilter:(uid=%s) GroupFilter:(memberUid=%s) Attribute:{[uid member] [{ }] map[groups:[{ }]]} TLS:{false [] { }}  } DB:{ Type:sqlite3 Datasource:/Users/vladislavivanov/HLF/pcxchg/crypto-config/peerOrganizations/HP.com/ca/root/fabric-ca-server.db TLS:{false [] { }}  } CSP:0xc420338840 Client:<nil> Intermediate:{ParentServer:{ URL: CAName:  } TLS:{Enabled:false CertFiles:[] Client:{KeyFile: CertFile:}} Enrollment:{ Name: Secret:**** Profile: Label: CSR:<nil> CAName: AttrReqs:[]  }} CRL:{Expiry:24h0m0s}}
2018/06/26 17:07:00 [DEBUG] DB: Getting identity nodeAdmin
2018/06/26 17:07:00 [DEBUG] DB: Login user nodeAdmin with max enrollments of -1 and state of 0
2018/06/26 17:07:00 [DEBUG] DB: identity nodeAdmin successfully logged in
2018/06/26 17:07:00 [DEBUG] Processing sign request: id=nodeAdmin, CommonName=nodeAdmin, Subject=<nil>
2018/06/26 17:07:00 [DEBUG] Request is not for a CA signing certificate
2018/06/26 17:07:00 [DEBUG] Checking CSR fields to make sure that they do not exceed maximum character limits
2018/06/26 17:07:00 [DEBUG] DB: Getting identity nodeAdmin
2018/06/26 17:07:00 [DEBUG] Finished processing sign request
2018/06/26 17:07:00 [DEBUG] DB: Getting identity nodeAdmin
2018/06/26 17:07:00 [DEBUG] Attribute extension being added to certificate is: &{ID:[1 2 3 4 5 6 7 8 1] Critical:false Value:7b226174747273223a7b2268662e416666696c696174696f6e223a226f726731222c2268662e456e726f6c6c6d656e744944223a226e6f646541646d696e222c2268662e54797065223a2275736572227d7d}
2018/06/26 17:07:00 [DEBUG] Adding attribute extension to CSR: &{ID:[1 2 3 4 5 6 7 8 1] Critical:false Value:7b226174747273223a7b2268662e416666696c696174696f6e223a226f726731222c2268662e456e726f6c6c6d656e744944223a226e6f646541646d696e222c2268662e54797065223a2275736572227d7d}
2018/06/26 17:07:00 [INFO] signed certificate with serial number 269042324843112911044590030124807542953891282435
2018/06/26 17:07:00 [DEBUG] DB: Insert Certificate
2018/06/26 17:07:00 [DEBUG] Saved serial number as hex 2f20466c7682e8bf83568248ea3c6f0994bf3e03
2018/06/26 17:07:00 [DEBUG] saved certificate with serial number 269042324843112911044590030124807542953891282435
2018/06/26 17:07:00 [DEBUG] Successfully incremented state for identity nodeAdmin to 1
2018/06/26 17:07:00 [INFO] [::1]:49556 POST /enroll 201 0 "OK"
2018/06/26 17:07:00 [DEBUG] Received request for /register
2018/06/26 17:07:00 [DEBUG] Checking for revocation/expiration of certificate owned by 'admin'
2018/06/26 17:07:00 [DEBUG] DB: Get certificate by serial (781cc51b2bc8c7a2dc525a546e90604c6a1f6cd7) and aki (918c2b218f217efec890c31c61448238b52f7e8c)
2018/06/26 17:07:00 [DEBUG] Successful token authentication of 'admin'
2018/06/26 17:07:00 [DEBUG] Received registration request from admin: { Name:User1@HP.com Type:user Secret:**** MaxEnrollments:0 Affiliation:org1 Attributes:[] CAName:  }
2018/06/26 17:07:00 [DEBUG] DB: Getting identity admin
2018/06/26 17:07:00 [DEBUG] canRegister - Check to see if user 'admin' can register
2018/06/26 17:07:00 [DEBUG] Checking to see if caller 'admin' is a registrar
2018/06/26 17:07:00 [DEBUG] Validate Affiliation
2018/06/26 17:07:00 [DEBUG] Checking to see if affiliation 'org1' contains caller's affiliation ''
2018/06/26 17:07:00 [DEBUG] Caller has root affiliation
2018/06/26 17:07:00 [DEBUG] Validate ID
2018/06/26 17:07:00 [DEBUG] Validating affiliation: org1
2018/06/26 17:07:00 [DEBUG] DB: Get affiliation org1
2018/06/26 17:07:00 [DEBUG] Registering user id: User1@HP.com
2018/06/26 17:07:00 [DEBUG] Max enrollment value verification - User specified max enrollment: 0, CA max enrollment: -1
2018/06/26 17:07:00 [DEBUG] DB: Getting identity User1@HP.com
2018/06/26 17:07:00 [DEBUG] DB: Add identity User1@HP.com
2018/06/26 17:07:00 [DEBUG] Successfully added identity User1@HP.com to the database
2018/06/26 17:07:00 [INFO] [::1]:49559 POST /register 201 0 "OK"
2018/06/26 17:07:00 [DEBUG] Received request for /enroll
2018/06/26 17:07:00 [DEBUG] ca.Config: &{Version:1.1.1-snapshot-e656889 Cfg:{Identities:{AllowRemove:false} Affiliations:{AllowRemove:false}} CA:{Name: Keyfile:/Users/vladislavivanov/HLF/pcxchg/crypto-config/peerOrganizations/HP.com/ca/root/ca-key.pem Certfile:/Users/vladislavivanov/HLF/pcxchg/crypto-config/peerOrganizations/HP.com/ca/root/ca-cert.pem Chainfile:/Users/vladislavivanov/HLF/pcxchg/crypto-config/peerOrganizations/HP.com/ca/root/ca-chain.pem} Signing:0xc4203449b0 CSR:{CN:fabric-ca-server Names:[{C:US ST:North Carolina L: O:Hyperledger OU:Fabric SerialNumber:}] Hosts:[Vladislavs-MacBook-Pro.local localhost] KeyRequest:0xc42034ec80 CA:0xc42034e1e0 SerialNumber:} Registry:{MaxEnrollments:-1 Identities:[{ Name:**** Pass:**** Type:client Affiliation: MaxEnrollments:0 Attrs:map[hf.Registrar.Roles:peer,orderer,client,user hf.Registrar.DelegateRoles:peer,orderer,client,user hf.Revoker:1 hf.IntermediateCA:1 hf.GenCRL:1 hf.Registrar.Attributes:* hf.AffiliationMgr:1]  }]} Affiliations:map[org2:[department1] org1:[department1 department2]] LDAP:{ Enabled:false URL:ldap://****:****@<host>:<port>/<base> UserFilter:(uid=%s) GroupFilter:(memberUid=%s) Attribute:{[uid member] [{ }] map[groups:[{ }]]} TLS:{false [] { }}  } DB:{ Type:sqlite3 Datasource:/Users/vladislavivanov/HLF/pcxchg/crypto-config/peerOrganizations/HP.com/ca/root/fabric-ca-server.db TLS:{false [] { }}  } CSP:0xc420338840 Client:<nil> Intermediate:{ParentServer:{ URL: CAName:  } TLS:{Enabled:false CertFiles:[] Client:{KeyFile: CertFile:}} Enrollment:{ Name: Secret:**** Profile: Label: CSR:<nil> CAName: AttrReqs:[]  }} CRL:{Expiry:24h0m0s}}
2018/06/26 17:07:00 [DEBUG] DB: Getting identity User1@HP.com
2018/06/26 17:07:00 [DEBUG] DB: Login user User1@HP.com with max enrollments of -1 and state of 0
2018/06/26 17:07:00 [DEBUG] DB: identity User1@HP.com successfully logged in
2018/06/26 17:07:00 [DEBUG] Processing sign request: id=User1@HP.com, CommonName=User1@HP.com, Subject=<nil>
2018/06/26 17:07:00 [DEBUG] Request is not for a CA signing certificate
2018/06/26 17:07:00 [DEBUG] Checking CSR fields to make sure that they do not exceed maximum character limits
2018/06/26 17:07:00 [DEBUG] DB: Getting identity User1@HP.com
2018/06/26 17:07:00 [DEBUG] Finished processing sign request
2018/06/26 17:07:00 [DEBUG] DB: Getting identity User1@HP.com
2018/06/26 17:07:00 [DEBUG] Attribute extension being added to certificate is: &{ID:[1 2 3 4 5 6 7 8 1] Critical:false Value:7b226174747273223a7b2268662e416666696c696174696f6e223a226f726731222c2268662e456e726f6c6c6d656e744944223a2255736572314048502e636f6d222c2268662e54797065223a2275736572227d7d}
2018/06/26 17:07:00 [DEBUG] Adding attribute extension to CSR: &{ID:[1 2 3 4 5 6 7 8 1] Critical:false Value:7b226174747273223a7b2268662e416666696c696174696f6e223a226f726731222c2268662e456e726f6c6c6d656e744944223a2255736572314048502e636f6d222c2268662e54797065223a2275736572227d7d}
2018/06/26 17:07:00 [INFO] signed certificate with serial number 36707630503765999357305081053889113108688435197
2018/06/26 17:07:00 [DEBUG] DB: Insert Certificate
2018/06/26 17:07:00 [DEBUG] Saved serial number as hex 66e06eeb91e867d9ebfbb139c829bf491d877fd
2018/06/26 17:07:00 [DEBUG] saved certificate with serial number 36707630503765999357305081053889113108688435197
2018/06/26 17:07:00 [DEBUG] Successfully incremented state for identity User1@HP.com to 1
2018/06/26 17:07:00 [INFO] [::1]:49562 POST /enroll 201 0 "OK"
2018/06/26 17:07:01 [DEBUG] Received request for /enroll
2018/06/26 17:07:01 [DEBUG] ca.Config: &{Version:1.1.1-snapshot-e656889 Cfg:{Identities:{AllowRemove:false} Affiliations:{AllowRemove:false}} CA:{Name: Keyfile:/Users/vladislavivanov/HLF/pcxchg/crypto-config/peerOrganizations/HP.com/ca/root/ca-key.pem Certfile:/Users/vladislavivanov/HLF/pcxchg/crypto-config/peerOrganizations/HP.com/ca/root/ca-cert.pem Chainfile:/Users/vladislavivanov/HLF/pcxchg/crypto-config/peerOrganizations/HP.com/ca/root/ca-chain.pem} Signing:0xc4203449b0 CSR:{CN:fabric-ca-server Names:[{C:US ST:North Carolina L: O:Hyperledger OU:Fabric SerialNumber:}] Hosts:[Vladislavs-MacBook-Pro.local localhost] KeyRequest:0xc42034ec80 CA:0xc42034e1e0 SerialNumber:} Registry:{MaxEnrollments:-1 Identities:[{ Name:**** Pass:**** Type:client Affiliation: MaxEnrollments:0 Attrs:map[hf.AffiliationMgr:1 hf.Registrar.Roles:peer,orderer,client,user hf.Registrar.DelegateRoles:peer,orderer,client,user hf.Revoker:1 hf.IntermediateCA:1 hf.GenCRL:1 hf.Registrar.Attributes:*]  }]} Affiliations:map[org1:[department1 department2] org2:[department1]] LDAP:{ Enabled:false URL:ldap://****:****@<host>:<port>/<base> UserFilter:(uid=%s) GroupFilter:(memberUid=%s) Attribute:{[uid member] [{ }] map[groups:[{ }]]} TLS:{false [] { }}  } DB:{ Type:sqlite3 Datasource:/Users/vladislavivanov/HLF/pcxchg/crypto-config/peerOrganizations/HP.com/ca/root/fabric-ca-server.db TLS:{false [] { }}  } CSP:0xc420338840 Client:<nil> Intermediate:{ParentServer:{ URL: CAName:  } TLS:{Enabled:false CertFiles:[] Client:{KeyFile: CertFile:}} Enrollment:{ Name: Secret:**** Profile: Label: CSR:<nil> CAName: AttrReqs:[]  }} CRL:{Expiry:24h0m0s}}
2018/06/26 17:07:01 [DEBUG] DB: Getting identity admin
2018/06/26 17:07:01 [DEBUG] DB: Login user admin with max enrollments of -1 and state of 2
2018/06/26 17:07:01 [DEBUG] DB: identity admin successfully logged in
2018/06/26 17:07:01 [DEBUG] Processing sign request: id=admin, CommonName=admin, Subject=<nil>
2018/06/26 17:07:01 [DEBUG] Request is not for a CA signing certificate
2018/06/26 17:07:01 [DEBUG] Checking CSR fields to make sure that they do not exceed maximum character limits
2018/06/26 17:07:01 [DEBUG] DB: Getting identity admin
2018/06/26 17:07:01 [DEBUG] Finished processing sign request
2018/06/26 17:07:01 [DEBUG] DB: Getting identity admin
2018/06/26 17:07:01 [INFO] signed certificate with serial number 628540210904620312774952608310465880581310668015
2018/06/26 17:07:01 [DEBUG] DB: Insert Certificate
2018/06/26 17:07:01 [DEBUG] Saved serial number as hex 6e18b7c3f523b0767267ba32d4816a7333de5cef
2018/06/26 17:07:01 [DEBUG] saved certificate with serial number 628540210904620312774952608310465880581310668015
2018/06/26 17:07:01 [DEBUG] Successfully incremented state for identity admin to 3
2018/06/26 17:07:01 [INFO] [::1]:49565 POST /enroll 201 0 "OK"
2018/06/26 17:07:01 [DEBUG] Received request for /register
2018/06/26 17:07:01 [DEBUG] Checking for revocation/expiration of certificate owned by 'admin'
2018/06/26 17:07:01 [DEBUG] DB: Get certificate by serial (781cc51b2bc8c7a2dc525a546e90604c6a1f6cd7) and aki (918c2b218f217efec890c31c61448238b52f7e8c)
2018/06/26 17:07:01 [DEBUG] Successful token authentication of 'admin'
2018/06/26 17:07:01 [DEBUG] Received registration request from admin: { Name:peer0.HP.com Type:user Secret:**** MaxEnrollments:0 Affiliation:org1 Attributes:[] CAName:  }
2018/06/26 17:07:01 [DEBUG] DB: Getting identity admin
2018/06/26 17:07:01 [DEBUG] canRegister - Check to see if user 'admin' can register
2018/06/26 17:07:01 [DEBUG] Checking to see if caller 'admin' is a registrar
2018/06/26 17:07:01 [DEBUG] Validate Affiliation
2018/06/26 17:07:01 [DEBUG] Checking to see if affiliation 'org1' contains caller's affiliation ''
2018/06/26 17:07:01 [DEBUG] Caller has root affiliation
2018/06/26 17:07:01 [DEBUG] Validate ID
2018/06/26 17:07:01 [DEBUG] Validating affiliation: org1
2018/06/26 17:07:01 [DEBUG] DB: Get affiliation org1
2018/06/26 17:07:01 [DEBUG] Registering user id: peer0.HP.com
2018/06/26 17:07:01 [DEBUG] Max enrollment value verification - User specified max enrollment: 0, CA max enrollment: -1
2018/06/26 17:07:01 [DEBUG] DB: Getting identity peer0.HP.com
2018/06/26 17:07:01 [DEBUG] DB: Add identity peer0.HP.com
2018/06/26 17:07:01 [DEBUG] Successfully added identity peer0.HP.com to the database
2018/06/26 17:07:01 [INFO] [::1]:49568 POST /register 201 0 "OK"
2018/06/26 17:07:01 [DEBUG] Received request for /enroll
2018/06/26 17:07:01 [DEBUG] ca.Config: &{Version:1.1.1-snapshot-e656889 Cfg:{Identities:{AllowRemove:false} Affiliations:{AllowRemove:false}} CA:{Name: Keyfile:/Users/vladislavivanov/HLF/pcxchg/crypto-config/peerOrganizations/HP.com/ca/root/ca-key.pem Certfile:/Users/vladislavivanov/HLF/pcxchg/crypto-config/peerOrganizations/HP.com/ca/root/ca-cert.pem Chainfile:/Users/vladislavivanov/HLF/pcxchg/crypto-config/peerOrganizations/HP.com/ca/root/ca-chain.pem} Signing:0xc4203449b0 CSR:{CN:fabric-ca-server Names:[{C:US ST:North Carolina L: O:Hyperledger OU:Fabric SerialNumber:}] Hosts:[Vladislavs-MacBook-Pro.local localhost] KeyRequest:0xc42034ec80 CA:0xc42034e1e0 SerialNumber:} Registry:{MaxEnrollments:-1 Identities:[{ Name:**** Pass:**** Type:client Affiliation: MaxEnrollments:0 Attrs:map[hf.Registrar.DelegateRoles:peer,orderer,client,user hf.Revoker:1 hf.IntermediateCA:1 hf.GenCRL:1 hf.Registrar.Attributes:* hf.AffiliationMgr:1 hf.Registrar.Roles:peer,orderer,client,user]  }]} Affiliations:map[org2:[department1] org1:[department1 department2]] LDAP:{ Enabled:false URL:ldap://****:****@<host>:<port>/<base> UserFilter:(uid=%s) GroupFilter:(memberUid=%s) Attribute:{[uid member] [{ }] map[groups:[{ }]]} TLS:{false [] { }}  } DB:{ Type:sqlite3 Datasource:/Users/vladislavivanov/HLF/pcxchg/crypto-config/peerOrganizations/HP.com/ca/root/fabric-ca-server.db TLS:{false [] { }}  } CSP:0xc420338840 Client:<nil> Intermediate:{ParentServer:{ URL: CAName:  } TLS:{Enabled:false CertFiles:[] Client:{KeyFile: CertFile:}} Enrollment:{ Name: Secret:**** Profile: Label: CSR:<nil> CAName: AttrReqs:[]  }} CRL:{Expiry:24h0m0s}}
2018/06/26 17:07:01 [DEBUG] DB: Getting identity peer0.HP.com
2018/06/26 17:07:01 [DEBUG] DB: Login user peer0.HP.com with max enrollments of -1 and state of 0
2018/06/26 17:07:01 [DEBUG] DB: identity peer0.HP.com successfully logged in
2018/06/26 17:07:01 [DEBUG] Processing sign request: id=peer0.HP.com, CommonName=peer0.HP.com, Subject=<nil>
2018/06/26 17:07:01 [DEBUG] Request is not for a CA signing certificate
2018/06/26 17:07:01 [DEBUG] Checking CSR fields to make sure that they do not exceed maximum character limits
2018/06/26 17:07:01 [DEBUG] DB: Getting identity peer0.HP.com
2018/06/26 17:07:01 [DEBUG] Finished processing sign request
2018/06/26 17:07:01 [DEBUG] DB: Getting identity peer0.HP.com
2018/06/26 17:07:01 [DEBUG] Attribute extension being added to certificate is: &{ID:[1 2 3 4 5 6 7 8 1] Critical:false Value:7b226174747273223a7b2268662e416666696c696174696f6e223a226f726731222c2268662e456e726f6c6c6d656e744944223a2270656572302e48502e636f6d222c2268662e54797065223a2275736572227d7d}
2018/06/26 17:07:01 [DEBUG] Adding attribute extension to CSR: &{ID:[1 2 3 4 5 6 7 8 1] Critical:false Value:7b226174747273223a7b2268662e416666696c696174696f6e223a226f726731222c2268662e456e726f6c6c6d656e744944223a2270656572302e48502e636f6d222c2268662e54797065223a2275736572227d7d}
2018/06/26 17:07:01 [INFO] signed certificate with serial number 182927444912302018997757485302975477757247565336
2018/06/26 17:07:01 [DEBUG] DB: Insert Certificate
2018/06/26 17:07:01 [DEBUG] Saved serial number as hex 200ac015430ce5d3306abf964b57eacd71212e18
2018/06/26 17:07:01 [DEBUG] saved certificate with serial number 182927444912302018997757485302975477757247565336
2018/06/26 17:07:01 [DEBUG] Successfully incremented state for identity peer0.HP.com to 1
2018/06/26 17:07:01 [INFO] [::1]:49571 POST /enroll 201 0 "OK"
2018/06/26 17:07:01 [DEBUG] Received request for /enroll
2018/06/26 17:07:01 [DEBUG] ca.Config: &{Version:1.1.1-snapshot-e656889 Cfg:{Identities:{AllowRemove:false} Affiliations:{AllowRemove:false}} CA:{Name: Keyfile:/Users/vladislavivanov/HLF/pcxchg/crypto-config/peerOrganizations/HP.com/ca/root/ca-key.pem Certfile:/Users/vladislavivanov/HLF/pcxchg/crypto-config/peerOrganizations/HP.com/ca/root/ca-cert.pem Chainfile:/Users/vladislavivanov/HLF/pcxchg/crypto-config/peerOrganizations/HP.com/ca/root/ca-chain.pem} Signing:0xc4203449b0 CSR:{CN:fabric-ca-server Names:[{C:US ST:North Carolina L: O:Hyperledger OU:Fabric SerialNumber:}] Hosts:[Vladislavs-MacBook-Pro.local localhost] KeyRequest:0xc42034ec80 CA:0xc42034e1e0 SerialNumber:} Registry:{MaxEnrollments:-1 Identities:[{ Name:**** Pass:**** Type:client Affiliation: MaxEnrollments:0 Attrs:map[hf.AffiliationMgr:1 hf.Registrar.Roles:peer,orderer,client,user hf.Registrar.DelegateRoles:peer,orderer,client,user hf.Revoker:1 hf.IntermediateCA:1 hf.GenCRL:1 hf.Registrar.Attributes:*]  }]} Affiliations:map[org2:[department1] org1:[department1 department2]] LDAP:{ Enabled:false URL:ldap://****:****@<host>:<port>/<base> UserFilter:(uid=%s) GroupFilter:(memberUid=%s) Attribute:{[uid member] [{ }] map[groups:[{ }]]} TLS:{false [] { }}  } DB:{ Type:sqlite3 Datasource:/Users/vladislavivanov/HLF/pcxchg/crypto-config/peerOrganizations/HP.com/ca/root/fabric-ca-server.db TLS:{false [] { }}  } CSP:0xc420338840 Client:<nil> Intermediate:{ParentServer:{ URL: CAName:  } TLS:{Enabled:false CertFiles:[] Client:{KeyFile: CertFile:}} Enrollment:{ Name: Secret:**** Profile: Label: CSR:<nil> CAName: AttrReqs:[]  }} CRL:{Expiry:24h0m0s}}
2018/06/26 17:07:01 [DEBUG] DB: Getting identity admin
2018/06/26 17:07:01 [DEBUG] DB: Login user admin with max enrollments of -1 and state of 3
2018/06/26 17:07:01 [DEBUG] DB: identity admin successfully logged in
2018/06/26 17:07:01 [DEBUG] Processing sign request: id=admin, CommonName=admin, Subject=<nil>
2018/06/26 17:07:01 [DEBUG] Request is not for a CA signing certificate
2018/06/26 17:07:01 [DEBUG] Checking CSR fields to make sure that they do not exceed maximum character limits
2018/06/26 17:07:01 [DEBUG] DB: Getting identity admin
2018/06/26 17:07:01 [DEBUG] Finished processing sign request
2018/06/26 17:07:01 [DEBUG] DB: Getting identity admin
2018/06/26 17:07:01 [INFO] signed certificate with serial number 710526293437393851615272298164000459092092754223
2018/06/26 17:07:01 [DEBUG] DB: Insert Certificate
2018/06/26 17:07:01 [DEBUG] Saved serial number as hex 7c7519d61daae05882184d751cad26a03f6b992f
2018/06/26 17:07:01 [DEBUG] saved certificate with serial number 710526293437393851615272298164000459092092754223
2018/06/26 17:07:01 [DEBUG] Successfully incremented state for identity admin to 4
2018/06/26 17:07:01 [INFO] [::1]:49574 POST /enroll 201 0 "OK"
2018/06/26 17:07:01 [DEBUG] Received request for /register
2018/06/26 17:07:01 [DEBUG] Checking for revocation/expiration of certificate owned by 'admin'
2018/06/26 17:07:01 [DEBUG] DB: Get certificate by serial (781cc51b2bc8c7a2dc525a546e90604c6a1f6cd7) and aki (918c2b218f217efec890c31c61448238b52f7e8c)
2018/06/26 17:07:01 [DEBUG] Successful token authentication of 'admin'
2018/06/26 17:07:01 [DEBUG] Received registration request from admin: { Name:peer1.HP.com Type:user Secret:**** MaxEnrollments:0 Affiliation:org1 Attributes:[] CAName:  }
2018/06/26 17:07:01 [DEBUG] DB: Getting identity admin
2018/06/26 17:07:01 [DEBUG] canRegister - Check to see if user 'admin' can register
2018/06/26 17:07:01 [DEBUG] Checking to see if caller 'admin' is a registrar
2018/06/26 17:07:01 [DEBUG] Validate Affiliation
2018/06/26 17:07:01 [DEBUG] Checking to see if affiliation 'org1' contains caller's affiliation ''
2018/06/26 17:07:01 [DEBUG] Caller has root affiliation
2018/06/26 17:07:01 [DEBUG] Validate ID
2018/06/26 17:07:01 [DEBUG] Validating affiliation: org1
2018/06/26 17:07:01 [DEBUG] DB: Get affiliation org1
2018/06/26 17:07:01 [DEBUG] Registering user id: peer1.HP.com
2018/06/26 17:07:01 [DEBUG] Max enrollment value verification - User specified max enrollment: 0, CA max enrollment: -1
2018/06/26 17:07:01 [DEBUG] DB: Getting identity peer1.HP.com
2018/06/26 17:07:01 [DEBUG] DB: Add identity peer1.HP.com
2018/06/26 17:07:01 [DEBUG] Successfully added identity peer1.HP.com to the database
2018/06/26 17:07:01 [INFO] [::1]:49577 POST /register 201 0 "OK"
2018/06/26 17:07:01 [DEBUG] Received request for /enroll
2018/06/26 17:07:01 [DEBUG] ca.Config: &{Version:1.1.1-snapshot-e656889 Cfg:{Identities:{AllowRemove:false} Affiliations:{AllowRemove:false}} CA:{Name: Keyfile:/Users/vladislavivanov/HLF/pcxchg/crypto-config/peerOrganizations/HP.com/ca/root/ca-key.pem Certfile:/Users/vladislavivanov/HLF/pcxchg/crypto-config/peerOrganizations/HP.com/ca/root/ca-cert.pem Chainfile:/Users/vladislavivanov/HLF/pcxchg/crypto-config/peerOrganizations/HP.com/ca/root/ca-chain.pem} Signing:0xc4203449b0 CSR:{CN:fabric-ca-server Names:[{C:US ST:North Carolina L: O:Hyperledger OU:Fabric SerialNumber:}] Hosts:[Vladislavs-MacBook-Pro.local localhost] KeyRequest:0xc42034ec80 CA:0xc42034e1e0 SerialNumber:} Registry:{MaxEnrollments:-1 Identities:[{ Name:**** Pass:**** Type:client Affiliation: MaxEnrollments:0 Attrs:map[hf.GenCRL:1 hf.Registrar.Attributes:* hf.AffiliationMgr:1 hf.Registrar.Roles:peer,orderer,client,user hf.Registrar.DelegateRoles:peer,orderer,client,user hf.Revoker:1 hf.IntermediateCA:1]  }]} Affiliations:map[org2:[department1] org1:[department1 department2]] LDAP:{ Enabled:false URL:ldap://****:****@<host>:<port>/<base> UserFilter:(uid=%s) GroupFilter:(memberUid=%s) Attribute:{[uid member] [{ }] map[groups:[{ }]]} TLS:{false [] { }}  } DB:{ Type:sqlite3 Datasource:/Users/vladislavivanov/HLF/pcxchg/crypto-config/peerOrganizations/HP.com/ca/root/fabric-ca-server.db TLS:{false [] { }}  } CSP:0xc420338840 Client:<nil> Intermediate:{ParentServer:{ URL: CAName:  } TLS:{Enabled:false CertFiles:[] Client:{KeyFile: CertFile:}} Enrollment:{ Name: Secret:**** Profile: Label: CSR:<nil> CAName: AttrReqs:[]  }} CRL:{Expiry:24h0m0s}}
2018/06/26 17:07:01 [DEBUG] DB: Getting identity peer1.HP.com
2018/06/26 17:07:01 [DEBUG] DB: Login user peer1.HP.com with max enrollments of -1 and state of 0
2018/06/26 17:07:01 [DEBUG] DB: identity peer1.HP.com successfully logged in
2018/06/26 17:07:01 [DEBUG] Processing sign request: id=peer1.HP.com, CommonName=peer1.HP.com, Subject=<nil>
2018/06/26 17:07:01 [DEBUG] Request is not for a CA signing certificate
2018/06/26 17:07:01 [DEBUG] Checking CSR fields to make sure that they do not exceed maximum character limits
2018/06/26 17:07:01 [DEBUG] DB: Getting identity peer1.HP.com
2018/06/26 17:07:01 [DEBUG] Finished processing sign request
2018/06/26 17:07:01 [DEBUG] DB: Getting identity peer1.HP.com
2018/06/26 17:07:01 [DEBUG] Attribute extension being added to certificate is: &{ID:[1 2 3 4 5 6 7 8 1] Critical:false Value:7b226174747273223a7b2268662e416666696c696174696f6e223a226f726731222c2268662e456e726f6c6c6d656e744944223a2270656572312e48502e636f6d222c2268662e54797065223a2275736572227d7d}
2018/06/26 17:07:01 [DEBUG] Adding attribute extension to CSR: &{ID:[1 2 3 4 5 6 7 8 1] Critical:false Value:7b226174747273223a7b2268662e416666696c696174696f6e223a226f726731222c2268662e456e726f6c6c6d656e744944223a2270656572312e48502e636f6d222c2268662e54797065223a2275736572227d7d}
2018/06/26 17:07:01 [INFO] signed certificate with serial number 449660553215112748081538877947634239400709230945
2018/06/26 17:07:01 [DEBUG] DB: Insert Certificate
2018/06/26 17:07:01 [DEBUG] Saved serial number as hex 4ec37a003adf948d130a4b52f2b08b3c88e09161
2018/06/26 17:07:01 [DEBUG] saved certificate with serial number 449660553215112748081538877947634239400709230945
2018/06/26 17:07:01 [DEBUG] Successfully incremented state for identity peer1.HP.com to 1
2018/06/26 17:07:01 [INFO] [::1]:49580 POST /enroll 201 0 "OK"
2018/06/26 17:07:01 [DEBUG] Received request for /cainfo
2018/06/26 17:07:01 [INFO] [::1]:49583 POST /cainfo 200 0 "OK"
