2018/06/26 17:06:51 [INFO] Created default configuration file at /Users/vladislavivanov/HLF/pcxchg/crypto-config/ordererOrganizations/pcxchg.com/ca/root/fabric-ca-server-config.yaml
2018/06/26 17:06:51 [INFO] Starting server in home directory: /Users/vladislavivanov/HLF/pcxchg/crypto-config/ordererOrganizations/pcxchg.com/ca/root
2018/06/26 17:06:51 [INFO] Server Version: 1.1.1-snapshot-e656889
2018/06/26 17:06:51 [INFO] Server Levels: &{Identity:1 Affiliation:1 Certificate:1}
2018/06/26 17:06:51 [DEBUG] Making server filenames absolute
2018/06/26 17:06:51 [DEBUG] Initializing default CA in directory /Users/vladislavivanov/HLF/pcxchg/crypto-config/ordererOrganizations/pcxchg.com/ca/root
2018/06/26 17:06:51 [DEBUG] Init CA with home /Users/vladislavivanov/HLF/pcxchg/crypto-config/ordererOrganizations/pcxchg.com/ca/root and config {Version:1.1.1-snapshot-e656889 Cfg:{Identities:{AllowRemove:false} Affiliations:{AllowRemove:false}} CA:{Name: Keyfile: Certfile:ca-cert.pem Chainfile:ca-chain.pem} Signing:0xc4203499b0 CSR:{CN:fabric-ca-server Names:[{C:US ST:North Carolina L: O:Hyperledger OU:Fabric SerialNumber:}] Hosts:[Vladislavs-MacBook-Pro.local localhost] KeyRequest:<nil> CA:0xc4202d9c00 SerialNumber:} Registry:{MaxEnrollments:-1 Identities:[{ Name:**** Pass:**** Type:client Affiliation: MaxEnrollments:0 Attrs:map[hf.AffiliationMgr:1 hf.Registrar.Roles:peer,orderer,client,user hf.Registrar.DelegateRoles:peer,orderer,client,user hf.Revoker:1 hf.IntermediateCA:1 hf.GenCRL:1 hf.Registrar.Attributes:*]  }]} Affiliations:map[org2:[department1] org1:[department1 department2]] LDAP:{ Enabled:false URL:ldap://****:****@<host>:<port>/<base> UserFilter:(uid=%s) GroupFilter:(memberUid=%s) Attribute:{[uid member] [{ }] map[groups:[{ }]]} TLS:{false [] { }}  } DB:{ Type:sqlite3 Datasource:fabric-ca-server.db TLS:{false [] { }}  } CSP:0xc420342840 Client:<nil> Intermediate:{ParentServer:{ URL: CAName:  } TLS:{Enabled:false CertFiles:[] Client:{KeyFile: CertFile:}} Enrollment:{ Name: Secret:**** Profile: Label: CSR:<nil> CAName: AttrReqs:[]  }} CRL:{Expiry:24h0m0s}}
2018/06/26 17:06:51 [DEBUG] CA Home Directory: /Users/vladislavivanov/HLF/pcxchg/crypto-config/ordererOrganizations/pcxchg.com/ca/root
2018/06/26 17:06:51 [DEBUG] Checking configuration file version '1.1.1-snapshot-e656889' against server version: '1.1.1-snapshot-e656889'
2018/06/26 17:06:51 [DEBUG] Initializing BCCSP: &{ProviderName:SW SwOpts:0xc4203428a0 PluginOpts:<nil> Pkcs11Opts:<nil>}
2018/06/26 17:06:51 [DEBUG] Initializing BCCSP with software options &{SecLevel:256 HashFamily:SHA2 Ephemeral:false FileKeystore:0xc42035e8a0 DummyKeystore:<nil>}
2018/06/26 17:06:51 [DEBUG] Initialize key material
2018/06/26 17:06:51 [DEBUG] Making CA filenames absolute
2018/06/26 17:06:51 [DEBUG] Root CA certificate request: {CN:fabric-ca-server Names:[{C:US ST:North Carolina L: O:Hyperledger OU:Fabric SerialNumber:}] Hosts:[Vladislavs-MacBook-Pro.local localhost] KeyRequest:0xc420358ca0 CA:0xc4202d9c00 SerialNumber:}
2018/06/26 17:06:51 [INFO] generating key: &{A:ecdsa S:256}
2018/06/26 17:06:51 [DEBUG] generate key from request: algo=ecdsa, size=256
2018/06/26 17:06:51 [INFO] encoded CSR
2018/06/26 17:06:51 [DEBUG] validating configuration
2018/06/26 17:06:51 [DEBUG] validate local profile
2018/06/26 17:06:51 [DEBUG] profile is valid
2018/06/26 17:06:51 [INFO] signed certificate with serial number 333354954472598434141386292596580200856623013144
2018/06/26 17:06:51 [INFO] The CA key and certificate were generated for CA 
2018/06/26 17:06:51 [INFO] The key was stored by BCCSP provider 'SW'
2018/06/26 17:06:51 [INFO] The certificate is at: /Users/vladislavivanov/HLF/pcxchg/crypto-config/ordererOrganizations/pcxchg.com/ca/root/ca-cert.pem
2018/06/26 17:06:51 [DEBUG] Initializing DB
2018/06/26 17:06:51 [DEBUG] Initializing 'sqlite3' database at '/Users/vladislavivanov/HLF/pcxchg/crypto-config/ordererOrganizations/pcxchg.com/ca/root/fabric-ca-server.db'
2018/06/26 17:06:51 [DEBUG] Using sqlite database, connect to database in home (/Users/vladislavivanov/HLF/pcxchg/crypto-config/ordererOrganizations/pcxchg.com/ca/root/fabric-ca-server.db) directory
2018/06/26 17:06:51 [DEBUG] Creating SQLite database (/Users/vladislavivanov/HLF/pcxchg/crypto-config/ordererOrganizations/pcxchg.com/ca/root/fabric-ca-server.db) if it does not exist...
2018/06/26 17:06:51 [DEBUG] Creating users table if it does not exist
2018/06/26 17:06:51 [DEBUG] Creating affiliations table if it does not exist
2018/06/26 17:06:51 [DEBUG] Creating certificates table if it does not exist
2018/06/26 17:06:51 [DEBUG] Creating properties table if it does not exist
2018/06/26 17:06:51 [DEBUG] Successfully opened sqlite3 DB
2018/06/26 17:06:51 [DEBUG] Checking database schema...
2018/06/26 17:06:51 [DEBUG] Update SQLite schema, if using outdated schema
2018/06/26 17:06:51 [DEBUG] Upgrade identities table
2018/06/26 17:06:51 [DEBUG] Creating users table if it does not exist
2018/06/26 17:06:51 [DEBUG] Upgrade affiliation table
2018/06/26 17:06:51 [DEBUG] Creating affiliations table if it does not exist
2018/06/26 17:06:51 [DEBUG] Upgrade certificates table
2018/06/26 17:06:51 [DEBUG] Creating certificates table if it does not exist
2018/06/26 17:06:51 [DEBUG] Initializing identity registry
2018/06/26 17:06:51 [DEBUG] Initialized DB identity registry
2018/06/26 17:06:51 [DEBUG] DB: Get properties [identity.level affiliation.level certificate.level]
2018/06/26 17:06:51 [DEBUG] Checking database levels 'map[affiliation.level:0 certificate.level:0 identity.level:0]' against server levels '&{Identity:1 Affiliation:1 Certificate:1}'
2018/06/26 17:06:51 [DEBUG] Loading identity table
2018/06/26 17:06:51 [DEBUG] Loading identity 'admin'
2018/06/26 17:06:51 [DEBUG] DB: Getting identity admin
2018/06/26 17:06:51 [DEBUG] Max enrollment value verification - User specified max enrollment: 0, CA max enrollment: -1
2018/06/26 17:06:51 [DEBUG] DB: Add identity admin
2018/06/26 17:06:51 [DEBUG] Successfully added identity admin to the database
2018/06/26 17:06:51 [DEBUG] Registered identity: { Name:**** Pass:**** Type:client Affiliation: MaxEnrollments:-1 Attrs:map[hf.Registrar.Roles:peer,orderer,client,user hf.Registrar.DelegateRoles:peer,orderer,client,user hf.Revoker:1 hf.IntermediateCA:1 hf.GenCRL:1 hf.Registrar.Attributes:* hf.AffiliationMgr:1]  }
2018/06/26 17:06:51 [DEBUG] Successfully loaded identity table
2018/06/26 17:06:51 [DEBUG] Loading affiliations table
2018/06/26 17:06:51 [DEBUG] DB: Add affiliation org2
2018/06/26 17:06:51 [DEBUG] Affiliation 'org2' added
2018/06/26 17:06:51 [DEBUG] DB: Add affiliation org2.department1
2018/06/26 17:06:51 [DEBUG] Affiliation 'org2.department1' added
2018/06/26 17:06:51 [DEBUG] DB: Add affiliation org1
2018/06/26 17:06:51 [DEBUG] Affiliation 'org1' added
2018/06/26 17:06:51 [DEBUG] DB: Add affiliation org1.department1
2018/06/26 17:06:51 [DEBUG] Affiliation 'org1.department1' added
2018/06/26 17:06:51 [DEBUG] DB: Add affiliation org1.department2
2018/06/26 17:06:51 [DEBUG] Affiliation 'org1.department2' added
2018/06/26 17:06:51 [DEBUG] Successfully loaded affiliations table
2018/06/26 17:06:51 [DEBUG] Checking and performing migration, if needed
2018/06/26 17:06:51 [DEBUG] Updating database level to &{Identity:1 Affiliation:1 Certificate:1}
2018/06/26 17:06:51 [INFO] Initialized sqlite3 database at /Users/vladislavivanov/HLF/pcxchg/crypto-config/ordererOrganizations/pcxchg.com/ca/root/fabric-ca-server.db
2018/06/26 17:06:51 [DEBUG] Initializing enrollment signer
2018/06/26 17:06:51 [DEBUG] validating configuration
2018/06/26 17:06:51 [DEBUG] validate local profile
2018/06/26 17:06:51 [DEBUG] profile is valid
2018/06/26 17:06:51 [DEBUG] validate local profile
2018/06/26 17:06:51 [DEBUG] profile is valid
2018/06/26 17:06:51 [DEBUG] validate local profile
2018/06/26 17:06:51 [DEBUG] profile is valid
2018/06/26 17:06:51 [DEBUG] CA initialization successful
2018/06/26 17:06:51 [INFO] Home directory for default CA: /Users/vladislavivanov/HLF/pcxchg/crypto-config/ordererOrganizations/pcxchg.com/ca/root
2018/06/26 17:06:51 [DEBUG] 1 CA instance(s) running on server
2018/06/26 17:06:51 [INFO] Listening on http://0.0.0.0:7100
2018/06/26 17:06:52 [DEBUG] Received request for /enroll
2018/06/26 17:06:52 [DEBUG] ca.Config: &{Version:1.1.1-snapshot-e656889 Cfg:{Identities:{AllowRemove:false} Affiliations:{AllowRemove:false}} CA:{Name: Keyfile:/Users/vladislavivanov/HLF/pcxchg/crypto-config/ordererOrganizations/pcxchg.com/ca/root/ca-key.pem Certfile:/Users/vladislavivanov/HLF/pcxchg/crypto-config/ordererOrganizations/pcxchg.com/ca/root/ca-cert.pem Chainfile:/Users/vladislavivanov/HLF/pcxchg/crypto-config/ordererOrganizations/pcxchg.com/ca/root/ca-chain.pem} Signing:0xc4203499b0 CSR:{CN:fabric-ca-server Names:[{C:US ST:North Carolina L: O:Hyperledger OU:Fabric SerialNumber:}] Hosts:[Vladislavs-MacBook-Pro.local localhost] KeyRequest:0xc420358c80 CA:0xc4202d9c00 SerialNumber:} Registry:{MaxEnrollments:-1 Identities:[{ Name:**** Pass:**** Type:client Affiliation: MaxEnrollments:0 Attrs:map[hf.Registrar.DelegateRoles:peer,orderer,client,user hf.Revoker:1 hf.IntermediateCA:1 hf.GenCRL:1 hf.Registrar.Attributes:* hf.AffiliationMgr:1 hf.Registrar.Roles:peer,orderer,client,user]  }]} Affiliations:map[org2:[department1] org1:[department1 department2]] LDAP:{ Enabled:false URL:ldap://****:****@<host>:<port>/<base> UserFilter:(uid=%s) GroupFilter:(memberUid=%s) Attribute:{[uid member] [{ }] map[groups:[{ }]]} TLS:{false [] { }}  } DB:{ Type:sqlite3 Datasource:/Users/vladislavivanov/HLF/pcxchg/crypto-config/ordererOrganizations/pcxchg.com/ca/root/fabric-ca-server.db TLS:{false [] { }}  } CSP:0xc420342840 Client:<nil> Intermediate:{ParentServer:{ URL: CAName:  } TLS:{Enabled:false CertFiles:[] Client:{KeyFile: CertFile:}} Enrollment:{ Name: Secret:**** Profile: Label: CSR:<nil> CAName: AttrReqs:[]  }} CRL:{Expiry:24h0m0s}}
2018/06/26 17:06:52 [DEBUG] DB: Getting identity admin
2018/06/26 17:06:52 [DEBUG] DB: Login user admin with max enrollments of -1 and state of 0
2018/06/26 17:06:52 [DEBUG] DB: identity admin successfully logged in
2018/06/26 17:06:52 [DEBUG] Processing sign request: id=admin, CommonName=admin, Subject=<nil>
2018/06/26 17:06:52 [DEBUG] Request is not for a CA signing certificate
2018/06/26 17:06:52 [DEBUG] Checking CSR fields to make sure that they do not exceed maximum character limits
2018/06/26 17:06:52 [DEBUG] DB: Getting identity admin
2018/06/26 17:06:52 [DEBUG] Finished processing sign request
2018/06/26 17:06:52 [DEBUG] DB: Getting identity admin
2018/06/26 17:06:52 [INFO] signed certificate with serial number 440867082341946593002944780095002031256787931848
2018/06/26 17:06:52 [DEBUG] DB: Insert Certificate
2018/06/26 17:06:52 [DEBUG] Saved serial number as hex 4d3929e7e422d02a209f62b4331d6f9600e6d2c8
2018/06/26 17:06:52 [DEBUG] saved certificate with serial number 440867082341946593002944780095002031256787931848
2018/06/26 17:06:52 [DEBUG] Successfully incremented state for identity admin to 1
2018/06/26 17:06:52 [INFO] [::1]:49433 POST /enroll 201 0 "OK"
2018/06/26 17:06:53 [DEBUG] Received request for /enroll
2018/06/26 17:06:53 [DEBUG] ca.Config: &{Version:1.1.1-snapshot-e656889 Cfg:{Identities:{AllowRemove:false} Affiliations:{AllowRemove:false}} CA:{Name: Keyfile:/Users/vladislavivanov/HLF/pcxchg/crypto-config/ordererOrganizations/pcxchg.com/ca/root/ca-key.pem Certfile:/Users/vladislavivanov/HLF/pcxchg/crypto-config/ordererOrganizations/pcxchg.com/ca/root/ca-cert.pem Chainfile:/Users/vladislavivanov/HLF/pcxchg/crypto-config/ordererOrganizations/pcxchg.com/ca/root/ca-chain.pem} Signing:0xc4203499b0 CSR:{CN:fabric-ca-server Names:[{C:US ST:North Carolina L: O:Hyperledger OU:Fabric SerialNumber:}] Hosts:[Vladislavs-MacBook-Pro.local localhost] KeyRequest:0xc420358c80 CA:0xc4202d9c00 SerialNumber:} Registry:{MaxEnrollments:-1 Identities:[{ Name:**** Pass:**** Type:client Affiliation: MaxEnrollments:0 Attrs:map[hf.Registrar.DelegateRoles:peer,orderer,client,user hf.Revoker:1 hf.IntermediateCA:1 hf.GenCRL:1 hf.Registrar.Attributes:* hf.AffiliationMgr:1 hf.Registrar.Roles:peer,orderer,client,user]  }]} Affiliations:map[org2:[department1] org1:[department1 department2]] LDAP:{ Enabled:false URL:ldap://****:****@<host>:<port>/<base> UserFilter:(uid=%s) GroupFilter:(memberUid=%s) Attribute:{[uid member] [{ }] map[groups:[{ }]]} TLS:{false [] { }}  } DB:{ Type:sqlite3 Datasource:/Users/vladislavivanov/HLF/pcxchg/crypto-config/ordererOrganizations/pcxchg.com/ca/root/fabric-ca-server.db TLS:{false [] { }}  } CSP:0xc420342840 Client:<nil> Intermediate:{ParentServer:{ URL: CAName:  } TLS:{Enabled:false CertFiles:[] Client:{KeyFile: CertFile:}} Enrollment:{ Name: Secret:**** Profile: Label: CSR:<nil> CAName: AttrReqs:[]  }} CRL:{Expiry:24h0m0s}}
2018/06/26 17:06:53 [DEBUG] DB: Getting identity admin
2018/06/26 17:06:53 [DEBUG] DB: Login user admin with max enrollments of -1 and state of 1
2018/06/26 17:06:53 [DEBUG] DB: identity admin successfully logged in
2018/06/26 17:06:53 [DEBUG] Processing sign request: id=admin, CommonName=admin, Subject=<nil>
2018/06/26 17:06:53 [DEBUG] Request is not for a CA signing certificate
2018/06/26 17:06:53 [DEBUG] Checking CSR fields to make sure that they do not exceed maximum character limits
2018/06/26 17:06:53 [DEBUG] DB: Getting identity admin
2018/06/26 17:06:53 [DEBUG] Finished processing sign request
2018/06/26 17:06:53 [DEBUG] DB: Getting identity admin
2018/06/26 17:06:53 [INFO] signed certificate with serial number 713699151894336155459534784330646665858146923195
2018/06/26 17:06:53 [DEBUG] DB: Insert Certificate
2018/06/26 17:06:53 [DEBUG] Saved serial number as hex 7d036077189b9f60d0f62fbb274eb6f21a2072bb
2018/06/26 17:06:53 [DEBUG] saved certificate with serial number 713699151894336155459534784330646665858146923195
2018/06/26 17:06:53 [DEBUG] Successfully incremented state for identity admin to 2
2018/06/26 17:06:53 [INFO] [::1]:49436 POST /enroll 201 0 "OK"
2018/06/26 17:06:53 [DEBUG] Received request for /register
2018/06/26 17:06:53 [DEBUG] Checking for revocation/expiration of certificate owned by 'admin'
2018/06/26 17:06:53 [DEBUG] DB: Get certificate by serial (7d036077189b9f60d0f62fbb274eb6f21a2072bb) and aki (86e89db9efa0c4ae8409d67a110d2adcecdcac9d)
2018/06/26 17:06:53 [DEBUG] Successful token authentication of 'admin'
2018/06/26 17:06:53 [DEBUG] Received registration request from admin: { Name:nodeAdmin Type:user Secret:**** MaxEnrollments:0 Affiliation:org1 Attributes:[] CAName:  }
2018/06/26 17:06:53 [DEBUG] DB: Getting identity admin
2018/06/26 17:06:53 [DEBUG] canRegister - Check to see if user 'admin' can register
2018/06/26 17:06:53 [DEBUG] Checking to see if caller 'admin' is a registrar
2018/06/26 17:06:53 [DEBUG] Validate Affiliation
2018/06/26 17:06:53 [DEBUG] Checking to see if affiliation 'org1' contains caller's affiliation ''
2018/06/26 17:06:53 [DEBUG] Caller has root affiliation
2018/06/26 17:06:53 [DEBUG] Validate ID
2018/06/26 17:06:53 [DEBUG] Validating affiliation: org1
2018/06/26 17:06:53 [DEBUG] DB: Get affiliation org1
2018/06/26 17:06:53 [DEBUG] Registering user id: nodeAdmin
2018/06/26 17:06:53 [DEBUG] Max enrollment value verification - User specified max enrollment: 0, CA max enrollment: -1
2018/06/26 17:06:53 [DEBUG] DB: Getting identity nodeAdmin
2018/06/26 17:06:53 [DEBUG] DB: Add identity nodeAdmin
2018/06/26 17:06:53 [DEBUG] Successfully added identity nodeAdmin to the database
2018/06/26 17:06:53 [INFO] [::1]:49439 POST /register 201 0 "OK"
2018/06/26 17:06:53 [DEBUG] Received request for /enroll
2018/06/26 17:06:53 [DEBUG] ca.Config: &{Version:1.1.1-snapshot-e656889 Cfg:{Identities:{AllowRemove:false} Affiliations:{AllowRemove:false}} CA:{Name: Keyfile:/Users/vladislavivanov/HLF/pcxchg/crypto-config/ordererOrganizations/pcxchg.com/ca/root/ca-key.pem Certfile:/Users/vladislavivanov/HLF/pcxchg/crypto-config/ordererOrganizations/pcxchg.com/ca/root/ca-cert.pem Chainfile:/Users/vladislavivanov/HLF/pcxchg/crypto-config/ordererOrganizations/pcxchg.com/ca/root/ca-chain.pem} Signing:0xc4203499b0 CSR:{CN:fabric-ca-server Names:[{C:US ST:North Carolina L: O:Hyperledger OU:Fabric SerialNumber:}] Hosts:[Vladislavs-MacBook-Pro.local localhost] KeyRequest:0xc420358c80 CA:0xc4202d9c00 SerialNumber:} Registry:{MaxEnrollments:-1 Identities:[{ Name:**** Pass:**** Type:client Affiliation: MaxEnrollments:0 Attrs:map[hf.IntermediateCA:1 hf.GenCRL:1 hf.Registrar.Attributes:* hf.AffiliationMgr:1 hf.Registrar.Roles:peer,orderer,client,user hf.Registrar.DelegateRoles:peer,orderer,client,user hf.Revoker:1]  }]} Affiliations:map[org2:[department1] org1:[department1 department2]] LDAP:{ Enabled:false URL:ldap://****:****@<host>:<port>/<base> UserFilter:(uid=%s) GroupFilter:(memberUid=%s) Attribute:{[uid member] [{ }] map[groups:[{ }]]} TLS:{false [] { }}  } DB:{ Type:sqlite3 Datasource:/Users/vladislavivanov/HLF/pcxchg/crypto-config/ordererOrganizations/pcxchg.com/ca/root/fabric-ca-server.db TLS:{false [] { }}  } CSP:0xc420342840 Client:<nil> Intermediate:{ParentServer:{ URL: CAName:  } TLS:{Enabled:false CertFiles:[] Client:{KeyFile: CertFile:}} Enrollment:{ Name: Secret:**** Profile: Label: CSR:<nil> CAName: AttrReqs:[]  }} CRL:{Expiry:24h0m0s}}
2018/06/26 17:06:53 [DEBUG] DB: Getting identity nodeAdmin
2018/06/26 17:06:53 [DEBUG] DB: Login user nodeAdmin with max enrollments of -1 and state of 0
2018/06/26 17:06:53 [DEBUG] DB: identity nodeAdmin successfully logged in
2018/06/26 17:06:53 [DEBUG] Processing sign request: id=nodeAdmin, CommonName=nodeAdmin, Subject=<nil>
2018/06/26 17:06:53 [DEBUG] Request is not for a CA signing certificate
2018/06/26 17:06:53 [DEBUG] Checking CSR fields to make sure that they do not exceed maximum character limits
2018/06/26 17:06:53 [DEBUG] DB: Getting identity nodeAdmin
2018/06/26 17:06:53 [DEBUG] Finished processing sign request
2018/06/26 17:06:53 [DEBUG] DB: Getting identity nodeAdmin
2018/06/26 17:06:53 [DEBUG] Attribute extension being added to certificate is: &{ID:[1 2 3 4 5 6 7 8 1] Critical:false Value:7b226174747273223a7b2268662e416666696c696174696f6e223a226f726731222c2268662e456e726f6c6c6d656e744944223a226e6f646541646d696e222c2268662e54797065223a2275736572227d7d}
2018/06/26 17:06:53 [DEBUG] Adding attribute extension to CSR: &{ID:[1 2 3 4 5 6 7 8 1] Critical:false Value:7b226174747273223a7b2268662e416666696c696174696f6e223a226f726731222c2268662e456e726f6c6c6d656e744944223a226e6f646541646d696e222c2268662e54797065223a2275736572227d7d}
2018/06/26 17:06:53 [INFO] signed certificate with serial number 172971387772558400209208370487967730146289823124
2018/06/26 17:06:53 [DEBUG] DB: Insert Certificate
2018/06/26 17:06:53 [DEBUG] Saved serial number as hex 1e4c4e26f38aa407358cb11aebc2e58c4286ad94
2018/06/26 17:06:53 [DEBUG] saved certificate with serial number 172971387772558400209208370487967730146289823124
2018/06/26 17:06:53 [DEBUG] Successfully incremented state for identity nodeAdmin to 1
2018/06/26 17:06:53 [INFO] [::1]:49442 POST /enroll 201 0 "OK"
2018/06/26 17:06:53 [DEBUG] Received request for /register
2018/06/26 17:06:53 [DEBUG] Checking for revocation/expiration of certificate owned by 'admin'
2018/06/26 17:06:53 [DEBUG] DB: Get certificate by serial (7d036077189b9f60d0f62fbb274eb6f21a2072bb) and aki (86e89db9efa0c4ae8409d67a110d2adcecdcac9d)
2018/06/26 17:06:53 [DEBUG] Successful token authentication of 'admin'
2018/06/26 17:06:53 [DEBUG] Received registration request from admin: { Name:User1@pcxchg.com Type:user Secret:**** MaxEnrollments:0 Affiliation:org1 Attributes:[] CAName:  }
2018/06/26 17:06:53 [DEBUG] DB: Getting identity admin
2018/06/26 17:06:53 [DEBUG] canRegister - Check to see if user 'admin' can register
2018/06/26 17:06:53 [DEBUG] Checking to see if caller 'admin' is a registrar
2018/06/26 17:06:53 [DEBUG] Validate Affiliation
2018/06/26 17:06:53 [DEBUG] Checking to see if affiliation 'org1' contains caller's affiliation ''
2018/06/26 17:06:53 [DEBUG] Caller has root affiliation
2018/06/26 17:06:53 [DEBUG] Validate ID
2018/06/26 17:06:53 [DEBUG] Validating affiliation: org1
2018/06/26 17:06:53 [DEBUG] DB: Get affiliation org1
2018/06/26 17:06:53 [DEBUG] Registering user id: User1@pcxchg.com
2018/06/26 17:06:53 [DEBUG] Max enrollment value verification - User specified max enrollment: 0, CA max enrollment: -1
2018/06/26 17:06:53 [DEBUG] DB: Getting identity User1@pcxchg.com
2018/06/26 17:06:53 [DEBUG] DB: Add identity User1@pcxchg.com
2018/06/26 17:06:53 [DEBUG] Successfully added identity User1@pcxchg.com to the database
2018/06/26 17:06:53 [INFO] [::1]:49445 POST /register 201 0 "OK"
2018/06/26 17:06:53 [DEBUG] Received request for /enroll
2018/06/26 17:06:53 [DEBUG] ca.Config: &{Version:1.1.1-snapshot-e656889 Cfg:{Identities:{AllowRemove:false} Affiliations:{AllowRemove:false}} CA:{Name: Keyfile:/Users/vladislavivanov/HLF/pcxchg/crypto-config/ordererOrganizations/pcxchg.com/ca/root/ca-key.pem Certfile:/Users/vladislavivanov/HLF/pcxchg/crypto-config/ordererOrganizations/pcxchg.com/ca/root/ca-cert.pem Chainfile:/Users/vladislavivanov/HLF/pcxchg/crypto-config/ordererOrganizations/pcxchg.com/ca/root/ca-chain.pem} Signing:0xc4203499b0 CSR:{CN:fabric-ca-server Names:[{C:US ST:North Carolina L: O:Hyperledger OU:Fabric SerialNumber:}] Hosts:[Vladislavs-MacBook-Pro.local localhost] KeyRequest:0xc420358c80 CA:0xc4202d9c00 SerialNumber:} Registry:{MaxEnrollments:-1 Identities:[{ Name:**** Pass:**** Type:client Affiliation: MaxEnrollments:0 Attrs:map[hf.AffiliationMgr:1 hf.Registrar.Roles:peer,orderer,client,user hf.Registrar.DelegateRoles:peer,orderer,client,user hf.Revoker:1 hf.IntermediateCA:1 hf.GenCRL:1 hf.Registrar.Attributes:*]  }]} Affiliations:map[org1:[department1 department2] org2:[department1]] LDAP:{ Enabled:false URL:ldap://****:****@<host>:<port>/<base> UserFilter:(uid=%s) GroupFilter:(memberUid=%s) Attribute:{[uid member] [{ }] map[groups:[{ }]]} TLS:{false [] { }}  } DB:{ Type:sqlite3 Datasource:/Users/vladislavivanov/HLF/pcxchg/crypto-config/ordererOrganizations/pcxchg.com/ca/root/fabric-ca-server.db TLS:{false [] { }}  } CSP:0xc420342840 Client:<nil> Intermediate:{ParentServer:{ URL: CAName:  } TLS:{Enabled:false CertFiles:[] Client:{KeyFile: CertFile:}} Enrollment:{ Name: Secret:**** Profile: Label: CSR:<nil> CAName: AttrReqs:[]  }} CRL:{Expiry:24h0m0s}}
2018/06/26 17:06:53 [DEBUG] DB: Getting identity User1@pcxchg.com
2018/06/26 17:06:53 [DEBUG] DB: Login user User1@pcxchg.com with max enrollments of -1 and state of 0
2018/06/26 17:06:53 [DEBUG] DB: identity User1@pcxchg.com successfully logged in
2018/06/26 17:06:53 [DEBUG] Processing sign request: id=User1@pcxchg.com, CommonName=User1@pcxchg.com, Subject=<nil>
2018/06/26 17:06:53 [DEBUG] Request is not for a CA signing certificate
2018/06/26 17:06:53 [DEBUG] Checking CSR fields to make sure that they do not exceed maximum character limits
2018/06/26 17:06:53 [DEBUG] DB: Getting identity User1@pcxchg.com
2018/06/26 17:06:53 [DEBUG] Finished processing sign request
2018/06/26 17:06:53 [DEBUG] DB: Getting identity User1@pcxchg.com
2018/06/26 17:06:53 [DEBUG] Attribute extension being added to certificate is: &{ID:[1 2 3 4 5 6 7 8 1] Critical:false Value:7b226174747273223a7b2268662e416666696c696174696f6e223a226f726731222c2268662e456e726f6c6c6d656e744944223a225573657231407063786368672e636f6d222c2268662e54797065223a2275736572227d7d}
2018/06/26 17:06:53 [DEBUG] Adding attribute extension to CSR: &{ID:[1 2 3 4 5 6 7 8 1] Critical:false Value:7b226174747273223a7b2268662e416666696c696174696f6e223a226f726731222c2268662e456e726f6c6c6d656e744944223a225573657231407063786368672e636f6d222c2268662e54797065223a2275736572227d7d}
2018/06/26 17:06:53 [INFO] signed certificate with serial number 259484169176201897608334966558936291263078034373
2018/06/26 17:06:53 [DEBUG] DB: Insert Certificate
2018/06/26 17:06:53 [DEBUG] Saved serial number as hex 2d73ac2d7c710fe1d8c60bc6d436c501a7c96bc5
2018/06/26 17:06:53 [DEBUG] saved certificate with serial number 259484169176201897608334966558936291263078034373
2018/06/26 17:06:53 [DEBUG] Successfully incremented state for identity User1@pcxchg.com to 1
2018/06/26 17:06:53 [INFO] [::1]:49448 POST /enroll 201 0 "OK"
2018/06/26 17:06:53 [DEBUG] Received request for /enroll
2018/06/26 17:06:53 [DEBUG] ca.Config: &{Version:1.1.1-snapshot-e656889 Cfg:{Identities:{AllowRemove:false} Affiliations:{AllowRemove:false}} CA:{Name: Keyfile:/Users/vladislavivanov/HLF/pcxchg/crypto-config/ordererOrganizations/pcxchg.com/ca/root/ca-key.pem Certfile:/Users/vladislavivanov/HLF/pcxchg/crypto-config/ordererOrganizations/pcxchg.com/ca/root/ca-cert.pem Chainfile:/Users/vladislavivanov/HLF/pcxchg/crypto-config/ordererOrganizations/pcxchg.com/ca/root/ca-chain.pem} Signing:0xc4203499b0 CSR:{CN:fabric-ca-server Names:[{C:US ST:North Carolina L: O:Hyperledger OU:Fabric SerialNumber:}] Hosts:[Vladislavs-MacBook-Pro.local localhost] KeyRequest:0xc420358c80 CA:0xc4202d9c00 SerialNumber:} Registry:{MaxEnrollments:-1 Identities:[{ Name:**** Pass:**** Type:client Affiliation: MaxEnrollments:0 Attrs:map[hf.GenCRL:1 hf.Registrar.Attributes:* hf.AffiliationMgr:1 hf.Registrar.Roles:peer,orderer,client,user hf.Registrar.DelegateRoles:peer,orderer,client,user hf.Revoker:1 hf.IntermediateCA:1]  }]} Affiliations:map[org2:[department1] org1:[department1 department2]] LDAP:{ Enabled:false URL:ldap://****:****@<host>:<port>/<base> UserFilter:(uid=%s) GroupFilter:(memberUid=%s) Attribute:{[uid member] [{ }] map[groups:[{ }]]} TLS:{false [] { }}  } DB:{ Type:sqlite3 Datasource:/Users/vladislavivanov/HLF/pcxchg/crypto-config/ordererOrganizations/pcxchg.com/ca/root/fabric-ca-server.db TLS:{false [] { }}  } CSP:0xc420342840 Client:<nil> Intermediate:{ParentServer:{ URL: CAName:  } TLS:{Enabled:false CertFiles:[] Client:{KeyFile: CertFile:}} Enrollment:{ Name: Secret:**** Profile: Label: CSR:<nil> CAName: AttrReqs:[]  }} CRL:{Expiry:24h0m0s}}
2018/06/26 17:06:53 [DEBUG] DB: Getting identity admin
2018/06/26 17:06:53 [DEBUG] DB: Login user admin with max enrollments of -1 and state of 2
2018/06/26 17:06:53 [DEBUG] DB: identity admin successfully logged in
2018/06/26 17:06:53 [DEBUG] Processing sign request: id=admin, CommonName=admin, Subject=<nil>
2018/06/26 17:06:53 [DEBUG] Request is not for a CA signing certificate
2018/06/26 17:06:53 [DEBUG] Checking CSR fields to make sure that they do not exceed maximum character limits
2018/06/26 17:06:53 [DEBUG] DB: Getting identity admin
2018/06/26 17:06:53 [DEBUG] Finished processing sign request
2018/06/26 17:06:53 [DEBUG] DB: Getting identity admin
2018/06/26 17:06:53 [INFO] signed certificate with serial number 221550462200880191461817870705357918804769753692
2018/06/26 17:06:53 [DEBUG] DB: Insert Certificate
2018/06/26 17:06:53 [DEBUG] Saved serial number as hex 26ceaa93d916c23462265f591a87042697dfca5c
2018/06/26 17:06:53 [DEBUG] saved certificate with serial number 221550462200880191461817870705357918804769753692
2018/06/26 17:06:53 [DEBUG] Successfully incremented state for identity admin to 3
2018/06/26 17:06:53 [INFO] [::1]:49451 POST /enroll 201 0 "OK"
2018/06/26 17:06:53 [DEBUG] Received request for /register
2018/06/26 17:06:53 [DEBUG] Checking for revocation/expiration of certificate owned by 'admin'
2018/06/26 17:06:53 [DEBUG] DB: Get certificate by serial (7d036077189b9f60d0f62fbb274eb6f21a2072bb) and aki (86e89db9efa0c4ae8409d67a110d2adcecdcac9d)
2018/06/26 17:06:53 [DEBUG] Successful token authentication of 'admin'
2018/06/26 17:06:53 [DEBUG] Received registration request from admin: { Name:orderer.pcxchg.com Type:user Secret:**** MaxEnrollments:0 Affiliation:org1 Attributes:[] CAName:  }
2018/06/26 17:06:53 [DEBUG] DB: Getting identity admin
2018/06/26 17:06:53 [DEBUG] canRegister - Check to see if user 'admin' can register
2018/06/26 17:06:53 [DEBUG] Checking to see if caller 'admin' is a registrar
2018/06/26 17:06:53 [DEBUG] Validate Affiliation
2018/06/26 17:06:53 [DEBUG] Checking to see if affiliation 'org1' contains caller's affiliation ''
2018/06/26 17:06:53 [DEBUG] Caller has root affiliation
2018/06/26 17:06:53 [DEBUG] Validate ID
2018/06/26 17:06:53 [DEBUG] Validating affiliation: org1
2018/06/26 17:06:53 [DEBUG] DB: Get affiliation org1
2018/06/26 17:06:53 [DEBUG] Registering user id: orderer.pcxchg.com
2018/06/26 17:06:53 [DEBUG] Max enrollment value verification - User specified max enrollment: 0, CA max enrollment: -1
2018/06/26 17:06:53 [DEBUG] DB: Getting identity orderer.pcxchg.com
2018/06/26 17:06:53 [DEBUG] DB: Add identity orderer.pcxchg.com
2018/06/26 17:06:53 [DEBUG] Successfully added identity orderer.pcxchg.com to the database
2018/06/26 17:06:53 [INFO] [::1]:49454 POST /register 201 0 "OK"
2018/06/26 17:06:53 [DEBUG] Received request for /enroll
2018/06/26 17:06:53 [DEBUG] ca.Config: &{Version:1.1.1-snapshot-e656889 Cfg:{Identities:{AllowRemove:false} Affiliations:{AllowRemove:false}} CA:{Name: Keyfile:/Users/vladislavivanov/HLF/pcxchg/crypto-config/ordererOrganizations/pcxchg.com/ca/root/ca-key.pem Certfile:/Users/vladislavivanov/HLF/pcxchg/crypto-config/ordererOrganizations/pcxchg.com/ca/root/ca-cert.pem Chainfile:/Users/vladislavivanov/HLF/pcxchg/crypto-config/ordererOrganizations/pcxchg.com/ca/root/ca-chain.pem} Signing:0xc4203499b0 CSR:{CN:fabric-ca-server Names:[{C:US ST:North Carolina L: O:Hyperledger OU:Fabric SerialNumber:}] Hosts:[Vladislavs-MacBook-Pro.local localhost] KeyRequest:0xc420358c80 CA:0xc4202d9c00 SerialNumber:} Registry:{MaxEnrollments:-1 Identities:[{ Name:**** Pass:**** Type:client Affiliation: MaxEnrollments:0 Attrs:map[hf.Registrar.Roles:peer,orderer,client,user hf.Registrar.DelegateRoles:peer,orderer,client,user hf.Revoker:1 hf.IntermediateCA:1 hf.GenCRL:1 hf.Registrar.Attributes:* hf.AffiliationMgr:1]  }]} Affiliations:map[org2:[department1] org1:[department1 department2]] LDAP:{ Enabled:false URL:ldap://****:****@<host>:<port>/<base> UserFilter:(uid=%s) GroupFilter:(memberUid=%s) Attribute:{[uid member] [{ }] map[groups:[{ }]]} TLS:{false [] { }}  } DB:{ Type:sqlite3 Datasource:/Users/vladislavivanov/HLF/pcxchg/crypto-config/ordererOrganizations/pcxchg.com/ca/root/fabric-ca-server.db TLS:{false [] { }}  } CSP:0xc420342840 Client:<nil> Intermediate:{ParentServer:{ URL: CAName:  } TLS:{Enabled:false CertFiles:[] Client:{KeyFile: CertFile:}} Enrollment:{ Name: Secret:**** Profile: Label: CSR:<nil> CAName: AttrReqs:[]  }} CRL:{Expiry:24h0m0s}}
2018/06/26 17:06:53 [DEBUG] DB: Getting identity orderer.pcxchg.com
2018/06/26 17:06:53 [DEBUG] DB: Login user orderer.pcxchg.com with max enrollments of -1 and state of 0
2018/06/26 17:06:53 [DEBUG] DB: identity orderer.pcxchg.com successfully logged in
2018/06/26 17:06:53 [DEBUG] Processing sign request: id=orderer.pcxchg.com, CommonName=orderer.pcxchg.com, Subject=<nil>
2018/06/26 17:06:53 [DEBUG] Request is not for a CA signing certificate
2018/06/26 17:06:53 [DEBUG] Checking CSR fields to make sure that they do not exceed maximum character limits
2018/06/26 17:06:53 [DEBUG] DB: Getting identity orderer.pcxchg.com
2018/06/26 17:06:53 [DEBUG] Finished processing sign request
2018/06/26 17:06:53 [DEBUG] DB: Getting identity orderer.pcxchg.com
2018/06/26 17:06:53 [DEBUG] Attribute extension being added to certificate is: &{ID:[1 2 3 4 5 6 7 8 1] Critical:false Value:7b226174747273223a7b2268662e416666696c696174696f6e223a226f726731222c2268662e456e726f6c6c6d656e744944223a226f7264657265722e7063786368672e636f6d222c2268662e54797065223a2275736572227d7d}
2018/06/26 17:06:53 [DEBUG] Adding attribute extension to CSR: &{ID:[1 2 3 4 5 6 7 8 1] Critical:false Value:7b226174747273223a7b2268662e416666696c696174696f6e223a226f726731222c2268662e456e726f6c6c6d656e744944223a226f7264657265722e7063786368672e636f6d222c2268662e54797065223a2275736572227d7d}
2018/06/26 17:06:53 [INFO] signed certificate with serial number 182163073055646731135547643667796245600474585617
2018/06/26 17:06:53 [DEBUG] DB: Insert Certificate
2018/06/26 17:06:53 [DEBUG] Saved serial number as hex 1fe87986436af8156d989fd65e39ad2912ad5a11
2018/06/26 17:06:53 [DEBUG] saved certificate with serial number 182163073055646731135547643667796245600474585617
2018/06/26 17:06:53 [DEBUG] Successfully incremented state for identity orderer.pcxchg.com to 1
2018/06/26 17:06:53 [INFO] [::1]:49457 POST /enroll 201 0 "OK"
2018/06/26 17:06:53 [DEBUG] Received request for /cainfo
2018/06/26 17:06:53 [INFO] [::1]:49460 POST /cainfo 200 0 "OK"
